[2023-11-01 00:32:03,999] 	INFO 	23 	id_data_v2.py 	<module>() 	ID Data Started
[2023-11-01 00:36:45,907] 	INFO 	120 	id_data_v2.py 	<module>() 	ID Data Ended
[2023-11-01 00:36:46,734] 	INFO 	26 	day_data.py 	<module>() 	Day Data Started
[2023-11-01 00:36:49,204] 	INFO 	72 	day_data.py 	<module>() 	Day Data Ended
[2023-11-01 00:36:49,204] 	INFO 	78 	day_data.py 	<module>() 	Day Data Fusion Started
[2023-11-01 00:36:51,715] 	INFO 	124 	day_data.py 	<module>() 	Day Data Fusion Ended
[2023-11-01 00:36:51,715] 	INFO 	131 	day_data.py 	<module>() 	Day Data Combined Started
[2023-11-01 00:36:55,235] 	INFO 	161 	day_data.py 	<module>() 	Day Data Combined Ended
[2023-11-01 00:36:56,371] 	INFO 	37 	pair_data.py 	<module>() 	Pair Data Started
[2023-11-01 00:38:18,730] 	INFO 	111 	pair_data.py 	<module>() 	Pair Data Ended
[2023-11-01 00:38:18,730] 	INFO 	127 	pair_data.py 	<module>() 	Pair Data Fusion Started
[2023-11-01 00:38:47,688] 	INFO 	194 	pair_data.py 	<module>() 	Pair Data Fusion Ended
[2023-11-01 00:38:47,688] 	INFO 	201 	pair_data.py 	<module>() 	Pair Data Combined Started
[2023-11-01 00:39:14,456] 	INFO 	231 	pair_data.py 	<module>() 	Pair Data Combined Ended
[2023-11-01 00:39:15,692] 	INFO 	38 	bribe_data.py 	<module>() 	Bribe Data Started
[2023-11-01 00:50:57,495] 	INFO 	146 	bribe_data.py 	<module>() 	Bribe Data Ended
[2023-11-01 00:50:58,714] 	INFO 	38 	fee_data.py 	<module>() 	Fee Data Started
[2023-11-01 01:02:19,514] 	INFO 	135 	fee_data.py 	<module>() 	Fee Data Ended
[2023-11-01 01:02:20,323] 	INFO 	24 	revenue_data.py 	<module>() 	Revenue Data Started
[2023-11-01 01:02:31,726] 	INFO 	72 	revenue_data.py 	<module>() 	Revenue Data Ended
[2023-11-01 01:02:32,483] 	INFO 	24 	revenue_data_v2.py 	<module>() 	Revenue Data Started
[2023-11-01 01:02:51,258] 	INFO 	86 	revenue_data_v2.py 	<module>() 	Revenue Data Ended
[2023-11-01 01:46:28,930] 	INFO 	23 	id_data_v2.py 	<module>() 	ID Data Started
[2023-11-01 01:49:33,051] 	INFO 	120 	id_data_v2.py 	<module>() 	ID Data Ended
[2023-11-01 01:49:34,006] 	INFO 	26 	day_data.py 	<module>() 	Day Data Started
[2023-11-01 01:49:36,655] 	INFO 	72 	day_data.py 	<module>() 	Day Data Ended
[2023-11-01 01:49:36,655] 	INFO 	78 	day_data.py 	<module>() 	Day Data Fusion Started
[2023-11-01 01:49:40,242] 	INFO 	124 	day_data.py 	<module>() 	Day Data Fusion Ended
[2023-11-01 01:49:40,242] 	INFO 	131 	day_data.py 	<module>() 	Day Data Combined Started
[2023-11-01 01:49:43,615] 	INFO 	161 	day_data.py 	<module>() 	Day Data Combined Ended
[2023-11-01 01:49:44,796] 	INFO 	37 	pair_data.py 	<module>() 	Pair Data Started
[2023-11-01 01:50:57,017] 	INFO 	111 	pair_data.py 	<module>() 	Pair Data Ended
[2023-11-01 01:50:57,017] 	INFO 	127 	pair_data.py 	<module>() 	Pair Data Fusion Started
[2023-11-01 01:51:21,783] 	INFO 	194 	pair_data.py 	<module>() 	Pair Data Fusion Ended
[2023-11-01 01:51:21,783] 	INFO 	201 	pair_data.py 	<module>() 	Pair Data Combined Started
[2023-11-01 01:51:36,576] 	INFO 	231 	pair_data.py 	<module>() 	Pair Data Combined Ended
[2023-11-01 01:51:37,837] 	INFO 	38 	bribe_data.py 	<module>() 	Bribe Data Started
[2023-11-01 01:59:35,639] 	INFO 	146 	bribe_data.py 	<module>() 	Bribe Data Ended
[2023-11-01 01:59:36,890] 	INFO 	38 	fee_data.py 	<module>() 	Fee Data Started
[2023-11-01 02:07:26,183] 	INFO 	135 	fee_data.py 	<module>() 	Fee Data Ended
[2023-11-01 02:07:27,062] 	INFO 	24 	revenue_data.py 	<module>() 	Revenue Data Started
[2023-11-01 02:07:38,181] 	INFO 	72 	revenue_data.py 	<module>() 	Revenue Data Ended
[2023-11-01 02:07:39,002] 	INFO 	24 	revenue_data_v2.py 	<module>() 	Revenue Data Started
[2023-11-01 02:07:50,221] 	INFO 	86 	revenue_data_v2.py 	<module>() 	Revenue Data Ended
[2023-11-01 02:18:53,146] 	INFO 	23 	id_data_v2.py 	<module>() 	ID Data Started
[2023-11-01 02:21:06,404] 	INFO 	120 	id_data_v2.py 	<module>() 	ID Data Ended
[2023-11-01 02:21:07,323] 	INFO 	26 	day_data.py 	<module>() 	Day Data Started
[2023-11-01 02:21:10,836] 	INFO 	72 	day_data.py 	<module>() 	Day Data Ended
[2023-11-01 02:21:10,837] 	INFO 	78 	day_data.py 	<module>() 	Day Data Fusion Started
[2023-11-01 02:21:13,767] 	INFO 	124 	day_data.py 	<module>() 	Day Data Fusion Ended
[2023-11-01 02:21:13,767] 	INFO 	131 	day_data.py 	<module>() 	Day Data Combined Started
[2023-11-01 02:21:16,600] 	INFO 	161 	day_data.py 	<module>() 	Day Data Combined Ended
[2023-11-01 02:21:17,691] 	INFO 	37 	pair_data.py 	<module>() 	Pair Data Started
[2023-11-01 02:22:33,849] 	INFO 	111 	pair_data.py 	<module>() 	Pair Data Ended
[2023-11-01 02:22:33,849] 	INFO 	127 	pair_data.py 	<module>() 	Pair Data Fusion Started
[2023-11-01 02:22:59,073] 	INFO 	194 	pair_data.py 	<module>() 	Pair Data Fusion Ended
[2023-11-01 02:22:59,073] 	INFO 	201 	pair_data.py 	<module>() 	Pair Data Combined Started
[2023-11-01 02:23:18,674] 	INFO 	231 	pair_data.py 	<module>() 	Pair Data Combined Ended
[2023-11-01 02:23:19,868] 	INFO 	38 	bribe_data.py 	<module>() 	Bribe Data Started
[2023-11-01 02:28:45,438] 	INFO 	146 	bribe_data.py 	<module>() 	Bribe Data Ended
[2023-11-01 02:28:46,676] 	INFO 	38 	fee_data.py 	<module>() 	Fee Data Started
[2023-11-01 02:29:32,028] 	ERROR 	137 	fee_data.py 	<module>() 	Error occurred during Fee Data process. Error: 429 Client Error: Too Many Requests for url: https://rpc.ankr.com/bsc
[2023-11-01 02:29:32,855] 	INFO 	24 	revenue_data.py 	<module>() 	Revenue Data Started
[2023-11-01 02:29:41,144] 	INFO 	72 	revenue_data.py 	<module>() 	Revenue Data Ended
[2023-11-01 02:29:41,945] 	INFO 	24 	revenue_data_v2.py 	<module>() 	Revenue Data Started
[2023-11-01 02:29:58,770] 	INFO 	86 	revenue_data_v2.py 	<module>() 	Revenue Data Ended
