[2025-03-01 01:08:19,298] 	INFO 	14 	id_data_v2.py 	<module>() 	ID Data Started
[2025-03-01 01:08:37,221] 	ERROR 	165 	id_data_v2.py 	<module>() 	Error occurred during ID Data process. Error: 429 Client Error: Too Many Requests for url: https://rpc.ankr.com/bsc
Traceback (most recent call last):
  File "id_data_v2.py", line 53, in <module>
    names.append({"name": contract_instance.functions.symbol().call(), "address": address})
  File "/opt/hostedtoolcache/Python/3.8.18/x64/lib/python3.8/site-packages/web3/contract.py", line 970, in call
    return call_contract_function(
  File "/opt/hostedtoolcache/Python/3.8.18/x64/lib/python3.8/site-packages/web3/contract.py", line 1525, in call_contract_function
    return_data = web3.eth.call(
  File "/opt/hostedtoolcache/Python/3.8.18/x64/lib/python3.8/site-packages/web3/module.py", line 57, in caller
    result = w3.manager.request_blocking(method_str,
  File "/opt/hostedtoolcache/Python/3.8.18/x64/lib/python3.8/site-packages/web3/manager.py", line 197, in request_blocking
    response = self._make_request(method, params)
  File "/opt/hostedtoolcache/Python/3.8.18/x64/lib/python3.8/site-packages/web3/manager.py", line 150, in _make_request
    return request_func(method, params)
  File "/opt/hostedtoolcache/Python/3.8.18/x64/lib/python3.8/site-packages/web3/middleware/formatting.py", line 94, in middleware
    response = make_request(method, params)
  File "/opt/hostedtoolcache/Python/3.8.18/x64/lib/python3.8/site-packages/web3/middleware/gas_price_strategy.py", line 90, in middleware
    return make_request(method, params)
  File "/opt/hostedtoolcache/Python/3.8.18/x64/lib/python3.8/site-packages/web3/middleware/formatting.py", line 94, in middleware
    response = make_request(method, params)
  File "/opt/hostedtoolcache/Python/3.8.18/x64/lib/python3.8/site-packages/web3/middleware/attrdict.py", line 33, in middleware
    response = make_request(method, params)
  File "/opt/hostedtoolcache/Python/3.8.18/x64/lib/python3.8/site-packages/web3/middleware/formatting.py", line 94, in middleware
    response = make_request(method, params)
  File "/opt/hostedtoolcache/Python/3.8.18/x64/lib/python3.8/site-packages/web3/middleware/formatting.py", line 94, in middleware
    response = make_request(method, params)
  File "/opt/hostedtoolcache/Python/3.8.18/x64/lib/python3.8/site-packages/web3/middleware/formatting.py", line 94, in middleware
    response = make_request(method, params)
  File "/opt/hostedtoolcache/Python/3.8.18/x64/lib/python3.8/site-packages/web3/middleware/buffered_gas_estimate.py", line 40, in middleware
    return make_request(method, params)
  File "/opt/hostedtoolcache/Python/3.8.18/x64/lib/python3.8/site-packages/web3/middleware/exception_retry_request.py", line 105, in middleware
    return make_request(method, params)
  File "/opt/hostedtoolcache/Python/3.8.18/x64/lib/python3.8/site-packages/web3/providers/rpc.py", line 88, in make_request
    raw_response = make_post_request(
  File "/opt/hostedtoolcache/Python/3.8.18/x64/lib/python3.8/site-packages/web3/_utils/request.py", line 113, in make_post_request
    response.raise_for_status()
  File "/opt/hostedtoolcache/Python/3.8.18/x64/lib/python3.8/site-packages/requests/models.py", line 1024, in raise_for_status
    raise HTTPError(http_error_msg, response=self)
requests.exceptions.HTTPError: 429 Client Error: Too Many Requests for url: https://rpc.ankr.com/bsc
[2025-03-01 01:08:38,025] 	INFO 	14 	id_data_v3.py 	<module>() 	ID Data Started
[2025-03-01 01:08:38,819] 	INFO 	40 	id_data_v3.py 	<module>() 	ID Data Ended
[2025-03-01 01:08:39,466] 	INFO 	19 	day_data.py 	<module>() 	Day Data Started
[2025-03-01 01:08:42,408] 	ERROR 	69 	day_data.py 	<module>() 	Data successfully appended to Google Sheets.
[2025-03-01 01:08:42,408] 	INFO 	80 	day_data.py 	<module>() 	Day Data Ended
[2025-03-01 01:08:42,408] 	INFO 	86 	day_data.py 	<module>() 	Day Data Fusion Started
[2025-03-01 01:08:45,116] 	ERROR 	145 	day_data.py 	<module>() 	Data successfully appended to Google Sheets.
[2025-03-01 01:08:45,116] 	INFO 	156 	day_data.py 	<module>() 	Day Data Fusion Ended
[2025-03-01 01:08:45,116] 	INFO 	163 	day_data.py 	<module>() 	Day Data Combined Started
[2025-03-01 01:08:50,110] 	ERROR 	196 	day_data.py 	<module>() 	Data successfully added to Google Sheets.
[2025-03-01 01:08:50,110] 	INFO 	207 	day_data.py 	<module>() 	Day Data Combined Ended
[2025-03-01 01:08:50,973] 	INFO 	31 	pair_data.py 	<module>() 	Pair Data Started
[2025-03-01 01:10:06,649] 	ERROR 	108 	pair_data.py 	<module>() 	Data successfully appended to Google Sheets.
[2025-03-01 01:10:06,649] 	INFO 	119 	pair_data.py 	<module>() 	Pair Data Ended
[2025-03-01 01:10:06,649] 	INFO 	136 	pair_data.py 	<module>() 	Pair Data Fusion Started
[2025-03-01 01:10:07,580] 	ERROR 	176 	pair_data.py 	<module>() 	Error occurred during Pair Data Fusion process. Pair: astERN-ERN, Address: 0xcB2B3d8239759b4ad1dFe6392Bc39DEe4F23303B, Error: "None of [Index(['id', 'date', 'tvlUSD', 'volumeUSD', 'volumeToken0', 'volumeToken1',\n       'token0Price', 'token1Price', 'feesUSD', '__typename'],\n      dtype='object')] are in the [columns]"
[2025-03-01 01:10:08,172] 	ERROR 	176 	pair_data.py 	<module>() 	Error occurred during Pair Data Fusion process. Pair: ajEUR-USDC, Address: 0x85B0533848E2a97069e2a5937fa927cA9133AF97, Error: "None of [Index(['id', 'date', 'tvlUSD', 'volumeUSD', 'volumeToken0', 'volumeToken1',\n       'token0Price', 'token1Price', 'feesUSD', '__typename'],\n      dtype='object')] are in the [columns]"
[2025-03-01 01:10:08,362] 	ERROR 	176 	pair_data.py 	<module>() 	Error occurred during Pair Data Fusion process. Pair: ajCHF-USDC, Address: 0x786C5B03C7A0a88A4cE6860a0D4aB2a1a0864e57, Error: "None of [Index(['id', 'date', 'tvlUSD', 'volumeUSD', 'volumeToken0', 'volumeToken1',\n       'token0Price', 'token1Price', 'feesUSD', '__typename'],\n      dtype='object')] are in the [columns]"
[2025-03-01 01:10:08,510] 	ERROR 	176 	pair_data.py 	<module>() 	Error occurred during Pair Data Fusion process. Pair: aankrBNB-XVS, Address: 0x0748fb34bcb68d2c055cDfCb9F5bcB3549FcB456, Error: "None of [Index(['id', 'date', 'tvlUSD', 'volumeUSD', 'volumeToken0', 'volumeToken1',\n       'token0Price', 'token1Price', 'feesUSD', '__typename'],\n      dtype='object')] are in the [columns]"
[2025-03-01 01:10:08,984] 	ERROR 	176 	pair_data.py 	<module>() 	Error occurred during Pair Data Fusion process. Pair: aXCAD-WBNB, Address: 0xe2624920C88b470B78EFAdfdE51Dd0E2C841934B, Error: "None of [Index(['id', 'date', 'tvlUSD', 'volumeUSD', 'volumeToken0', 'volumeToken1',\n       'token0Price', 'token1Price', 'feesUSD', '__typename'],\n      dtype='object')] are in the [columns]"
[2025-03-01 01:10:09,141] 	ERROR 	176 	pair_data.py 	<module>() 	Error occurred during Pair Data Fusion process. Pair: aXCAD-BUSD, Address: 0x0Cd7F0d5478FEFe59F2B9F5aBa623706f2924e77, Error: "None of [Index(['id', 'date', 'tvlUSD', 'volumeUSD', 'volumeToken0', 'volumeToken1',\n       'token0Price', 'token1Price', 'feesUSD', '__typename'],\n      dtype='object')] are in the [columns]"
[2025-03-01 01:10:09,283] 	ERROR 	176 	pair_data.py 	<module>() 	Error occurred during Pair Data Fusion process. Pair: aWUSDR-USDC, Address: 0x3f8062cf591a918Bc3B183fa241ec49efBd30e2b, Error: "None of [Index(['id', 'date', 'tvlUSD', 'volumeUSD', 'volumeToken0', 'volumeToken1',\n       'token0Price', 'token1Price', 'feesUSD', '__typename'],\n      dtype='object')] are in the [columns]"
[2025-03-01 01:10:10,330] 	ERROR 	176 	pair_data.py 	<module>() 	Error occurred during Pair Data Fusion process. Pair: aWBNB-STKBNB, Address: 0x84b78452A97C5afDa1400943333F691448069A29, Error: "None of [Index(['id', 'date', 'tvlUSD', 'volumeUSD', 'volumeToken0', 'volumeToken1',\n       'token0Price', 'token1Price', 'feesUSD', '__typename'],\n      dtype='object')] are in the [columns]"
[2025-03-01 01:10:10,826] 	ERROR 	176 	pair_data.py 	<module>() 	Error occurred during Pair Data Fusion process. Pair: aWBNB-RBNB, Address: 0x3cAd1CBA60f695Ec7FA522Ec486f55D77C270b18, Error: "None of [Index(['id', 'date', 'tvlUSD', 'volumeUSD', 'volumeToken0', 'volumeToken1',\n       'token0Price', 'token1Price', 'feesUSD', '__typename'],\n      dtype='object')] are in the [columns]"
[2025-03-01 01:10:11,174] 	ERROR 	176 	pair_data.py 	<module>() 	Error occurred during Pair Data Fusion process. Pair: aWBNB-LQDR, Address: 0x19934Ce0f772EC67873Bbd1127f173e6c79856a3, Error: "None of [Index(['id', 'date', 'tvlUSD', 'volumeUSD', 'volumeToken0', 'volumeToken1',\n       'token0Price', 'token1Price', 'feesUSD', '__typename'],\n      dtype='object')] are in the [columns]"
[2025-03-01 01:10:11,319] 	ERROR 	176 	pair_data.py 	<module>() 	Error occurred during Pair Data Fusion process. Pair: aWBNB-LPBNB, Address: 0x47600Bc3aE9b5b97ef92A55E550066944fE17670, Error: "None of [Index(['id', 'date', 'tvlUSD', 'volumeUSD', 'volumeToken0', 'volumeToken1',\n       'token0Price', 'token1Price', 'feesUSD', '__typename'],\n      dtype='object')] are in the [columns]"
[2025-03-01 01:10:11,612] 	ERROR 	176 	pair_data.py 	<module>() 	Error occurred during Pair Data Fusion process. Pair: aWBNB-ERN, Address: 0xc609daA86FF43F34Eef52C468CbC4934eF8D2502, Error: "None of [Index(['id', 'date', 'tvlUSD', 'volumeUSD', 'volumeToken0', 'volumeToken1',\n       'token0Price', 'token1Price', 'feesUSD', '__typename'],\n      dtype='object')] are in the [columns]"
[2025-03-01 01:10:11,747] 	ERROR 	176 	pair_data.py 	<module>() 	Error occurred during Pair Data Fusion process. Pair: aWBNB-EDU, Address: 0x4bD39cfb05545c4238316dA69eCadA1b4CaABC05, Error: "None of [Index(['id', 'date', 'tvlUSD', 'volumeUSD', 'volumeToken0', 'volumeToken1',\n       'token0Price', 'token1Price', 'feesUSD', '__typename'],\n      dtype='object')] are in the [columns]"
[2025-03-01 01:10:12,371] 	ERROR 	176 	pair_data.py 	<module>() 	Error occurred during Pair Data Fusion process. Pair: aWBNB-BIFI, Address: 0xCC0b8D28e7c31555a3889CDc05AF55bfF57c368A, Error: "None of [Index(['id', 'date', 'tvlUSD', 'volumeUSD', 'volumeToken0', 'volumeToken1',\n       'token0Price', 'token1Price', 'feesUSD', '__typename'],\n      dtype='object')] are in the [columns]"
[2025-03-01 01:10:12,783] 	ERROR 	176 	pair_data.py 	<module>() 	Error occurred during Pair Data Fusion process. Pair: aUSDT-USDV, Address: 0x739e561786C920D025d57eD99be5D4EcA3458E3E, Error: "None of [Index(['id', 'date', 'tvlUSD', 'volumeUSD', 'volumeToken0', 'volumeToken1',\n       'token0Price', 'token1Price', 'feesUSD', '__typename'],\n      dtype='object')] are in the [columns]"
[2025-03-01 01:10:13,380] 	ERROR 	176 	pair_data.py 	<module>() 	Error occurred during Pair Data Fusion process. Pair: aUSDT-PLAY, Address: 0xa7aBA8136C5758B47312233C684547B651FCF775, Error: "None of [Index(['id', 'date', 'tvlUSD', 'volumeUSD', 'volumeToken0', 'volumeToken1',\n       'token0Price', 'token1Price', 'feesUSD', '__typename'],\n      dtype='object')] are in the [columns]"
[2025-03-01 01:10:14,076] 	ERROR 	176 	pair_data.py 	<module>() 	Error occurred during Pair Data Fusion process. Pair: aUSDT-ERN, Address: 0x8DCDF3CbD3a588a2e2FB607BdC9180e4FefA583b, Error: "None of [Index(['id', 'date', 'tvlUSD', 'volumeUSD', 'volumeToken0', 'volumeToken1',\n       'token0Price', 'token1Price', 'feesUSD', '__typename'],\n      dtype='object')] are in the [columns]"
[2025-03-01 01:10:14,549] 	ERROR 	176 	pair_data.py 	<module>() 	Error occurred during Pair Data Fusion process. Pair: aUSDC-WUSDR, Address: 0xcbdE6C4f202eCc13267fD53913bc44B4Dd6eF998, Error: "None of [Index(['id', 'date', 'tvlUSD', 'volumeUSD', 'volumeToken0', 'volumeToken1',\n       'token0Price', 'token1Price', 'feesUSD', '__typename'],\n      dtype='object')] are in the [columns]"
[2025-03-01 01:10:15,229] 	ERROR 	176 	pair_data.py 	<module>() 	Error occurred during Pair Data Fusion process. Pair: aSTKBNB-THE, Address: 0xF1b7007694DBcba004DB73473CCa3c5aDd3803E4, Error: "None of [Index(['id', 'date', 'tvlUSD', 'volumeUSD', 'volumeToken0', 'volumeToken1',\n       'token0Price', 'token1Price', 'feesUSD', '__typename'],\n      dtype='object')] are in the [columns]"
[2025-03-01 01:10:16,178] 	ERROR 	176 	pair_data.py 	<module>() 	Error occurred during Pair Data Fusion process. Pair: aORBS-WBNB, Address: 0x130348553b3dEA5d65767Dc390eFF257F9a9181d, Error: "None of [Index(['id', 'date', 'tvlUSD', 'volumeUSD', 'volumeToken0', 'volumeToken1',\n       'token0Price', 'token1Price', 'feesUSD', '__typename'],\n      dtype='object')] are in the [columns]"
[2025-03-01 01:10:16,334] 	ERROR 	176 	pair_data.py 	<module>() 	Error occurred during Pair Data Fusion process. Pair: aOATH-ERN, Address: 0xDF5751BBEf0241878852253F8541A02c3Cbc2dd1, Error: "None of [Index(['id', 'date', 'tvlUSD', 'volumeUSD', 'volumeToken0', 'volumeToken1',\n       'token0Price', 'token1Price', 'feesUSD', '__typename'],\n      dtype='object')] are in the [columns]"
[2025-03-01 01:10:16,753] 	ERROR 	176 	pair_data.py 	<module>() 	Error occurred during Pair Data Fusion process. Pair: aLTC-WBNB, Address: 0x320e85137bB10157BB8BBB22a912D516f8296cb5, Error: "None of [Index(['id', 'date', 'tvlUSD', 'volumeUSD', 'volumeToken0', 'volumeToken1',\n       'token0Price', 'token1Price', 'feesUSD', '__typename'],\n      dtype='object')] are in the [columns]"
[2025-03-01 01:10:17,120] 	ERROR 	176 	pair_data.py 	<module>() 	Error occurred during Pair Data Fusion process. Pair: aJBRL-USDC, Address: 0xd63bBA6078a328b93758Cc7556e21D3380397D41, Error: "None of [Index(['id', 'date', 'tvlUSD', 'volumeUSD', 'volumeToken0', 'volumeToken1',\n       'token0Price', 'token1Price', 'feesUSD', '__typename'],\n      dtype='object')] are in the [columns]"
[2025-03-01 01:10:17,270] 	ERROR 	176 	pair_data.py 	<module>() 	Error occurred during Pair Data Fusion process. Pair: aID-WBNB, Address: 0xB66566fD115CAf17633504A5165a319F17D9F096, Error: "None of [Index(['id', 'date', 'tvlUSD', 'volumeUSD', 'volumeToken0', 'volumeToken1',\n       'token0Price', 'token1Price', 'feesUSD', '__typename'],\n      dtype='object')] are in the [columns]"
[2025-03-01 01:10:17,838] 	ERROR 	176 	pair_data.py 	<module>() 	Error occurred during Pair Data Fusion process. Pair: aHAY-FRAX, Address: 0x30F8542ede13c68c5B4ed2922401c8BA63d88e59, Error: "None of [Index(['id', 'date', 'tvlUSD', 'volumeUSD', 'volumeToken0', 'volumeToken1',\n       'token0Price', 'token1Price', 'feesUSD', '__typename'],\n      dtype='object')] are in the [columns]"
[2025-03-01 01:10:17,986] 	ERROR 	176 	pair_data.py 	<module>() 	Error occurred during Pair Data Fusion process. Pair: aGRAIN-WBNB, Address: 0x1f060bE9D1D3Bd3ACC5392aC066C6B437780ABe0, Error: "None of [Index(['id', 'date', 'tvlUSD', 'volumeUSD', 'volumeToken0', 'volumeToken1',\n       'token0Price', 'token1Price', 'feesUSD', '__typename'],\n      dtype='object')] are in the [columns]"
[2025-03-01 01:10:18,431] 	ERROR 	176 	pair_data.py 	<module>() 	Error occurred during Pair Data Fusion process. Pair: aFRXETH-WBETH, Address: 0x3bc0Fc25aD4456cdd4e4805ED89Ec0d80Db5e2c4, Error: "None of [Index(['id', 'date', 'tvlUSD', 'volumeUSD', 'volumeToken0', 'volumeToken1',\n       'token0Price', 'token1Price', 'feesUSD', '__typename'],\n      dtype='object')] are in the [columns]"
[2025-03-01 01:10:18,788] 	ERROR 	176 	pair_data.py 	<module>() 	Error occurred during Pair Data Fusion process. Pair: aFRAX-ERN, Address: 0x1C2D4F310aeA872C5BD55790D2D78Ca7B31992a3, Error: "None of [Index(['id', 'date', 'tvlUSD', 'volumeUSD', 'volumeToken0', 'volumeToken1',\n       'token0Price', 'token1Price', 'feesUSD', '__typename'],\n      dtype='object')] are in the [columns]"
[2025-03-01 01:10:19,246] 	ERROR 	176 	pair_data.py 	<module>() 	Error occurred during Pair Data Fusion process. Pair: aETH-inETH, Address: 0x52e3e02B5961292C388A1faE1ce4EaD724D4E806, Error: "None of [Index(['id', 'date', 'tvlUSD', 'volumeUSD', 'volumeToken0', 'volumeToken1',\n       'token0Price', 'token1Price', 'feesUSD', '__typename'],\n      dtype='object')] are in the [columns]"
[2025-03-01 01:10:19,832] 	ERROR 	176 	pair_data.py 	<module>() 	Error occurred during Pair Data Fusion process. Pair: aETH-STKBNB, Address: 0x8b41d72def3867E19f2285B45DA655e24928018F, Error: "None of [Index(['id', 'date', 'tvlUSD', 'volumeUSD', 'volumeToken0', 'volumeToken1',\n       'token0Price', 'token1Price', 'feesUSD', '__typename'],\n      dtype='object')] are in the [columns]"
[2025-03-01 01:10:20,422] 	ERROR 	176 	pair_data.py 	<module>() 	Error occurred during Pair Data Fusion process. Pair: aEQB-WBNB, Address: 0x89217690eb025Ef16124316f4A7884c13b30fb6F, Error: "None of [Index(['id', 'date', 'tvlUSD', 'volumeUSD', 'volumeToken0', 'volumeToken1',\n       'token0Price', 'token1Price', 'feesUSD', '__typename'],\n      dtype='object')] are in the [columns]"
[2025-03-01 01:10:21,549] 	ERROR 	176 	pair_data.py 	<module>() 	Error occurred during Pair Data Fusion process. Pair: aCASH-USDT, Address: 0x45F1Fdb00fB78174196Fa109A27Cdbd07f67F85e, Error: "None of [Index(['id', 'date', 'tvlUSD', 'volumeUSD', 'volumeToken0', 'volumeToken1',\n       'token0Price', 'token1Price', 'feesUSD', '__typename'],\n      dtype='object')] are in the [columns]"
[2025-03-01 01:10:22,496] 	ERROR 	176 	pair_data.py 	<module>() 	Error occurred during Pair Data Fusion process. Pair: aBNBX-THE, Address: 0x1335Ffc90516b022425dBcFe4eA3610aA45f6C3E, Error: "None of [Index(['id', 'date', 'tvlUSD', 'volumeUSD', 'volumeToken0', 'volumeToken1',\n       'token0Price', 'token1Price', 'feesUSD', '__typename'],\n      dtype='object')] are in the [columns]"
[2025-03-01 01:10:22,941] 	ERROR 	176 	pair_data.py 	<module>() 	Error occurred during Pair Data Fusion process. Pair: aBNBX-ERN, Address: 0xc7426Dce489E6b2d580Fd480Ef72D57e5d7643f5, Error: "None of [Index(['id', 'date', 'tvlUSD', 'volumeUSD', 'volumeToken0', 'volumeToken1',\n       'token0Price', 'token1Price', 'feesUSD', '__typename'],\n      dtype='object')] are in the [columns]"
[2025-03-01 01:10:23,537] 	ERROR 	176 	pair_data.py 	<module>() 	Error occurred during Pair Data Fusion process. Pair: aARKEN-WBNB, Address: 0xCB995DaE5238c1e08C7289b335c80ED8d129A46b, Error: "None of [Index(['id', 'date', 'tvlUSD', 'volumeUSD', 'volumeToken0', 'volumeToken1',\n       'token0Price', 'token1Price', 'feesUSD', '__typename'],\n      dtype='object')] are in the [columns]"
[2025-03-01 01:10:25,432] 	ERROR 	176 	pair_data.py 	<module>() 	Error occurred during Pair Data Fusion process. Pair: IV-8-THE a082, Address: 0x8929E532E551c82f5736aa18C78440691BC542D9, Error: "None of [Index(['id', 'date', 'tvlUSD', 'volumeUSD', 'volumeToken0', 'volumeToken1',\n       'token0Price', 'token1Price', 'feesUSD', '__typename'],\n      dtype='object')] are in the [columns]"
[2025-03-01 01:10:26,820] 	ERROR 	176 	pair_data.py 	<module>() 	Error occurred during Pair Data Fusion process. Pair: IV-36-THE Bc6a, Address: 0xFd60A2B164C86751Df65c8cf895F7b07e5A48C35, Error: "None of [Index(['id', 'date', 'tvlUSD', 'volumeUSD', 'volumeToken0', 'volumeToken1',\n       'token0Price', 'token1Price', 'feesUSD', '__typename'],\n      dtype='object')] are in the [columns]"
[2025-03-01 01:10:27,958] 	ERROR 	176 	pair_data.py 	<module>() 	Error occurred during Pair Data Fusion process. Pair: IV-11-THE 2ff5, Address: 0xe1Ad12B9f713710a8FFF593eB1c6E5F82d3C0b3E, Error: "None of [Index(['id', 'date', 'tvlUSD', 'volumeUSD', 'volumeToken0', 'volumeToken1',\n       'token0Price', 'token1Price', 'feesUSD', '__typename'],\n      dtype='object')] are in the [columns]"
[2025-03-01 01:10:28,123] 	ERROR 	176 	pair_data.py 	<module>() 	Error occurred during Pair Data Fusion process. Pair: DEShare E25c, Address: 0x52ddB7BD7CA73a20b6334cC08fCACa9906992a15, Error: "None of [Index(['id', 'date', 'tvlUSD', 'volumeUSD', 'volumeToken0', 'volumeToken1',\n       'token0Price', 'token1Price', 'feesUSD', '__typename'],\n      dtype='object')] are in the [columns]"
[2025-03-01 01:10:28,313] 	ERROR 	176 	pair_data.py 	<module>() 	Error occurred during Pair Data Fusion process. Pair: DEShare A2bB, Address: 0x9545d5399E50a8d9B9bE239BD7117b5655a9A45D, Error: "None of [Index(['id', 'date', 'tvlUSD', 'volumeUSD', 'volumeToken0', 'volumeToken1',\n       'token0Price', 'token1Price', 'feesUSD', '__typename'],\n      dtype='object')] are in the [columns]"
[2025-03-01 01:10:28,453] 	ERROR 	176 	pair_data.py 	<module>() 	Error occurred during Pair Data Fusion process. Pair: DEShare 638a, Address: 0xaB3790c5FaB8AFf0A41640Eb2c7b280289c657E5, Error: "None of [Index(['id', 'date', 'tvlUSD', 'volumeUSD', 'volumeToken0', 'volumeToken1',\n       'token0Price', 'token1Price', 'feesUSD', '__typename'],\n      dtype='object')] are in the [columns]"
[2025-03-01 01:10:28,838] 	ERROR 	176 	pair_data.py 	<module>() 	Error occurred during Pair Data Fusion process. Pair: DEShare 31eD, Address: 0x37CbdBb97C34ba577ADbFbB80b517cD6caB636E8, Error: "None of [Index(['id', 'date', 'tvlUSD', 'volumeUSD', 'volumeToken0', 'volumeToken1',\n       'token0Price', 'token1Price', 'feesUSD', '__typename'],\n      dtype='object')] are in the [columns]"
[2025-03-01 01:10:44,151] 	ERROR 	215 	pair_data.py 	<module>() 	Data successfully appended to Google Sheets.
[2025-03-01 01:10:44,151] 	INFO 	226 	pair_data.py 	<module>() 	Pair Data Fusion Ended
[2025-03-01 01:10:44,151] 	INFO 	233 	pair_data.py 	<module>() 	Pair Data Combined Started
[2025-03-01 01:11:39,257] 	ERROR 	279 	pair_data.py 	<module>() 	Data successfully added to Google Sheets.
[2025-03-01 01:11:39,257] 	INFO 	290 	pair_data.py 	<module>() 	Pair Data Combined Ended
[2025-03-01 01:11:40,178] 	INFO 	31 	bribe_data.py 	<module>() 	Bribe Data Started
[2025-03-01 01:11:41,501] 	ERROR 	78 	bribe_data.py 	<module>() 	Error occurred while fetching bribes from https://rpc.ankr.com/bsc for sAMM-USDC/BUSD: 429 Client Error: Too Many Requests for url: https://rpc.ankr.com/bsc
[2025-03-01 01:11:42,993] 	ERROR 	78 	bribe_data.py 	<module>() 	Error occurred while fetching bribes from https://rpc.ankr.com/bsc for sAMM-MAI/FRAX: 429 Client Error: Too Many Requests for url: https://rpc.ankr.com/bsc
[2025-03-01 01:11:44,946] 	ERROR 	78 	bribe_data.py 	<module>() 	Error occurred while fetching bribes from https://binance.llamarpc.com for sAMM-MAI/FRAX: 429 Client Error: Too Many Requests for url: https://binance.llamarpc.com/
[2025-03-01 01:11:50,049] 	ERROR 	78 	bribe_data.py 	<module>() 	Error occurred while fetching bribes from https://rpc.ankr.com/bsc for vAMM-ETH/LIBERA: 429 Client Error: Too Many Requests for url: https://rpc.ankr.com/bsc
[2025-03-01 01:11:50,137] 	ERROR 	78 	bribe_data.py 	<module>() 	Error occurred while fetching bribes from https://binance.llamarpc.com for vAMM-ETH/LIBERA: 429 Client Error: Too Many Requests for url: https://binance.llamarpc.com/
[2025-03-01 01:11:53,456] 	ERROR 	78 	bribe_data.py 	<module>() 	Error occurred while fetching bribes from https://rpc.ankr.com/bsc for astERN-ERN d9F9: 429 Client Error: Too Many Requests for url: https://rpc.ankr.com/bsc
[2025-03-01 01:11:53,545] 	ERROR 	78 	bribe_data.py 	<module>() 	Error occurred while fetching bribes from https://binance.llamarpc.com for astERN-ERN d9F9: 429 Client Error: Too Many Requests for url: https://binance.llamarpc.com/
[2025-03-01 01:11:57,173] 	ERROR 	78 	bribe_data.py 	<module>() 	Error occurred while fetching bribes from https://rpc.ankr.com/bsc for vAMM-HAY/BUSD: 429 Client Error: Too Many Requests for url: https://rpc.ankr.com/bsc
[2025-03-01 01:11:58,932] 	ERROR 	78 	bribe_data.py 	<module>() 	Error occurred while fetching bribes from https://rpc.ankr.com/bsc for vAMM-FRAX/BUSD: 429 Client Error: Too Many Requests for url: https://rpc.ankr.com/bsc
[2025-03-01 01:12:00,954] 	ERROR 	78 	bribe_data.py 	<module>() 	Error occurred while fetching bribes from https://rpc.ankr.com/bsc for sAMM-FRAX/FXS: 429 Client Error: Too Many Requests for url: https://rpc.ankr.com/bsc
[2025-03-01 01:12:01,951] 	ERROR 	78 	bribe_data.py 	<module>() 	Error occurred while fetching bribes from https://binance.llamarpc.com for sAMM-FRAX/FXS: 429 Client Error: Too Many Requests for url: https://binance.llamarpc.com/
[2025-03-01 01:12:05,863] 	ERROR 	78 	bribe_data.py 	<module>() 	Error occurred while fetching bribes from https://rpc.ankr.com/bsc for aID-ANKRBNB 32c6: 429 Client Error: Too Many Requests for url: https://rpc.ankr.com/bsc
[2025-03-01 01:12:05,944] 	ERROR 	78 	bribe_data.py 	<module>() 	Error occurred while fetching bribes from https://binance.llamarpc.com for aID-ANKRBNB 32c6: 429 Client Error: Too Many Requests for url: https://binance.llamarpc.com/
[2025-03-01 01:12:09,526] 	ERROR 	78 	bribe_data.py 	<module>() 	Error occurred while fetching bribes from https://rpc.ankr.com/bsc for auniBTC-BTCB 5E0a: 429 Client Error: Too Many Requests for url: https://rpc.ankr.com/bsc
[2025-03-01 01:12:09,602] 	ERROR 	78 	bribe_data.py 	<module>() 	Error occurred while fetching bribes from https://binance.llamarpc.com for auniBTC-BTCB 5E0a: 429 Client Error: Too Many Requests for url: https://binance.llamarpc.com/
[2025-03-01 01:12:13,052] 	ERROR 	78 	bribe_data.py 	<module>() 	Error occurred while fetching bribes from https://rpc.ankr.com/bsc for vAMM-IDIA/BUSD: 429 Client Error: Too Many Requests for url: https://rpc.ankr.com/bsc
[2025-03-01 01:12:15,122] 	ERROR 	78 	bribe_data.py 	<module>() 	Error occurred while fetching bribes from https://rpc.ankr.com/bsc for vAMM-frxETH/FRAX: 429 Client Error: Too Many Requests for url: https://rpc.ankr.com/bsc
[2025-03-01 01:12:17,228] 	ERROR 	78 	bribe_data.py 	<module>() 	Error occurred while fetching bribes from https://binance.llamarpc.com for vAMM-frxETH/FRAX: 429 Client Error: Too Many Requests for url: https://binance.llamarpc.com/
[2025-03-01 01:12:21,535] 	ERROR 	78 	bribe_data.py 	<module>() 	Error occurred while fetching bribes from https://rpc.ankr.com/bsc for aBNBX-ETH 2e3d: 429 Client Error: Too Many Requests for url: https://rpc.ankr.com/bsc
[2025-03-01 01:12:21,606] 	ERROR 	78 	bribe_data.py 	<module>() 	Error occurred while fetching bribes from https://binance.llamarpc.com for aBNBX-ETH 2e3d: 429 Client Error: Too Many Requests for url: https://binance.llamarpc.com/
[2025-03-01 01:12:25,400] 	ERROR 	78 	bribe_data.py 	<module>() 	Error occurred while fetching bribes from https://rpc.ankr.com/bsc for aDAO-ankrBNB 0fB0: 429 Client Error: Too Many Requests for url: https://rpc.ankr.com/bsc
[2025-03-01 01:12:25,481] 	ERROR 	78 	bribe_data.py 	<module>() 	Error occurred while fetching bribes from https://binance.llamarpc.com for aDAO-ankrBNB 0fB0: 429 Client Error: Too Many Requests for url: https://binance.llamarpc.com/
[2025-03-01 01:12:28,807] 	ERROR 	78 	bribe_data.py 	<module>() 	Error occurred while fetching bribes from https://rpc.ankr.com/bsc for ajEUR-USDC b314: 429 Client Error: Too Many Requests for url: https://rpc.ankr.com/bsc
[2025-03-01 01:12:30,892] 	ERROR 	78 	bribe_data.py 	<module>() 	Error occurred while fetching bribes from https://rpc.ankr.com/bsc for vAMM-USDC/WBNB: 429 Client Error: Too Many Requests for url: https://rpc.ankr.com/bsc
[2025-03-01 01:12:32,428] 	ERROR 	78 	bribe_data.py 	<module>() 	Error occurred while fetching bribes from https://rpc.ankr.com/bsc for vAMM-TWT/WBNB: 429 Client Error: Too Many Requests for url: https://rpc.ankr.com/bsc
[2025-03-01 01:12:33,547] 	ERROR 	78 	bribe_data.py 	<module>() 	Error occurred while fetching bribes from https://binance.llamarpc.com for vAMM-TWT/WBNB: 429 Client Error: Too Many Requests for url: https://binance.llamarpc.com/
[2025-03-01 01:12:37,092] 	ERROR 	78 	bribe_data.py 	<module>() 	Error occurred while fetching bribes from https://rpc.ankr.com/bsc for aDAO-BUSD 988B: 429 Client Error: Too Many Requests for url: https://rpc.ankr.com/bsc
[2025-03-01 01:12:37,176] 	ERROR 	78 	bribe_data.py 	<module>() 	Error occurred while fetching bribes from https://binance.llamarpc.com for aDAO-BUSD 988B: 429 Client Error: Too Many Requests for url: https://binance.llamarpc.com/
[2025-03-01 01:12:40,106] 	ERROR 	78 	bribe_data.py 	<module>() 	Error occurred while fetching bribes from https://rpc.ankr.com/bsc for vAMM-TAROT/BUSD: 429 Client Error: Too Many Requests for url: https://rpc.ankr.com/bsc
[2025-03-01 01:12:40,220] 	ERROR 	78 	bribe_data.py 	<module>() 	Error occurred while fetching bribes from https://binance.llamarpc.com for vAMM-TAROT/BUSD: 429 Client Error: Too Many Requests for url: https://binance.llamarpc.com/
[2025-03-01 01:12:43,298] 	ERROR 	78 	bribe_data.py 	<module>() 	Error occurred while fetching bribes from https://rpc.ankr.com/bsc for vAMM-FITFI/WBNB: 429 Client Error: Too Many Requests for url: https://rpc.ankr.com/bsc
[2025-03-01 01:12:48,916] 	ERROR 	78 	bribe_data.py 	<module>() 	Error occurred while fetching bribes from https://rpc.ankr.com/bsc for vAMM-GHNY/THE: 429 Client Error: Too Many Requests for url: https://rpc.ankr.com/bsc
[2025-03-01 01:12:52,231] 	ERROR 	78 	bribe_data.py 	<module>() 	Error occurred while fetching bribes from https://rpc.ankr.com/bsc for vAMM-MAI/WBNB: 429 Client Error: Too Many Requests for url: https://rpc.ankr.com/bsc
[2025-03-01 01:12:53,801] 	ERROR 	78 	bribe_data.py 	<module>() 	Error occurred while fetching bribes from https://binance.llamarpc.com for vAMM-MAI/WBNB: 429 Client Error: Too Many Requests for url: https://binance.llamarpc.com/
[2025-03-01 01:12:58,020] 	ERROR 	78 	bribe_data.py 	<module>() 	Error occurred while fetching bribes from https://rpc.ankr.com/bsc for aBTCB-FRAX 3CAE: 429 Client Error: Too Many Requests for url: https://rpc.ankr.com/bsc
[2025-03-01 01:12:58,094] 	ERROR 	78 	bribe_data.py 	<module>() 	Error occurred while fetching bribes from https://binance.llamarpc.com for aBTCB-FRAX 3CAE: 429 Client Error: Too Many Requests for url: https://binance.llamarpc.com/
[2025-03-01 01:13:01,735] 	ERROR 	78 	bribe_data.py 	<module>() 	Error occurred while fetching bribes from https://rpc.ankr.com/bsc for vAMM-ankrBNB/ankrETH: 429 Client Error: Too Many Requests for url: https://rpc.ankr.com/bsc
[2025-03-01 01:13:01,824] 	ERROR 	78 	bribe_data.py 	<module>() 	Error occurred while fetching bribes from https://binance.llamarpc.com for vAMM-ankrBNB/ankrETH: 429 Client Error: Too Many Requests for url: https://binance.llamarpc.com/
[2025-03-01 01:13:05,052] 	ERROR 	78 	bribe_data.py 	<module>() 	Error occurred while fetching bribes from https://rpc.ankr.com/bsc for sAMM-HAY/CUSD: 429 Client Error: Too Many Requests for url: https://rpc.ankr.com/bsc
[2025-03-01 01:13:07,014] 	ERROR 	78 	bribe_data.py 	<module>() 	Error occurred while fetching bribes from https://rpc.ankr.com/bsc for aXCAD-BUSD 3613: 429 Client Error: Too Many Requests for url: https://rpc.ankr.com/bsc
[2025-03-01 01:13:08,402] 	ERROR 	78 	bribe_data.py 	<module>() 	Error occurred while fetching bribes from https://binance.llamarpc.com for aXCAD-BUSD 3613: 429 Client Error: Too Many Requests for url: https://binance.llamarpc.com/
[2025-03-01 01:13:11,683] 	ERROR 	78 	bribe_data.py 	<module>() 	Error occurred while fetching bribes from https://rpc.ankr.com/bsc for vAMM-ETH/CHAM: 429 Client Error: Too Many Requests for url: https://rpc.ankr.com/bsc
[2025-03-01 01:13:11,751] 	ERROR 	78 	bribe_data.py 	<module>() 	Error occurred while fetching bribes from https://binance.llamarpc.com for vAMM-ETH/CHAM: 429 Client Error: Too Many Requests for url: https://binance.llamarpc.com/
[2025-03-01 01:13:15,002] 	ERROR 	78 	bribe_data.py 	<module>() 	Error occurred while fetching bribes from https://rpc.ankr.com/bsc for auniBTC-FBTC e40b: 429 Client Error: Too Many Requests for url: https://rpc.ankr.com/bsc
[2025-03-01 01:13:15,073] 	ERROR 	78 	bribe_data.py 	<module>() 	Error occurred while fetching bribes from https://binance.llamarpc.com for auniBTC-FBTC e40b: 429 Client Error: Too Many Requests for url: https://binance.llamarpc.com/
[2025-03-01 01:13:18,487] 	ERROR 	78 	bribe_data.py 	<module>() 	Error occurred while fetching bribes from https://rpc.ankr.com/bsc for aynBNBx-WBNB 7e0F: 429 Client Error: Too Many Requests for url: https://rpc.ankr.com/bsc
[2025-03-01 01:13:20,597] 	ERROR 	78 	bribe_data.py 	<module>() 	Error occurred while fetching bribes from https://rpc.ankr.com/bsc for IV-45-THE 1B9C: 429 Client Error: Too Many Requests for url: https://rpc.ankr.com/bsc
[2025-03-01 01:13:23,327] 	ERROR 	78 	bribe_data.py 	<module>() 	Error occurred while fetching bribes from https://rpc.ankr.com/bsc for vAMM-FRAX/FXS: 429 Client Error: Too Many Requests for url: https://rpc.ankr.com/bsc
[2025-03-01 01:13:23,612] 	ERROR 	78 	bribe_data.py 	<module>() 	Error occurred while fetching bribes from https://binance.llamarpc.com for vAMM-FRAX/FXS: 429 Client Error: Too Many Requests for url: https://binance.llamarpc.com/
[2025-03-01 01:13:27,299] 	ERROR 	78 	bribe_data.py 	<module>() 	Error occurred while fetching bribes from https://rpc.ankr.com/bsc for aSOLV-WBNB 62fb: 429 Client Error: Too Many Requests for url: https://rpc.ankr.com/bsc
[2025-03-01 01:13:27,415] 	ERROR 	78 	bribe_data.py 	<module>() 	Error occurred while fetching bribes from https://binance.llamarpc.com for aSOLV-WBNB 62fb: 429 Client Error: Too Many Requests for url: https://binance.llamarpc.com/
[2025-03-01 01:13:30,404] 	ERROR 	78 	bribe_data.py 	<module>() 	Error occurred while fetching bribes from https://rpc.ankr.com/bsc for DEShare 9287: 429 Client Error: Too Many Requests for url: https://rpc.ankr.com/bsc
[2025-03-01 01:13:30,482] 	ERROR 	78 	bribe_data.py 	<module>() 	Error occurred while fetching bribes from https://binance.llamarpc.com for DEShare 9287: 429 Client Error: Too Many Requests for url: https://binance.llamarpc.com/
[2025-03-01 01:13:33,619] 	ERROR 	78 	bribe_data.py 	<module>() 	Error occurred while fetching bribes from https://rpc.ankr.com/bsc for sAMM-uniBTC/brBTC: 429 Client Error: Too Many Requests for url: https://rpc.ankr.com/bsc
[2025-03-01 01:13:35,710] 	ERROR 	78 	bribe_data.py 	<module>() 	Error occurred while fetching bribes from https://rpc.ankr.com/bsc for aANKRBNB-RDNT 97e8: 429 Client Error: Too Many Requests for url: https://rpc.ankr.com/bsc
[2025-03-01 01:13:36,523] 	ERROR 	78 	bribe_data.py 	<module>() 	Error occurred while fetching bribes from https://binance.llamarpc.com for aANKRBNB-RDNT 97e8: 429 Client Error: Too Many Requests for url: https://binance.llamarpc.com/
[2025-03-01 01:13:41,018] 	ERROR 	78 	bribe_data.py 	<module>() 	Error occurred while fetching bribes from https://rpc.ankr.com/bsc for vAMM-HAY/WBNB: 429 Client Error: Too Many Requests for url: https://rpc.ankr.com/bsc
[2025-03-01 01:13:41,089] 	ERROR 	78 	bribe_data.py 	<module>() 	Error occurred while fetching bribes from https://binance.llamarpc.com for vAMM-HAY/WBNB: 429 Client Error: Too Many Requests for url: https://binance.llamarpc.com/
[2025-03-01 01:13:44,147] 	ERROR 	78 	bribe_data.py 	<module>() 	Error occurred while fetching bribes from https://rpc.ankr.com/bsc for vAMM-DOLA/WBNB: 429 Client Error: Too Many Requests for url: https://rpc.ankr.com/bsc
[2025-03-01 01:13:44,235] 	ERROR 	78 	bribe_data.py 	<module>() 	Error occurred while fetching bribes from https://binance.llamarpc.com for vAMM-DOLA/WBNB: 429 Client Error: Too Many Requests for url: https://binance.llamarpc.com/
[2025-03-01 01:13:47,289] 	ERROR 	78 	bribe_data.py 	<module>() 	Error occurred while fetching bribes from https://rpc.ankr.com/bsc for IV-38-THE E62E: 429 Client Error: Too Many Requests for url: https://rpc.ankr.com/bsc
[2025-03-01 01:13:49,527] 	ERROR 	78 	bribe_data.py 	<module>() 	Error occurred while fetching bribes from https://rpc.ankr.com/bsc for DEShare 6613: 429 Client Error: Too Many Requests for url: https://rpc.ankr.com/bsc
[2025-03-01 01:13:51,302] 	ERROR 	78 	bribe_data.py 	<module>() 	Error occurred while fetching bribes from https://rpc.ankr.com/bsc for sAMM-MORE/USDT: 429 Client Error: Too Many Requests for url: https://rpc.ankr.com/bsc
[2025-03-01 01:13:53,298] 	ERROR 	78 	bribe_data.py 	<module>() 	Error occurred while fetching bribes from https://binance.llamarpc.com for sAMM-MORE/USDT: 429 Client Error: Too Many Requests for url: https://binance.llamarpc.com/
[2025-03-01 01:13:56,917] 	ERROR 	78 	bribe_data.py 	<module>() 	Error occurred while fetching bribes from https://rpc.ankr.com/bsc for vAMM-USDV/USDC: 429 Client Error: Too Many Requests for url: https://rpc.ankr.com/bsc
[2025-03-01 01:13:57,002] 	ERROR 	78 	bribe_data.py 	<module>() 	Error occurred while fetching bribes from https://binance.llamarpc.com for vAMM-USDV/USDC: 429 Client Error: Too Many Requests for url: https://binance.llamarpc.com/
[2025-03-01 01:14:00,037] 	ERROR 	78 	bribe_data.py 	<module>() 	Error occurred while fetching bribes from https://rpc.ankr.com/bsc for aANKRBNB-ANKR eE80: 429 Client Error: Too Many Requests for url: https://rpc.ankr.com/bsc
[2025-03-01 01:14:00,102] 	ERROR 	78 	bribe_data.py 	<module>() 	Error occurred while fetching bribes from https://binance.llamarpc.com for aANKRBNB-ANKR eE80: 429 Client Error: Too Many Requests for url: https://binance.llamarpc.com/
[2025-03-01 01:14:03,518] 	ERROR 	78 	bribe_data.py 	<module>() 	Error occurred while fetching bribes from https://rpc.ankr.com/bsc for vAMM-TAROT/WBNB: 429 Client Error: Too Many Requests for url: https://rpc.ankr.com/bsc
[2025-03-01 01:14:05,617] 	ERROR 	78 	bribe_data.py 	<module>() 	Error occurred while fetching bribes from https://rpc.ankr.com/bsc for sAMM-GHNY/WBNB: 429 Client Error: Too Many Requests for url: https://rpc.ankr.com/bsc
[2025-03-01 01:14:06,891] 	ERROR 	78 	bribe_data.py 	<module>() 	Error occurred while fetching bribes from https://binance.llamarpc.com for sAMM-GHNY/WBNB: 429 Client Error: Too Many Requests for url: https://binance.llamarpc.com/
[2025-03-01 01:14:10,398] 	ERROR 	78 	bribe_data.py 	<module>() 	Error occurred while fetching bribes from https://rpc.ankr.com/bsc for aAITECH-WBNB 27B6: 429 Client Error: Too Many Requests for url: https://rpc.ankr.com/bsc
[2025-03-01 01:14:10,473] 	ERROR 	78 	bribe_data.py 	<module>() 	Error occurred while fetching bribes from https://binance.llamarpc.com for aAITECH-WBNB 27B6: 429 Client Error: Too Many Requests for url: https://binance.llamarpc.com/
[2025-03-01 01:14:13,285] 	ERROR 	78 	bribe_data.py 	<module>() 	Error occurred while fetching bribes from https://rpc.ankr.com/bsc for IV-25-THE d02E: 429 Client Error: Too Many Requests for url: https://rpc.ankr.com/bsc
[2025-03-01 01:14:13,374] 	ERROR 	78 	bribe_data.py 	<module>() 	Error occurred while fetching bribes from https://binance.llamarpc.com for IV-25-THE d02E: 429 Client Error: Too Many Requests for url: https://binance.llamarpc.com/
[2025-03-01 01:14:16,506] 	ERROR 	78 	bribe_data.py 	<module>() 	Error occurred while fetching bribes from https://rpc.ankr.com/bsc for vAMM-XCAD/BUSD: 429 Client Error: Too Many Requests for url: https://rpc.ankr.com/bsc
[2025-03-01 01:14:18,981] 	ERROR 	78 	bribe_data.py 	<module>() 	Error occurred while fetching bribes from https://rpc.ankr.com/bsc for aTWT-WBNB 5196: 429 Client Error: Too Many Requests for url: https://rpc.ankr.com/bsc
[2025-03-01 01:14:20,800] 	ERROR 	78 	bribe_data.py 	<module>() 	Error occurred while fetching bribes from https://rpc.ankr.com/bsc for vAMM-XCAD/WBNB OLD: 429 Client Error: Too Many Requests for url: https://rpc.ankr.com/bsc
[2025-03-01 01:14:22,553] 	ERROR 	78 	bribe_data.py 	<module>() 	Error occurred while fetching bribes from https://binance.llamarpc.com for vAMM-XCAD/WBNB OLD: 429 Client Error: Too Many Requests for url: https://binance.llamarpc.com/
[2025-03-01 01:14:26,181] 	ERROR 	78 	bribe_data.py 	<module>() 	Error occurred while fetching bribes from https://rpc.ankr.com/bsc for IV-24-THE 9302: 429 Client Error: Too Many Requests for url: https://rpc.ankr.com/bsc
[2025-03-01 01:14:26,245] 	ERROR 	78 	bribe_data.py 	<module>() 	Error occurred while fetching bribes from https://binance.llamarpc.com for IV-24-THE 9302: 429 Client Error: Too Many Requests for url: https://binance.llamarpc.com/
[2025-03-01 01:14:29,747] 	ERROR 	78 	bribe_data.py 	<module>() 	Error occurred while fetching bribes from https://rpc.ankr.com/bsc for vAMM-cpTHE/THE: 429 Client Error: Too Many Requests for url: https://rpc.ankr.com/bsc
[2025-03-01 01:14:29,836] 	ERROR 	78 	bribe_data.py 	<module>() 	Error occurred while fetching bribes from https://binance.llamarpc.com for vAMM-cpTHE/THE: 429 Client Error: Too Many Requests for url: https://binance.llamarpc.com/
[2025-03-01 01:14:33,037] 	ERROR 	78 	bribe_data.py 	<module>() 	Error occurred while fetching bribes from https://rpc.ankr.com/bsc for aWBNB-DEUS 03CA: 429 Client Error: Too Many Requests for url: https://rpc.ankr.com/bsc
[2025-03-01 01:14:34,818] 	ERROR 	78 	bribe_data.py 	<module>() 	Error occurred while fetching bribes from https://rpc.ankr.com/bsc for IV-6-THE BA13: 429 Client Error: Too Many Requests for url: https://rpc.ankr.com/bsc
[2025-03-01 01:14:36,083] 	ERROR 	78 	bribe_data.py 	<module>() 	Error occurred while fetching bribes from https://binance.llamarpc.com for IV-6-THE BA13: 429 Client Error: Too Many Requests for url: https://binance.llamarpc.com/
[2025-03-01 01:14:39,514] 	ERROR 	78 	bribe_data.py 	<module>() 	Error occurred while fetching bribes from https://rpc.ankr.com/bsc for IV-34-THE D089: 429 Client Error: Too Many Requests for url: https://rpc.ankr.com/bsc
[2025-03-01 01:14:39,589] 	ERROR 	78 	bribe_data.py 	<module>() 	Error occurred while fetching bribes from https://binance.llamarpc.com for IV-34-THE D089: 429 Client Error: Too Many Requests for url: https://binance.llamarpc.com/
[2025-03-01 01:14:42,939] 	ERROR 	78 	bribe_data.py 	<module>() 	Error occurred while fetching bribes from https://rpc.ankr.com/bsc for aFIL-WBNB 19B5: 429 Client Error: Too Many Requests for url: https://rpc.ankr.com/bsc
[2025-03-01 01:14:43,010] 	ERROR 	78 	bribe_data.py 	<module>() 	Error occurred while fetching bribes from https://binance.llamarpc.com for aFIL-WBNB 19B5: 429 Client Error: Too Many Requests for url: https://binance.llamarpc.com/
[2025-03-01 01:14:45,881] 	ERROR 	78 	bribe_data.py 	<module>() 	Error occurred while fetching bribes from https://rpc.ankr.com/bsc for IV-39-THE EB04: 429 Client Error: Too Many Requests for url: https://rpc.ankr.com/bsc
[2025-03-01 01:14:47,738] 	ERROR 	78 	bribe_data.py 	<module>() 	Error occurred while fetching bribes from https://rpc.ankr.com/bsc for aANDY-WBNB B254: 429 Client Error: Too Many Requests for url: https://rpc.ankr.com/bsc
[2025-03-01 01:14:49,383] 	ERROR 	78 	bribe_data.py 	<module>() 	Error occurred while fetching bribes from https://rpc.ankr.com/bsc for IV-42-THE d5bb: 429 Client Error: Too Many Requests for url: https://rpc.ankr.com/bsc
[2025-03-01 01:14:50,203] 	ERROR 	78 	bribe_data.py 	<module>() 	Error occurred while fetching bribes from https://binance.llamarpc.com for IV-42-THE d5bb: 429 Client Error: Too Many Requests for url: https://binance.llamarpc.com/
[2025-03-01 01:14:55,090] 	ERROR 	78 	bribe_data.py 	<module>() 	Error occurred while fetching bribes from https://rpc.ankr.com/bsc for sAMM-DOLA/FRAX: 429 Client Error: Too Many Requests for url: https://rpc.ankr.com/bsc
[2025-03-01 01:14:55,174] 	ERROR 	78 	bribe_data.py 	<module>() 	Error occurred while fetching bribes from https://binance.llamarpc.com for sAMM-DOLA/FRAX: 429 Client Error: Too Many Requests for url: https://binance.llamarpc.com/
[2025-03-01 01:14:59,036] 	ERROR 	78 	bribe_data.py 	<module>() 	Error occurred while fetching bribes from https://rpc.ankr.com/bsc for aWBNB-BLOCK 5DD2: 429 Client Error: Too Many Requests for url: https://rpc.ankr.com/bsc
[2025-03-01 01:14:59,123] 	ERROR 	78 	bribe_data.py 	<module>() 	Error occurred while fetching bribes from https://binance.llamarpc.com for aWBNB-BLOCK 5DD2: 429 Client Error: Too Many Requests for url: https://binance.llamarpc.com/
[2025-03-01 01:15:02,304] 	ERROR 	78 	bribe_data.py 	<module>() 	Error occurred while fetching bribes from https://rpc.ankr.com/bsc for asolvBTC-BTCB 0995: 429 Client Error: Too Many Requests for url: https://rpc.ankr.com/bsc
[2025-03-01 01:15:04,529] 	ERROR 	78 	bribe_data.py 	<module>() 	Error occurred while fetching bribes from https://rpc.ankr.com/bsc for vAMM-USDT/XCAD: 429 Client Error: Too Many Requests for url: https://rpc.ankr.com/bsc
[2025-03-01 01:15:06,653] 	ERROR 	78 	bribe_data.py 	<module>() 	Error occurred while fetching bribes from https://rpc.ankr.com/bsc for IV-12-THE 2367: 429 Client Error: Too Many Requests for url: https://rpc.ankr.com/bsc
[2025-03-01 01:15:07,004] 	ERROR 	78 	bribe_data.py 	<module>() 	Error occurred while fetching bribes from https://binance.llamarpc.com for IV-12-THE 2367: 429 Client Error: Too Many Requests for url: https://binance.llamarpc.com/
[2025-03-01 01:15:10,298] 	ERROR 	78 	bribe_data.py 	<module>() 	Error occurred while fetching bribes from https://rpc.ankr.com/bsc for sAMM-DAI/MAI: 429 Client Error: Too Many Requests for url: https://rpc.ankr.com/bsc
[2025-03-01 01:15:10,369] 	ERROR 	78 	bribe_data.py 	<module>() 	Error occurred while fetching bribes from https://binance.llamarpc.com for sAMM-DAI/MAI: 429 Client Error: Too Many Requests for url: https://binance.llamarpc.com/
[2025-03-01 01:15:14,797] 	ERROR 	78 	bribe_data.py 	<module>() 	Error occurred while fetching bribes from https://rpc.ankr.com/bsc for sAMM-USD+/CUSD: 429 Client Error: Too Many Requests for url: https://rpc.ankr.com/bsc
[2025-03-01 01:15:14,888] 	ERROR 	78 	bribe_data.py 	<module>() 	Error occurred while fetching bribes from https://binance.llamarpc.com for sAMM-USD+/CUSD: 429 Client Error: Too Many Requests for url: https://binance.llamarpc.com/
[2025-03-01 01:15:18,803] 	ERROR 	78 	bribe_data.py 	<module>() 	Error occurred while fetching bribes from https://rpc.ankr.com/bsc for sAMM-USDC/FRAX: 429 Client Error: Too Many Requests for url: https://rpc.ankr.com/bsc
[2025-03-01 01:15:20,588] 	ERROR 	78 	bribe_data.py 	<module>() 	Error occurred while fetching bribes from https://rpc.ankr.com/bsc for vAMM-CHAM/THE: 429 Client Error: Too Many Requests for url: https://rpc.ankr.com/bsc
[2025-03-01 01:15:22,292] 	ERROR 	78 	bribe_data.py 	<module>() 	Error occurred while fetching bribes from https://rpc.ankr.com/bsc for IV-11-THE 2ff5: 429 Client Error: Too Many Requests for url: https://rpc.ankr.com/bsc
[2025-03-01 01:15:22,987] 	ERROR 	78 	bribe_data.py 	<module>() 	Error occurred while fetching bribes from https://binance.llamarpc.com for IV-11-THE 2ff5: 429 Client Error: Too Many Requests for url: https://binance.llamarpc.com/
[2025-03-01 01:15:26,180] 	ERROR 	78 	bribe_data.py 	<module>() 	Error occurred while fetching bribes from https://rpc.ankr.com/bsc for vAMM-ETH/XCAD OLD: 429 Client Error: Too Many Requests for url: https://rpc.ankr.com/bsc
[2025-03-01 01:15:26,259] 	ERROR 	78 	bribe_data.py 	<module>() 	Error occurred while fetching bribes from https://binance.llamarpc.com for vAMM-ETH/XCAD OLD: 429 Client Error: Too Many Requests for url: https://binance.llamarpc.com/
[2025-03-01 01:15:29,596] 	ERROR 	78 	bribe_data.py 	<module>() 	Error occurred while fetching bribes from https://rpc.ankr.com/bsc for vAMM-USDV/WBNB: 429 Client Error: Too Many Requests for url: https://rpc.ankr.com/bsc
[2025-03-01 01:15:29,672] 	ERROR 	78 	bribe_data.py 	<module>() 	Error occurred while fetching bribes from https://binance.llamarpc.com for vAMM-USDV/WBNB: 429 Client Error: Too Many Requests for url: https://binance.llamarpc.com/
[2025-03-01 01:15:32,517] 	ERROR 	78 	bribe_data.py 	<module>() 	Error occurred while fetching bribes from https://rpc.ankr.com/bsc for vAMM-MAI/FRAX: 429 Client Error: Too Many Requests for url: https://rpc.ankr.com/bsc
[2025-03-01 01:15:35,183] 	ERROR 	78 	bribe_data.py 	<module>() 	Error occurred while fetching bribes from https://rpc.ankr.com/bsc for vAMM-BNBx/USDT: 429 Client Error: Too Many Requests for url: https://rpc.ankr.com/bsc
[2025-03-01 01:15:35,377] 	ERROR 	78 	bribe_data.py 	<module>() 	Error occurred while fetching bribes from https://binance.llamarpc.com for vAMM-BNBx/USDT: 429 Client Error: Too Many Requests for url: https://binance.llamarpc.com/
[2025-03-01 01:15:38,982] 	ERROR 	78 	bribe_data.py 	<module>() 	Error occurred while fetching bribes from https://rpc.ankr.com/bsc for IV-17-THE Fc8C: 429 Client Error: Too Many Requests for url: https://rpc.ankr.com/bsc
[2025-03-01 01:15:39,048] 	ERROR 	78 	bribe_data.py 	<module>() 	Error occurred while fetching bribes from https://binance.llamarpc.com for IV-17-THE Fc8C: 429 Client Error: Too Many Requests for url: https://binance.llamarpc.com/
[2025-03-01 01:15:42,882] 	ERROR 	78 	bribe_data.py 	<module>() 	Error occurred while fetching bribes from https://rpc.ankr.com/bsc for vAMM-USDC/PLAY: 429 Client Error: Too Many Requests for url: https://rpc.ankr.com/bsc
[2025-03-01 01:15:42,948] 	ERROR 	78 	bribe_data.py 	<module>() 	Error occurred while fetching bribes from https://binance.llamarpc.com for vAMM-USDC/PLAY: 429 Client Error: Too Many Requests for url: https://binance.llamarpc.com/
[2025-03-01 01:15:45,903] 	ERROR 	78 	bribe_data.py 	<module>() 	Error occurred while fetching bribes from https://rpc.ankr.com/bsc for IV-19-THE 6683: 429 Client Error: Too Many Requests for url: https://rpc.ankr.com/bsc
[2025-03-01 01:15:47,997] 	ERROR 	78 	bribe_data.py 	<module>() 	Error occurred while fetching bribes from https://rpc.ankr.com/bsc for sAMM-HAY/WBNB: 429 Client Error: Too Many Requests for url: https://rpc.ankr.com/bsc
[2025-03-01 01:15:49,612] 	ERROR 	78 	bribe_data.py 	<module>() 	Error occurred while fetching bribes from https://rpc.ankr.com/bsc for sAMM-FRAX/CUSD: 429 Client Error: Too Many Requests for url: https://rpc.ankr.com/bsc
[2025-03-01 01:15:49,885] 	ERROR 	78 	bribe_data.py 	<module>() 	Error occurred while fetching bribes from https://binance.llamarpc.com for sAMM-FRAX/CUSD: 429 Client Error: Too Many Requests for url: https://binance.llamarpc.com/
[2025-03-01 01:15:53,919] 	ERROR 	78 	bribe_data.py 	<module>() 	Error occurred while fetching bribes from https://rpc.ankr.com/bsc for sAMM-Bridged mwBETH/wBETH: 429 Client Error: Too Many Requests for url: https://rpc.ankr.com/bsc
[2025-03-01 01:15:53,987] 	ERROR 	78 	bribe_data.py 	<module>() 	Error occurred while fetching bribes from https://binance.llamarpc.com for sAMM-Bridged mwBETH/wBETH: 429 Client Error: Too Many Requests for url: https://binance.llamarpc.com/
[2025-03-01 01:15:58,817] 	ERROR 	78 	bribe_data.py 	<module>() 	Error occurred while fetching bribes from https://rpc.ankr.com/bsc for sAMM-ETS Alpha/USD+: 429 Client Error: Too Many Requests for url: https://rpc.ankr.com/bsc
[2025-03-01 01:15:58,890] 	ERROR 	78 	bribe_data.py 	<module>() 	Error occurred while fetching bribes from https://binance.llamarpc.com for sAMM-ETS Alpha/USD+: 429 Client Error: Too Many Requests for url: https://binance.llamarpc.com/
[2025-03-01 01:16:02,280] 	ERROR 	78 	bribe_data.py 	<module>() 	Error occurred while fetching bribes from https://rpc.ankr.com/bsc for vAMM-PRIMAL/BUSD: 429 Client Error: Too Many Requests for url: https://rpc.ankr.com/bsc
[2025-03-01 01:16:04,350] 	ERROR 	78 	bribe_data.py 	<module>() 	Error occurred while fetching bribes from https://rpc.ankr.com/bsc for vAMM-sfrxETH/FXS: 429 Client Error: Too Many Requests for url: https://rpc.ankr.com/bsc
[2025-03-01 01:16:06,492] 	ERROR 	78 	bribe_data.py 	<module>() 	Error occurred while fetching bribes from https://rpc.ankr.com/bsc for vAMM-USDC/MIX: 429 Client Error: Too Many Requests for url: https://rpc.ankr.com/bsc
[2025-03-01 01:16:06,832] 	ERROR 	78 	bribe_data.py 	<module>() 	Error occurred while fetching bribes from https://binance.llamarpc.com for vAMM-USDC/MIX: 429 Client Error: Too Many Requests for url: https://binance.llamarpc.com/
[2025-03-01 01:16:10,016] 	ERROR 	78 	bribe_data.py 	<module>() 	Error occurred while fetching bribes from https://rpc.ankr.com/bsc for vAMM-ankrBNB/THE: 429 Client Error: Too Many Requests for url: https://rpc.ankr.com/bsc
[2025-03-01 01:16:10,091] 	ERROR 	78 	bribe_data.py 	<module>() 	Error occurred while fetching bribes from https://binance.llamarpc.com for vAMM-ankrBNB/THE: 429 Client Error: Too Many Requests for url: https://binance.llamarpc.com/
[2025-03-01 01:16:13,199] 	ERROR 	78 	bribe_data.py 	<module>() 	Error occurred while fetching bribes from https://rpc.ankr.com/bsc for vAMM-ankrMATIC/MATIC: 429 Client Error: Too Many Requests for url: https://rpc.ankr.com/bsc
[2025-03-01 01:16:13,277] 	ERROR 	78 	bribe_data.py 	<module>() 	Error occurred while fetching bribes from https://binance.llamarpc.com for vAMM-ankrMATIC/MATIC: 429 Client Error: Too Many Requests for url: https://binance.llamarpc.com/
[2025-03-01 01:16:17,003] 	ERROR 	78 	bribe_data.py 	<module>() 	Error occurred while fetching bribes from https://rpc.ankr.com/bsc for vAMM-fBOMB/liveThe: 429 Client Error: Too Many Requests for url: https://rpc.ankr.com/bsc
[2025-03-01 01:16:19,404] 	ERROR 	78 	bribe_data.py 	<module>() 	Error occurred while fetching bribes from https://rpc.ankr.com/bsc for sAMM-ankrBNB/WBNB: 429 Client Error: Too Many Requests for url: https://rpc.ankr.com/bsc
[2025-03-01 01:16:21,585] 	ERROR 	78 	bribe_data.py 	<module>() 	Error occurred while fetching bribes from https://rpc.ankr.com/bsc for vAMM-USDC/MGP: 429 Client Error: Too Many Requests for url: https://rpc.ankr.com/bsc
[2025-03-01 01:16:22,555] 	ERROR 	78 	bribe_data.py 	<module>() 	Error occurred while fetching bribes from https://binance.llamarpc.com for vAMM-USDC/MGP: 429 Client Error: Too Many Requests for url: https://binance.llamarpc.com/
[2025-03-01 01:16:25,831] 	ERROR 	78 	bribe_data.py 	<module>() 	Error occurred while fetching bribes from https://rpc.ankr.com/bsc for vAMM-ETH/BTCB: 429 Client Error: Too Many Requests for url: https://rpc.ankr.com/bsc
[2025-03-01 01:16:25,907] 	ERROR 	78 	bribe_data.py 	<module>() 	Error occurred while fetching bribes from https://binance.llamarpc.com for vAMM-ETH/BTCB: 429 Client Error: Too Many Requests for url: https://binance.llamarpc.com/
[2025-03-01 01:16:29,198] 	ERROR 	78 	bribe_data.py 	<module>() 	Error occurred while fetching bribes from https://rpc.ankr.com/bsc for vAMM-DOLA/CUSD: 429 Client Error: Too Many Requests for url: https://rpc.ankr.com/bsc
[2025-03-01 01:16:29,289] 	ERROR 	78 	bribe_data.py 	<module>() 	Error occurred while fetching bribes from https://binance.llamarpc.com for vAMM-DOLA/CUSD: 429 Client Error: Too Many Requests for url: https://binance.llamarpc.com/
[2025-03-01 01:16:32,599] 	ERROR 	78 	bribe_data.py 	<module>() 	Error occurred while fetching bribes from https://rpc.ankr.com/bsc for vAMM-WBNB/PRIMAL: 429 Client Error: Too Many Requests for url: https://rpc.ankr.com/bsc
[2025-03-01 01:16:34,300] 	ERROR 	78 	bribe_data.py 	<module>() 	Error occurred while fetching bribes from https://rpc.ankr.com/bsc for vAMM-OVN/USDT+: 429 Client Error: Too Many Requests for url: https://rpc.ankr.com/bsc
[2025-03-01 01:16:35,333] 	ERROR 	78 	bribe_data.py 	<module>() 	Error occurred while fetching bribes from https://binance.llamarpc.com for vAMM-OVN/USDT+: 429 Client Error: Too Many Requests for url: https://binance.llamarpc.com/
[2025-03-01 01:16:39,116] 	ERROR 	78 	bribe_data.py 	<module>() 	Error occurred while fetching bribes from https://rpc.ankr.com/bsc for sAMM-DUSD/FRAX: 429 Client Error: Too Many Requests for url: https://rpc.ankr.com/bsc
[2025-03-01 01:16:39,197] 	ERROR 	78 	bribe_data.py 	<module>() 	Error occurred while fetching bribes from https://binance.llamarpc.com for sAMM-DUSD/FRAX: 429 Client Error: Too Many Requests for url: https://binance.llamarpc.com/
[2025-03-01 01:16:43,080] 	ERROR 	78 	bribe_data.py 	<module>() 	Error occurred while fetching bribes from https://rpc.ankr.com/bsc for aANKRBNB-RDNT 6f46: 429 Client Error: Too Many Requests for url: https://rpc.ankr.com/bsc
[2025-03-01 01:16:43,173] 	ERROR 	78 	bribe_data.py 	<module>() 	Error occurred while fetching bribes from https://binance.llamarpc.com for aANKRBNB-RDNT 6f46: 429 Client Error: Too Many Requests for url: https://binance.llamarpc.com/
[2025-03-01 01:16:47,138] 	ERROR 	78 	bribe_data.py 	<module>() 	Error occurred while fetching bribes from https://rpc.ankr.com/bsc for vAMM-ankrBNB/ANKR: 429 Client Error: Too Many Requests for url: https://rpc.ankr.com/bsc
[2025-03-01 01:16:49,246] 	ERROR 	78 	bribe_data.py 	<module>() 	Error occurred while fetching bribes from https://rpc.ankr.com/bsc for vAMM-MAI/FXS: 429 Client Error: Too Many Requests for url: https://rpc.ankr.com/bsc
[2025-03-01 01:16:51,404] 	ERROR 	78 	bribe_data.py 	<module>() 	Error occurred while fetching bribes from https://rpc.ankr.com/bsc for sAMM-ABOND/WBNB: 429 Client Error: Too Many Requests for url: https://rpc.ankr.com/bsc
[2025-03-01 01:16:51,877] 	ERROR 	78 	bribe_data.py 	<module>() 	Error occurred while fetching bribes from https://binance.llamarpc.com for sAMM-ABOND/WBNB: 429 Client Error: Too Many Requests for url: https://binance.llamarpc.com/
[2025-03-01 01:16:55,182] 	ERROR 	78 	bribe_data.py 	<module>() 	Error occurred while fetching bribes from https://rpc.ankr.com/bsc for vAMM-BNBx/THE: 429 Client Error: Too Many Requests for url: https://rpc.ankr.com/bsc
[2025-03-01 01:16:55,281] 	ERROR 	78 	bribe_data.py 	<module>() 	Error occurred while fetching bribes from https://binance.llamarpc.com for vAMM-BNBx/THE: 429 Client Error: Too Many Requests for url: https://binance.llamarpc.com/
[2025-03-01 01:16:58,636] 	ERROR 	78 	bribe_data.py 	<module>() 	Error occurred while fetching bribes from https://rpc.ankr.com/bsc for aGRAIN-WBNB EAD0: 429 Client Error: Too Many Requests for url: https://rpc.ankr.com/bsc
[2025-03-01 01:16:58,709] 	ERROR 	78 	bribe_data.py 	<module>() 	Error occurred while fetching bribes from https://binance.llamarpc.com for aGRAIN-WBNB EAD0: 429 Client Error: Too Many Requests for url: https://binance.llamarpc.com/
[2025-03-01 01:17:01,707] 	ERROR 	78 	bribe_data.py 	<module>() 	Error occurred while fetching bribes from https://rpc.ankr.com/bsc for aUSDT-THE 1aCB: 429 Client Error: Too Many Requests for url: https://rpc.ankr.com/bsc
[2025-03-01 01:17:05,933] 	ERROR 	78 	bribe_data.py 	<module>() 	Error occurred while fetching bribes from https://rpc.ankr.com/bsc for sAMM-ETS Alpha/BUSD: 429 Client Error: Too Many Requests for url: https://rpc.ankr.com/bsc
[2025-03-01 01:17:07,846] 	ERROR 	78 	bribe_data.py 	<module>() 	Error occurred while fetching bribes from https://rpc.ankr.com/bsc for vAMM-WBNB/CHAM: 429 Client Error: Too Many Requests for url: https://rpc.ankr.com/bsc
[2025-03-01 01:17:08,304] 	ERROR 	78 	bribe_data.py 	<module>() 	Error occurred while fetching bribes from https://binance.llamarpc.com for vAMM-WBNB/CHAM: 429 Client Error: Too Many Requests for url: https://binance.llamarpc.com/
[2025-03-01 01:17:11,512] 	ERROR 	78 	bribe_data.py 	<module>() 	Error occurred while fetching bribes from https://rpc.ankr.com/bsc for vAMM-WBNB/THE: 429 Client Error: Too Many Requests for url: https://rpc.ankr.com/bsc
[2025-03-01 01:17:11,624] 	ERROR 	78 	bribe_data.py 	<module>() 	Error occurred while fetching bribes from https://binance.llamarpc.com for vAMM-WBNB/THE: 429 Client Error: Too Many Requests for url: https://binance.llamarpc.com/
[2025-03-01 01:17:14,179] 	ERROR 	78 	bribe_data.py 	<module>() 	Error occurred while fetching bribes from https://rpc.ankr.com/bsc for vAMM-MAI/BUSD: 429 Client Error: Too Many Requests for url: https://rpc.ankr.com/bsc
[2025-03-01 01:17:14,256] 	ERROR 	78 	bribe_data.py 	<module>() 	Error occurred while fetching bribes from https://binance.llamarpc.com for vAMM-MAI/BUSD: 429 Client Error: Too Many Requests for url: https://binance.llamarpc.com/
[2025-03-01 01:17:17,682] 	ERROR 	78 	bribe_data.py 	<module>() 	Error occurred while fetching bribes from https://rpc.ankr.com/bsc for vAMM-MULTI/BUSD: 429 Client Error: Too Many Requests for url: https://rpc.ankr.com/bsc
[2025-03-01 01:17:19,682] 	ERROR 	78 	bribe_data.py 	<module>() 	Error occurred while fetching bribes from https://rpc.ankr.com/bsc for vAMM-AVAX/WBNB: 429 Client Error: Too Many Requests for url: https://rpc.ankr.com/bsc
[2025-03-01 01:17:21,432] 	ERROR 	78 	bribe_data.py 	<module>() 	Error occurred while fetching bribes from https://rpc.ankr.com/bsc for vAMM-dXCAD/BUSD: 429 Client Error: Too Many Requests for url: https://rpc.ankr.com/bsc
[2025-03-01 01:17:22,360] 	ERROR 	78 	bribe_data.py 	<module>() 	Error occurred while fetching bribes from https://binance.llamarpc.com for vAMM-dXCAD/BUSD: 429 Client Error: Too Many Requests for url: https://binance.llamarpc.com/
[2025-03-01 01:17:25,644] 	ERROR 	78 	bribe_data.py 	<module>() 	Error occurred while fetching bribes from https://rpc.ankr.com/bsc for vAMM-MIX/WBNB: 429 Client Error: Too Many Requests for url: https://rpc.ankr.com/bsc
[2025-03-01 01:17:25,717] 	ERROR 	78 	bribe_data.py 	<module>() 	Error occurred while fetching bribes from https://binance.llamarpc.com for vAMM-MIX/WBNB: 429 Client Error: Too Many Requests for url: https://binance.llamarpc.com/
[2025-03-01 01:17:28,713] 	ERROR 	78 	bribe_data.py 	<module>() 	Error occurred while fetching bribes from https://rpc.ankr.com/bsc for vAMM-USDC/dXCAD: 429 Client Error: Too Many Requests for url: https://rpc.ankr.com/bsc
[2025-03-01 01:17:28,798] 	ERROR 	78 	bribe_data.py 	<module>() 	Error occurred while fetching bribes from https://binance.llamarpc.com for vAMM-USDC/dXCAD: 429 Client Error: Too Many Requests for url: https://binance.llamarpc.com/
[2025-03-01 01:17:31,997] 	ERROR 	78 	bribe_data.py 	<module>() 	Error occurred while fetching bribes from https://rpc.ankr.com/bsc for vAMM-FS/USDT: 429 Client Error: Too Many Requests for url: https://rpc.ankr.com/bsc
[2025-03-01 01:17:34,421] 	ERROR 	78 	bribe_data.py 	<module>() 	Error occurred while fetching bribes from https://rpc.ankr.com/bsc for vAMM-XCAD/dXCAD OLD: 429 Client Error: Too Many Requests for url: https://rpc.ankr.com/bsc
[2025-03-01 01:17:35,539] 	ERROR 	78 	bribe_data.py 	<module>() 	Error occurred while fetching bribes from https://binance.llamarpc.com for vAMM-XCAD/dXCAD OLD: 429 Client Error: Too Many Requests for url: https://binance.llamarpc.com/
[2025-03-01 01:17:39,419] 	ERROR 	78 	bribe_data.py 	<module>() 	Error occurred while fetching bribes from https://rpc.ankr.com/bsc for vAMM-USDT/THE: 429 Client Error: Too Many Requests for url: https://rpc.ankr.com/bsc
[2025-03-01 01:17:39,502] 	ERROR 	78 	bribe_data.py 	<module>() 	Error occurred while fetching bribes from https://binance.llamarpc.com for vAMM-USDT/THE: 429 Client Error: Too Many Requests for url: https://binance.llamarpc.com/
[2025-03-01 01:17:42,098] 	ERROR 	78 	bribe_data.py 	<module>() 	Error occurred while fetching bribes from https://rpc.ankr.com/bsc for vAMM-WBNB/LIQ: 429 Client Error: Too Many Requests for url: https://rpc.ankr.com/bsc
[2025-03-01 01:17:42,186] 	ERROR 	78 	bribe_data.py 	<module>() 	Error occurred while fetching bribes from https://binance.llamarpc.com for vAMM-WBNB/LIQ: 429 Client Error: Too Many Requests for url: https://binance.llamarpc.com/
[2025-03-01 01:17:45,290] 	ERROR 	78 	bribe_data.py 	<module>() 	Error occurred while fetching bribes from https://rpc.ankr.com/bsc for vAMM-USDT/TONCOIN: 429 Client Error: Too Many Requests for url: https://rpc.ankr.com/bsc
[2025-03-01 01:17:47,095] 	ERROR 	78 	bribe_data.py 	<module>() 	Error occurred while fetching bribes from https://rpc.ankr.com/bsc for aWBNB-MATIC 1E3F: 429 Client Error: Too Many Requests for url: https://rpc.ankr.com/bsc
[2025-03-01 01:17:48,711] 	ERROR 	78 	bribe_data.py 	<module>() 	Error occurred while fetching bribes from https://rpc.ankr.com/bsc for sAMM-FRAX/sFRAX: 429 Client Error: Too Many Requests for url: https://rpc.ankr.com/bsc
[2025-03-01 01:17:48,995] 	ERROR 	78 	bribe_data.py 	<module>() 	Error occurred while fetching bribes from https://binance.llamarpc.com for sAMM-FRAX/sFRAX: 429 Client Error: Too Many Requests for url: https://binance.llamarpc.com/
[2025-03-01 01:17:52,948] 	ERROR 	78 	bribe_data.py 	<module>() 	Error occurred while fetching bribes from https://rpc.ankr.com/bsc for sAMM-USDT/USD+: 429 Client Error: Too Many Requests for url: https://rpc.ankr.com/bsc
[2025-03-01 01:17:53,023] 	ERROR 	78 	bribe_data.py 	<module>() 	Error occurred while fetching bribes from https://binance.llamarpc.com for sAMM-USDT/USD+: 429 Client Error: Too Many Requests for url: https://binance.llamarpc.com/
[2025-03-01 01:17:56,039] 	ERROR 	78 	bribe_data.py 	<module>() 	Error occurred while fetching bribes from https://rpc.ankr.com/bsc for sAMM-USDT/USDC: 429 Client Error: Too Many Requests for url: https://rpc.ankr.com/bsc
[2025-03-01 01:17:56,120] 	ERROR 	78 	bribe_data.py 	<module>() 	Error occurred while fetching bribes from https://binance.llamarpc.com for sAMM-USDT/USDC: 429 Client Error: Too Many Requests for url: https://binance.llamarpc.com/
[2025-03-01 01:17:58,646] 	ERROR 	78 	bribe_data.py 	<module>() 	Error occurred while fetching bribes from https://rpc.ankr.com/bsc for vAMM-FEAR/THE: 429 Client Error: Too Many Requests for url: https://rpc.ankr.com/bsc
[2025-03-01 01:17:58,715] 	ERROR 	78 	bribe_data.py 	<module>() 	Error occurred while fetching bribes from https://binance.llamarpc.com for vAMM-FEAR/THE: 429 Client Error: Too Many Requests for url: https://binance.llamarpc.com/
[2025-03-01 01:18:01,716] 	ERROR 	78 	bribe_data.py 	<module>() 	Error occurred while fetching bribes from https://rpc.ankr.com/bsc for aSnBNB-WBNB 6708: 429 Client Error: Too Many Requests for url: https://rpc.ankr.com/bsc
[2025-03-01 01:18:04,500] 	ERROR 	78 	bribe_data.py 	<module>() 	Error occurred while fetching bribes from https://rpc.ankr.com/bsc for aUSDT-PLAY B74d: 429 Client Error: Too Many Requests for url: https://rpc.ankr.com/bsc
[2025-03-01 01:18:06,249] 	ERROR 	78 	bribe_data.py 	<module>() 	Error occurred while fetching bribes from https://rpc.ankr.com/bsc for aUSDT-TON 80F2: 429 Client Error: Too Many Requests for url: https://rpc.ankr.com/bsc
[2025-03-01 01:18:06,345] 	ERROR 	78 	bribe_data.py 	<module>() 	Error occurred while fetching bribes from https://binance.llamarpc.com for aUSDT-TON 80F2: 429 Client Error: Too Many Requests for url: https://binance.llamarpc.com/
[2025-03-01 01:18:09,450] 	ERROR 	78 	bribe_data.py 	<module>() 	Error occurred while fetching bribes from https://rpc.ankr.com/bsc for vAMM-NGL/USDT: 429 Client Error: Too Many Requests for url: https://rpc.ankr.com/bsc
[2025-03-01 01:18:09,518] 	ERROR 	78 	bribe_data.py 	<module>() 	Error occurred while fetching bribes from https://binance.llamarpc.com for vAMM-NGL/USDT: 429 Client Error: Too Many Requests for url: https://binance.llamarpc.com/
[2025-03-01 01:18:12,490] 	ERROR 	78 	bribe_data.py 	<module>() 	Error occurred while fetching bribes from https://rpc.ankr.com/bsc for vAMM-IDIA/WBNB: 429 Client Error: Too Many Requests for url: https://rpc.ankr.com/bsc
[2025-03-01 01:18:12,576] 	ERROR 	78 	bribe_data.py 	<module>() 	Error occurred while fetching bribes from https://binance.llamarpc.com for vAMM-IDIA/WBNB: 429 Client Error: Too Many Requests for url: https://binance.llamarpc.com/
[2025-03-01 01:18:15,495] 	ERROR 	78 	bribe_data.py 	<module>() 	Error occurred while fetching bribes from https://rpc.ankr.com/bsc for vAMM-DAO/BUSD: 429 Client Error: Too Many Requests for url: https://rpc.ankr.com/bsc
[2025-03-01 01:18:15,579] 	ERROR 	78 	bribe_data.py 	<module>() 	Error occurred while fetching bribes from https://binance.llamarpc.com for vAMM-DAO/BUSD: 429 Client Error: Too Many Requests for url: https://binance.llamarpc.com/
[2025-03-01 01:18:18,438] 	ERROR 	78 	bribe_data.py 	<module>() 	Error occurred while fetching bribes from https://rpc.ankr.com/bsc for sAMM-HAY/BUSD: 429 Client Error: Too Many Requests for url: https://rpc.ankr.com/bsc
[2025-03-01 01:18:20,913] 	ERROR 	78 	bribe_data.py 	<module>() 	Error occurred while fetching bribes from https://rpc.ankr.com/bsc for vAMM-jBRL/BUSD: 429 Client Error: Too Many Requests for url: https://rpc.ankr.com/bsc
[2025-03-01 01:18:23,612] 	ERROR 	78 	bribe_data.py 	<module>() 	Error occurred while fetching bribes from https://rpc.ankr.com/bsc for IV-40-THE CC08: 429 Client Error: Too Many Requests for url: https://rpc.ankr.com/bsc
[2025-03-01 01:18:25,752] 	ERROR 	78 	bribe_data.py 	<module>() 	Error occurred while fetching bribes from https://binance.llamarpc.com for IV-40-THE CC08: 429 Client Error: Too Many Requests for url: https://binance.llamarpc.com/
[2025-03-01 01:18:30,501] 	ERROR 	78 	bribe_data.py 	<module>() 	Error occurred while fetching bribes from https://rpc.ankr.com/bsc for sAMM-qTHE/THE 2ffA: 429 Client Error: Too Many Requests for url: https://rpc.ankr.com/bsc
[2025-03-01 01:18:30,574] 	ERROR 	78 	bribe_data.py 	<module>() 	Error occurred while fetching bribes from https://binance.llamarpc.com for sAMM-qTHE/THE 2ffA: 429 Client Error: Too Many Requests for url: https://binance.llamarpc.com/
[2025-03-01 01:18:33,963] 	ERROR 	78 	bribe_data.py 	<module>() 	Error occurred while fetching bribes from https://rpc.ankr.com/bsc for vAMM-LIBERA/THE: 429 Client Error: Too Many Requests for url: https://rpc.ankr.com/bsc
[2025-03-01 01:18:34,040] 	ERROR 	78 	bribe_data.py 	<module>() 	Error occurred while fetching bribes from https://binance.llamarpc.com for vAMM-LIBERA/THE: 429 Client Error: Too Many Requests for url: https://binance.llamarpc.com/
[2025-03-01 01:18:36,935] 	ERROR 	78 	bribe_data.py 	<module>() 	Error occurred while fetching bribes from https://rpc.ankr.com/bsc for vAMM-THE/FLOKI: 429 Client Error: Too Many Requests for url: https://rpc.ankr.com/bsc
[2025-03-01 01:18:38,936] 	ERROR 	78 	bribe_data.py 	<module>() 	Error occurred while fetching bribes from https://rpc.ankr.com/bsc for sAMM-BTCB/multiBTC: 429 Client Error: Too Many Requests for url: https://rpc.ankr.com/bsc
[2025-03-01 01:18:41,438] 	ERROR 	78 	bribe_data.py 	<module>() 	Error occurred while fetching bribes from https://rpc.ankr.com/bsc for vAMM-ETH/PLAY: 429 Client Error: Too Many Requests for url: https://rpc.ankr.com/bsc
[2025-03-01 01:18:42,690] 	ERROR 	78 	bribe_data.py 	<module>() 	Error occurred while fetching bribes from https://binance.llamarpc.com for vAMM-ETH/PLAY: 429 Client Error: Too Many Requests for url: https://binance.llamarpc.com/
[2025-03-01 01:18:46,836] 	ERROR 	78 	bribe_data.py 	<module>() 	Error occurred while fetching bribes from https://rpc.ankr.com/bsc for vAMM-USDT/TAROT 7086: 429 Client Error: Too Many Requests for url: https://rpc.ankr.com/bsc
[2025-03-01 01:18:46,931] 	ERROR 	78 	bribe_data.py 	<module>() 	Error occurred while fetching bribes from https://binance.llamarpc.com for vAMM-USDT/TAROT 7086: 429 Client Error: Too Many Requests for url: https://binance.llamarpc.com/
[2025-03-01 01:18:50,508] 	ERROR 	78 	bribe_data.py 	<module>() 	Error occurred while fetching bribes from https://rpc.ankr.com/bsc for vAMM-USDT/SEF: 429 Client Error: Too Many Requests for url: https://rpc.ankr.com/bsc
[2025-03-01 01:18:50,610] 	ERROR 	78 	bribe_data.py 	<module>() 	Error occurred while fetching bribes from https://binance.llamarpc.com for vAMM-USDT/SEF: 429 Client Error: Too Many Requests for url: https://binance.llamarpc.com/
[2025-03-01 01:18:53,645] 	ERROR 	78 	bribe_data.py 	<module>() 	Error occurred while fetching bribes from https://rpc.ankr.com/bsc for vAMM-xZOOMER/THE: 429 Client Error: Too Many Requests for url: https://rpc.ankr.com/bsc
[2025-03-01 01:19:02,081] 	ERROR 	78 	bribe_data.py 	<module>() 	Error occurred while fetching bribes from https://rpc.ankr.com/bsc for vAMM-fBOMB/sliveThe: 429 Client Error: Too Many Requests for url: https://rpc.ankr.com/bsc
[2025-03-01 01:19:06,568] 	ERROR 	78 	bribe_data.py 	<module>() 	Error occurred while fetching bribes from https://rpc.ankr.com/bsc for IV-35-THE 5736: 429 Client Error: Too Many Requests for url: https://rpc.ankr.com/bsc
[2025-03-01 01:19:09,423] 	ERROR 	78 	bribe_data.py 	<module>() 	Error occurred while fetching bribes from https://binance.llamarpc.com for IV-35-THE 5736: 429 Client Error: Too Many Requests for url: https://binance.llamarpc.com/
[2025-03-01 01:19:13,773] 	ERROR 	78 	bribe_data.py 	<module>() 	Error occurred while fetching bribes from https://rpc.ankr.com/bsc for aCGPT-BUSD 68C0: 429 Client Error: Too Many Requests for url: https://rpc.ankr.com/bsc
[2025-03-01 01:19:13,888] 	ERROR 	78 	bribe_data.py 	<module>() 	Error occurred while fetching bribes from https://binance.llamarpc.com for aCGPT-BUSD 68C0: 429 Client Error: Too Many Requests for url: https://binance.llamarpc.com/
[2025-03-01 01:19:16,939] 	ERROR 	78 	bribe_data.py 	<module>() 	Error occurred while fetching bribes from https://rpc.ankr.com/bsc for aBNBX-RDNT 5420: 429 Client Error: Too Many Requests for url: https://rpc.ankr.com/bsc
[2025-03-01 01:19:17,021] 	ERROR 	78 	bribe_data.py 	<module>() 	Error occurred while fetching bribes from https://binance.llamarpc.com for aBNBX-RDNT 5420: 429 Client Error: Too Many Requests for url: https://binance.llamarpc.com/
[2025-03-01 01:19:20,637] 	ERROR 	78 	bribe_data.py 	<module>() 	Error occurred while fetching bribes from https://rpc.ankr.com/bsc for aUSDT-FLOKI EF58: 429 Client Error: Too Many Requests for url: https://rpc.ankr.com/bsc
[2025-03-01 01:19:22,699] 	ERROR 	78 	bribe_data.py 	<module>() 	Error occurred while fetching bribes from https://rpc.ankr.com/bsc for aDOGE-WBNB F0cF: 429 Client Error: Too Many Requests for url: https://rpc.ankr.com/bsc
[2025-03-01 01:19:24,451] 	ERROR 	78 	bribe_data.py 	<module>() 	Error occurred while fetching bribes from https://rpc.ankr.com/bsc for aUSDT-THE 1Ef3: 429 Client Error: Too Many Requests for url: https://rpc.ankr.com/bsc
[2025-03-01 01:19:25,094] 	ERROR 	78 	bribe_data.py 	<module>() 	Error occurred while fetching bribes from https://binance.llamarpc.com for aUSDT-THE 1Ef3: 429 Client Error: Too Many Requests for url: https://binance.llamarpc.com/
[2025-03-01 01:19:27,885] 	ERROR 	78 	bribe_data.py 	<module>() 	Error occurred while fetching bribes from https://rpc.ankr.com/bsc for aMULTI-WBNB 7103: 429 Client Error: Too Many Requests for url: https://rpc.ankr.com/bsc
[2025-03-01 01:19:27,976] 	ERROR 	78 	bribe_data.py 	<module>() 	Error occurred while fetching bribes from https://binance.llamarpc.com for aMULTI-WBNB 7103: 429 Client Error: Too Many Requests for url: https://binance.llamarpc.com/
[2025-03-01 01:19:30,896] 	ERROR 	78 	bribe_data.py 	<module>() 	Error occurred while fetching bribes from https://rpc.ankr.com/bsc for aBNBX-FRAX 6e92: 429 Client Error: Too Many Requests for url: https://rpc.ankr.com/bsc
[2025-03-01 01:19:31,003] 	ERROR 	78 	bribe_data.py 	<module>() 	Error occurred while fetching bribes from https://binance.llamarpc.com for aBNBX-FRAX 6e92: 429 Client Error: Too Many Requests for url: https://binance.llamarpc.com/
[2025-03-01 01:19:35,349] 	ERROR 	78 	bribe_data.py 	<module>() 	Error occurred while fetching bribes from https://rpc.ankr.com/bsc for aWBNB-OATH d561: 429 Client Error: Too Many Requests for url: https://rpc.ankr.com/bsc
[2025-03-01 01:19:37,386] 	ERROR 	78 	bribe_data.py 	<module>() 	Error occurred while fetching bribes from https://rpc.ankr.com/bsc for aMULTI-WBNB D6f4: 429 Client Error: Too Many Requests for url: https://rpc.ankr.com/bsc
[2025-03-01 01:19:40,281] 	ERROR 	78 	bribe_data.py 	<module>() 	Error occurred while fetching bribes from https://rpc.ankr.com/bsc for aHAY-FRXETH 0A4F: 429 Client Error: Too Many Requests for url: https://rpc.ankr.com/bsc
[2025-03-01 01:19:44,837] 	ERROR 	78 	bribe_data.py 	<module>() 	Error occurred while fetching bribes from https://binance.llamarpc.com for aHAY-FRXETH 0A4F: 429 Client Error: Too Many Requests for url: https://binance.llamarpc.com/
[2025-03-01 01:19:49,565] 	ERROR 	78 	bribe_data.py 	<module>() 	Error occurred while fetching bribes from https://rpc.ankr.com/bsc for aBNBX-FRXETH A888: 429 Client Error: Too Many Requests for url: https://rpc.ankr.com/bsc
[2025-03-01 01:19:49,632] 	ERROR 	78 	bribe_data.py 	<module>() 	Error occurred while fetching bribes from https://binance.llamarpc.com for aBNBX-FRXETH A888: 429 Client Error: Too Many Requests for url: https://binance.llamarpc.com/
[2025-03-01 01:19:53,058] 	ERROR 	78 	bribe_data.py 	<module>() 	Error occurred while fetching bribes from https://rpc.ankr.com/bsc for aFRXETH-FRAX A59c: 429 Client Error: Too Many Requests for url: https://rpc.ankr.com/bsc
[2025-03-01 01:19:53,152] 	ERROR 	78 	bribe_data.py 	<module>() 	Error occurred while fetching bribes from https://binance.llamarpc.com for aFRXETH-FRAX A59c: 429 Client Error: Too Many Requests for url: https://binance.llamarpc.com/
[2025-03-01 01:19:57,040] 	ERROR 	78 	bribe_data.py 	<module>() 	Error occurred while fetching bribes from https://rpc.ankr.com/bsc for aHAY-WBNB 0F68: 429 Client Error: Too Many Requests for url: https://rpc.ankr.com/bsc
[2025-03-01 01:19:59,399] 	ERROR 	78 	bribe_data.py 	<module>() 	Error occurred while fetching bribes from https://rpc.ankr.com/bsc for aWUSDR-DOLA 0876: 429 Client Error: Too Many Requests for url: https://rpc.ankr.com/bsc
[2025-03-01 01:20:02,225] 	ERROR 	78 	bribe_data.py 	<module>() 	Error occurred while fetching bribes from https://rpc.ankr.com/bsc for aUSDT-BTE 221c: 429 Client Error: Too Many Requests for url: https://rpc.ankr.com/bsc
[2025-03-01 01:20:03,089] 	ERROR 	78 	bribe_data.py 	<module>() 	Error occurred while fetching bribes from https://binance.llamarpc.com for aUSDT-BTE 221c: 429 Client Error: Too Many Requests for url: https://binance.llamarpc.com/
[2025-03-01 01:20:06,527] 	ERROR 	78 	bribe_data.py 	<module>() 	Error occurred while fetching bribes from https://rpc.ankr.com/bsc for aANKRBNB-LINK 587A: 429 Client Error: Too Many Requests for url: https://rpc.ankr.com/bsc
[2025-03-01 01:20:06,604] 	ERROR 	78 	bribe_data.py 	<module>() 	Error occurred while fetching bribes from https://binance.llamarpc.com for aANKRBNB-LINK 587A: 429 Client Error: Too Many Requests for url: https://binance.llamarpc.com/
[2025-03-01 01:20:10,811] 	ERROR 	78 	bribe_data.py 	<module>() 	Error occurred while fetching bribes from https://rpc.ankr.com/bsc for aWBNB-BIFI 2aBc: 429 Client Error: Too Many Requests for url: https://rpc.ankr.com/bsc
[2025-03-01 01:20:10,884] 	ERROR 	78 	bribe_data.py 	<module>() 	Error occurred while fetching bribes from https://binance.llamarpc.com for aWBNB-BIFI 2aBc: 429 Client Error: Too Many Requests for url: https://binance.llamarpc.com/
[2025-03-01 01:20:13,811] 	ERROR 	78 	bribe_data.py 	<module>() 	Error occurred while fetching bribes from https://rpc.ankr.com/bsc for aBTCB-STKBNB F31F: 429 Client Error: Too Many Requests for url: https://rpc.ankr.com/bsc
[2025-03-01 01:20:16,152] 	ERROR 	78 	bribe_data.py 	<module>() 	Error occurred while fetching bribes from https://rpc.ankr.com/bsc for aFIL-ANKRBNB 356A: 429 Client Error: Too Many Requests for url: https://rpc.ankr.com/bsc
[2025-03-01 01:20:17,353] 	ERROR 	78 	bribe_data.py 	<module>() 	Error occurred while fetching bribes from https://binance.llamarpc.com for aFIL-ANKRBNB 356A: 429 Client Error: Too Many Requests for url: https://binance.llamarpc.com/
[2025-03-01 01:20:21,493] 	ERROR 	78 	bribe_data.py 	<module>() 	Error occurred while fetching bribes from https://rpc.ankr.com/bsc for aARKEN-WBNB 44D0: 429 Client Error: Too Many Requests for url: https://rpc.ankr.com/bsc
[2025-03-01 01:20:21,558] 	ERROR 	78 	bribe_data.py 	<module>() 	Error occurred while fetching bribes from https://binance.llamarpc.com for aARKEN-WBNB 44D0: 429 Client Error: Too Many Requests for url: https://binance.llamarpc.com/
[2025-03-01 01:20:24,712] 	ERROR 	78 	bribe_data.py 	<module>() 	Error occurred while fetching bribes from https://rpc.ankr.com/bsc for aEQB-FRXETH B098: 429 Client Error: Too Many Requests for url: https://rpc.ankr.com/bsc
[2025-03-01 01:20:24,780] 	ERROR 	78 	bribe_data.py 	<module>() 	Error occurred while fetching bribes from https://binance.llamarpc.com for aEQB-FRXETH B098: 429 Client Error: Too Many Requests for url: https://binance.llamarpc.com/
[2025-03-01 01:20:28,655] 	ERROR 	78 	bribe_data.py 	<module>() 	Error occurred while fetching bribes from https://rpc.ankr.com/bsc for aFRXETH-WBNB e7a9: 429 Client Error: Too Many Requests for url: https://rpc.ankr.com/bsc
[2025-03-01 01:20:30,596] 	ERROR 	78 	bribe_data.py 	<module>() 	Error occurred while fetching bribes from https://rpc.ankr.com/bsc for aANKRBNB-USDT b297: 429 Client Error: Too Many Requests for url: https://rpc.ankr.com/bsc
[2025-03-01 01:20:32,497] 	ERROR 	78 	bribe_data.py 	<module>() 	Error occurred while fetching bribes from https://rpc.ankr.com/bsc for aAXLLQDR-WBNB Aa30: 429 Client Error: Too Many Requests for url: https://rpc.ankr.com/bsc
[2025-03-01 01:20:33,291] 	ERROR 	78 	bribe_data.py 	<module>() 	Error occurred while fetching bribes from https://binance.llamarpc.com for aAXLLQDR-WBNB Aa30: 429 Client Error: Too Many Requests for url: https://binance.llamarpc.com/
[2025-03-01 01:20:36,556] 	ERROR 	78 	bribe_data.py 	<module>() 	Error occurred while fetching bribes from https://rpc.ankr.com/bsc for aUSDC-WUSDR 9891: 429 Client Error: Too Many Requests for url: https://rpc.ankr.com/bsc
[2025-03-01 01:20:36,618] 	ERROR 	78 	bribe_data.py 	<module>() 	Error occurred while fetching bribes from https://binance.llamarpc.com for aUSDC-WUSDR 9891: 429 Client Error: Too Many Requests for url: https://binance.llamarpc.com/
[2025-03-01 01:20:39,517] 	ERROR 	78 	bribe_data.py 	<module>() 	Error occurred while fetching bribes from https://rpc.ankr.com/bsc for aFRXETH-WBNB 9cfd: 429 Client Error: Too Many Requests for url: https://rpc.ankr.com/bsc
[2025-03-01 01:20:39,597] 	ERROR 	78 	bribe_data.py 	<module>() 	Error occurred while fetching bribes from https://binance.llamarpc.com for aFRXETH-WBNB 9cfd: 429 Client Error: Too Many Requests for url: https://binance.llamarpc.com/
[2025-03-01 01:20:43,196] 	ERROR 	78 	bribe_data.py 	<module>() 	Error occurred while fetching bribes from https://rpc.ankr.com/bsc for aUSDT-DUSD 88ab: 429 Client Error: Too Many Requests for url: https://rpc.ankr.com/bsc
[2025-03-01 01:20:45,093] 	ERROR 	78 	bribe_data.py 	<module>() 	Error occurred while fetching bribes from https://rpc.ankr.com/bsc for aankrBNB-XVS 2206: 429 Client Error: Too Many Requests for url: https://rpc.ankr.com/bsc
[2025-03-01 01:20:46,213] 	ERROR 	78 	bribe_data.py 	<module>() 	Error occurred while fetching bribes from https://binance.llamarpc.com for aankrBNB-XVS 2206: 429 Client Error: Too Many Requests for url: https://binance.llamarpc.com/
[2025-03-01 01:20:50,514] 	ERROR 	78 	bribe_data.py 	<module>() 	Error occurred while fetching bribes from https://rpc.ankr.com/bsc for aUSDT-LISTA ff22: 429 Client Error: Too Many Requests for url: https://rpc.ankr.com/bsc
[2025-03-01 01:20:50,596] 	ERROR 	78 	bribe_data.py 	<module>() 	Error occurred while fetching bribes from https://binance.llamarpc.com for aUSDT-LISTA ff22: 429 Client Error: Too Many Requests for url: https://binance.llamarpc.com/
[2025-03-01 01:20:53,902] 	ERROR 	78 	bribe_data.py 	<module>() 	Error occurred while fetching bribes from https://rpc.ankr.com/bsc for aynBNB-WBNB 32Fc: 429 Client Error: Too Many Requests for url: https://rpc.ankr.com/bsc
[2025-03-01 01:20:53,967] 	ERROR 	78 	bribe_data.py 	<module>() 	Error occurred while fetching bribes from https://binance.llamarpc.com for aynBNB-WBNB 32Fc: 429 Client Error: Too Many Requests for url: https://binance.llamarpc.com/
[2025-03-01 01:20:56,856] 	ERROR 	78 	bribe_data.py 	<module>() 	Error occurred while fetching bribes from https://rpc.ankr.com/bsc for aETH-inwbETH Be13: 429 Client Error: Too Many Requests for url: https://rpc.ankr.com/bsc
[2025-03-01 01:20:59,002] 	ERROR 	78 	bribe_data.py 	<module>() 	Error occurred while fetching bribes from https://rpc.ankr.com/bsc for aSolvBTC-BTCB bea8: 429 Client Error: Too Many Requests for url: https://rpc.ankr.com/bsc
[2025-03-01 01:21:01,250] 	ERROR 	78 	bribe_data.py 	<module>() 	Error occurred while fetching bribes from https://rpc.ankr.com/bsc for aBKN-USDT 013D: 429 Client Error: Too Many Requests for url: https://rpc.ankr.com/bsc
[2025-03-01 01:21:02,059] 	ERROR 	78 	bribe_data.py 	<module>() 	Error occurred while fetching bribes from https://binance.llamarpc.com for aBKN-USDT 013D: 429 Client Error: Too Many Requests for url: https://binance.llamarpc.com/
[2025-03-01 01:21:05,649] 	ERROR 	78 	bribe_data.py 	<module>() 	Error occurred while fetching bribes from https://rpc.ankr.com/bsc for ajCHF-USDC 4657: 429 Client Error: Too Many Requests for url: https://rpc.ankr.com/bsc
[2025-03-01 01:21:05,766] 	ERROR 	78 	bribe_data.py 	<module>() 	Error occurred while fetching bribes from https://binance.llamarpc.com for ajCHF-USDC 4657: 429 Client Error: Too Many Requests for url: https://binance.llamarpc.com/
[2025-03-01 01:21:08,911] 	ERROR 	78 	bribe_data.py 	<module>() 	Error occurred while fetching bribes from https://rpc.ankr.com/bsc for IV-8-THE a082: 429 Client Error: Too Many Requests for url: https://rpc.ankr.com/bsc
[2025-03-01 01:21:08,989] 	ERROR 	78 	bribe_data.py 	<module>() 	Error occurred while fetching bribes from https://binance.llamarpc.com for IV-8-THE a082: 429 Client Error: Too Many Requests for url: https://binance.llamarpc.com/
[2025-03-01 01:21:11,914] 	ERROR 	78 	bribe_data.py 	<module>() 	Error occurred while fetching bribes from https://rpc.ankr.com/bsc for IV-23-THE c02E: 429 Client Error: Too Many Requests for url: https://rpc.ankr.com/bsc
[2025-03-01 01:21:17,995] 	ERROR 	78 	bribe_data.py 	<module>() 	Error occurred while fetching bribes from https://rpc.ankr.com/bsc for DEShare 50e8: 429 Client Error: Too Many Requests for url: https://rpc.ankr.com/bsc
[2025-03-01 01:21:20,067] 	ERROR 	78 	bribe_data.py 	<module>() 	Error occurred while fetching bribes from https://rpc.ankr.com/bsc for DEShare A2bB: 429 Client Error: Too Many Requests for url: https://rpc.ankr.com/bsc
[2025-03-01 01:21:21,033] 	ERROR 	78 	bribe_data.py 	<module>() 	Error occurred while fetching bribes from https://binance.llamarpc.com for DEShare A2bB: 429 Client Error: Too Many Requests for url: https://binance.llamarpc.com/
[2025-03-01 01:21:24,370] 	ERROR 	78 	bribe_data.py 	<module>() 	Error occurred while fetching bribes from https://rpc.ankr.com/bsc for DEShare E25c: 429 Client Error: Too Many Requests for url: https://rpc.ankr.com/bsc
[2025-03-01 01:21:24,440] 	ERROR 	78 	bribe_data.py 	<module>() 	Error occurred while fetching bribes from https://binance.llamarpc.com for DEShare E25c: 429 Client Error: Too Many Requests for url: https://binance.llamarpc.com/
[2025-03-01 01:21:27,473] 	ERROR 	78 	bribe_data.py 	<module>() 	Error occurred while fetching bribes from https://rpc.ankr.com/bsc for DEShare 8996: 429 Client Error: Too Many Requests for url: https://rpc.ankr.com/bsc
[2025-03-01 01:21:27,556] 	ERROR 	78 	bribe_data.py 	<module>() 	Error occurred while fetching bribes from https://binance.llamarpc.com for DEShare 8996: 429 Client Error: Too Many Requests for url: https://binance.llamarpc.com/
[2025-03-01 01:21:34,469] 	ERROR 	137 	bribe_data.py 	<module>() 	Data successfully appended to Google Sheets.
[2025-03-01 01:21:34,469] 	INFO 	148 	bribe_data.py 	<module>() 	Bribe Data Ended
[2025-03-01 01:21:35,093] 	INFO 	17 	revenue_data.py 	<module>() 	Revenue Data Started
[2025-03-01 01:21:55,195] 	ERROR 	81 	revenue_data.py 	<module>() 	Data successfully added to Google Sheets.
[2025-03-01 01:21:55,196] 	INFO 	92 	revenue_data.py 	<module>() 	Revenue Data Ended
[2025-03-01 01:21:55,789] 	INFO 	16 	revenue_data_v2.py 	<module>() 	Revenue Data Started
[2025-03-01 01:22:06,392] 	ERROR 	83 	revenue_data_v2.py 	<module>() 	Data successfully added to Google Sheets.
[2025-03-01 01:22:06,392] 	INFO 	94 	revenue_data_v2.py 	<module>() 	Revenue Data Ended
[2025-03-01 01:22:06,972] 	INFO 	29 	tvl_data.py 	<module>() 	TVL Data Started
[2025-03-01 01:24:24,707] 	INFO 	91 	tvl_data.py 	<module>() 	TVL Data Ended
[2025-03-01 01:24:24,707] 	INFO 	106 	tvl_data.py 	<module>() 	TVL Data Fusion Started
[2025-03-01 01:25:29,020] 	INFO 	178 	tvl_data.py 	<module>() 	TVL Data Fusion Ended
[2025-03-01 01:25:29,020] 	INFO 	185 	tvl_data.py 	<module>() 	TVL Data Combined Started
[2025-03-01 01:25:46,215] 	ERROR 	233 	tvl_data.py 	<module>() 	Data successfully appended to Google Sheets.
[2025-03-01 01:25:46,215] 	INFO 	244 	tvl_data.py 	<module>() 	TVL Data Combined Ended
[2025-03-01 01:25:46,969] 	INFO 	27 	fee_tvl_data.py 	<module>() 	Fee TVL Data Started
[2025-03-01 01:25:53,472] 	ERROR 	66 	fee_tvl_data.py 	<module>() 	Data successfully appended to Google Sheets.
[2025-03-01 01:25:53,472] 	INFO 	77 	fee_tvl_data.py 	<module>() 	Fee TVL Data Ended
