[2023-05-12 00:31:39,349] 	INFO 	26 	day_data.py 	<module>() 	Day Data Started
[2023-05-12 00:31:44,719] 	INFO 	68 	day_data.py 	<module>() 	Day Data Ended
[2023-05-12 00:31:46,245] 	INFO 	36 	pair_data.py 	<module>() 	Pair Data Started
[2023-05-12 00:34:44,143] 	INFO 	105 	pair_data.py 	<module>() 	Pair Data Ended
[2023-05-12 00:34:45,327] 	INFO 	39 	bribe_data.py 	<module>() 	Bribe Data Started
[2023-05-12 00:42:43,317] 	INFO 	150 	bribe_data.py 	<module>() 	Bribe Data Ended
[2023-05-12 00:42:44,157] 	INFO 	24 	revenue_data.py 	<module>() 	Revenue Data Started
[2023-05-12 00:42:51,243] 	INFO 	72 	revenue_data.py 	<module>() 	Revenue Data Ended
[2023-05-12 00:54:09,687] 	INFO 	23 	id_data_v2.py 	<module>() 	ID Data Started
[2023-05-12 00:56:17,207] 	INFO 	119 	id_data_v2.py 	<module>() 	ID Data Ended
[2023-05-12 01:59:16,553] 	INFO 	23 	id_data_v2.py 	<module>() 	ID Data Started
[2023-05-12 02:01:18,900] 	INFO 	119 	id_data_v2.py 	<module>() 	ID Data Ended
[2023-05-12 02:23:39,089] 	INFO 	26 	day_data.py 	<module>() 	Day Data Started
[2023-05-12 02:23:44,154] 	INFO 	68 	day_data.py 	<module>() 	Day Data Ended
[2023-05-12 02:23:45,152] 	INFO 	36 	pair_data.py 	<module>() 	Pair Data Started
[2023-05-12 02:26:31,819] 	INFO 	105 	pair_data.py 	<module>() 	Pair Data Ended
[2023-05-12 02:26:32,794] 	INFO 	39 	bribe_data.py 	<module>() 	Bribe Data Started
[2023-05-12 02:31:47,096] 	INFO 	150 	bribe_data.py 	<module>() 	Bribe Data Ended
[2023-05-12 02:31:47,781] 	INFO 	24 	revenue_data.py 	<module>() 	Revenue Data Started
[2023-05-12 02:31:53,673] 	INFO 	72 	revenue_data.py 	<module>() 	Revenue Data Ended
[2023-05-12 03:11:16,919] 	INFO 	23 	id_data_v2.py 	<module>() 	ID Data Started
[2023-05-12 03:13:07,442] 	INFO 	119 	id_data_v2.py 	<module>() 	ID Data Ended
[2023-05-12 04:07:15,006] 	INFO 	26 	day_data.py 	<module>() 	Day Data Started
[2023-05-12 04:07:19,719] 	INFO 	68 	day_data.py 	<module>() 	Day Data Ended
[2023-05-12 04:07:20,682] 	INFO 	36 	pair_data.py 	<module>() 	Pair Data Started
[2023-05-12 04:10:05,582] 	INFO 	105 	pair_data.py 	<module>() 	Pair Data Ended
[2023-05-12 04:10:06,481] 	INFO 	39 	bribe_data.py 	<module>() 	Bribe Data Started
[2023-05-12 04:14:12,900] 	INFO 	150 	bribe_data.py 	<module>() 	Bribe Data Ended
[2023-05-12 04:14:13,532] 	INFO 	24 	revenue_data.py 	<module>() 	Revenue Data Started
[2023-05-12 04:14:19,979] 	INFO 	72 	revenue_data.py 	<module>() 	Revenue Data Ended
[2023-05-12 05:09:48,187] 	INFO 	23 	id_data_v2.py 	<module>() 	ID Data Started
[2023-05-12 05:11:31,928] 	INFO 	119 	id_data_v2.py 	<module>() 	ID Data Ended
[2023-05-12 06:08:09,802] 	INFO 	26 	day_data.py 	<module>() 	Day Data Started
[2023-05-12 06:08:16,949] 	INFO 	68 	day_data.py 	<module>() 	Day Data Ended
[2023-05-12 06:08:17,942] 	INFO 	36 	pair_data.py 	<module>() 	Pair Data Started
[2023-05-12 06:10:50,399] 	INFO 	105 	pair_data.py 	<module>() 	Pair Data Ended
[2023-05-12 06:10:51,349] 	INFO 	39 	bribe_data.py 	<module>() 	Bribe Data Started
[2023-05-12 06:14:43,128] 	INFO 	150 	bribe_data.py 	<module>() 	Bribe Data Ended
[2023-05-12 06:14:43,800] 	INFO 	24 	revenue_data.py 	<module>() 	Revenue Data Started
[2023-05-12 06:14:50,792] 	INFO 	72 	revenue_data.py 	<module>() 	Revenue Data Ended
[2023-05-12 07:09:19,831] 	INFO 	23 	id_data_v2.py 	<module>() 	ID Data Started
[2023-05-12 07:11:07,891] 	INFO 	119 	id_data_v2.py 	<module>() 	ID Data Ended
[2023-05-12 08:12:58,821] 	INFO 	23 	id_data_v2.py 	<module>() 	ID Data Started
[2023-05-12 08:14:40,067] 	INFO 	119 	id_data_v2.py 	<module>() 	ID Data Ended
[2023-05-12 09:05:27,578] 	INFO 	26 	day_data.py 	<module>() 	Day Data Started
[2023-05-12 09:05:33,366] 	INFO 	68 	day_data.py 	<module>() 	Day Data Ended
[2023-05-12 09:05:34,589] 	INFO 	36 	pair_data.py 	<module>() 	Pair Data Started
[2023-05-12 09:08:09,743] 	INFO 	105 	pair_data.py 	<module>() 	Pair Data Ended
[2023-05-12 09:08:10,786] 	INFO 	39 	bribe_data.py 	<module>() 	Bribe Data Started
[2023-05-12 09:11:56,455] 	INFO 	150 	bribe_data.py 	<module>() 	Bribe Data Ended
[2023-05-12 09:11:57,190] 	INFO 	24 	revenue_data.py 	<module>() 	Revenue Data Started
[2023-05-12 09:12:04,590] 	INFO 	72 	revenue_data.py 	<module>() 	Revenue Data Ended
[2023-05-12 10:05:52,761] 	INFO 	26 	day_data.py 	<module>() 	Day Data Started
[2023-05-12 10:05:57,694] 	INFO 	68 	day_data.py 	<module>() 	Day Data Ended
[2023-05-12 10:05:58,752] 	INFO 	36 	pair_data.py 	<module>() 	Pair Data Started
[2023-05-12 10:08:28,850] 	INFO 	105 	pair_data.py 	<module>() 	Pair Data Ended
[2023-05-12 10:08:29,798] 	INFO 	39 	bribe_data.py 	<module>() 	Bribe Data Started
[2023-05-12 10:12:08,227] 	INFO 	150 	bribe_data.py 	<module>() 	Bribe Data Ended
[2023-05-12 10:12:08,907] 	INFO 	24 	revenue_data.py 	<module>() 	Revenue Data Started
[2023-05-12 10:12:16,289] 	INFO 	72 	revenue_data.py 	<module>() 	Revenue Data Ended
[2023-05-12 11:03:37,850] 	INFO 	26 	day_data.py 	<module>() 	Day Data Started
[2023-05-12 11:03:43,883] 	INFO 	68 	day_data.py 	<module>() 	Day Data Ended
[2023-05-12 11:03:45,333] 	INFO 	36 	pair_data.py 	<module>() 	Pair Data Started
[2023-05-12 11:06:20,176] 	INFO 	105 	pair_data.py 	<module>() 	Pair Data Ended
[2023-05-12 11:06:21,291] 	INFO 	39 	bribe_data.py 	<module>() 	Bribe Data Started
[2023-05-12 11:10:11,065] 	INFO 	150 	bribe_data.py 	<module>() 	Bribe Data Ended
[2023-05-12 11:10:11,825] 	INFO 	24 	revenue_data.py 	<module>() 	Revenue Data Started
[2023-05-12 11:10:18,922] 	INFO 	72 	revenue_data.py 	<module>() 	Revenue Data Ended
[2023-05-12 12:10:51,662] 	INFO 	26 	day_data.py 	<module>() 	Day Data Started
[2023-05-12 12:10:57,446] 	INFO 	68 	day_data.py 	<module>() 	Day Data Ended
[2023-05-12 12:10:58,778] 	INFO 	36 	pair_data.py 	<module>() 	Pair Data Started
[2023-05-12 12:13:45,797] 	INFO 	105 	pair_data.py 	<module>() 	Pair Data Ended
[2023-05-12 12:13:46,929] 	INFO 	39 	bribe_data.py 	<module>() 	Bribe Data Started
[2023-05-12 12:17:47,983] 	INFO 	150 	bribe_data.py 	<module>() 	Bribe Data Ended
[2023-05-12 12:17:48,833] 	INFO 	24 	revenue_data.py 	<module>() 	Revenue Data Started
[2023-05-12 12:17:57,575] 	INFO 	72 	revenue_data.py 	<module>() 	Revenue Data Ended
[2023-05-12 12:18:46,973] 	INFO 	23 	id_data_v2.py 	<module>() 	ID Data Started
[2023-05-12 12:20:29,624] 	INFO 	119 	id_data_v2.py 	<module>() 	ID Data Ended
[2023-05-12 13:12:31,309] 	INFO 	23 	id_data_v2.py 	<module>() 	ID Data Started
[2023-05-12 13:14:11,759] 	INFO 	119 	id_data_v2.py 	<module>() 	ID Data Ended
[2023-05-12 14:09:20,630] 	INFO 	23 	id_data_v2.py 	<module>() 	ID Data Started
[2023-05-12 14:11:14,806] 	INFO 	119 	id_data_v2.py 	<module>() 	ID Data Ended
[2023-05-12 15:10:25,014] 	INFO 	23 	id_data_v2.py 	<module>() 	ID Data Started
[2023-05-12 15:12:14,089] 	INFO 	119 	id_data_v2.py 	<module>() 	ID Data Ended
[2023-05-12 16:12:40,104] 	INFO 	23 	id_data_v2.py 	<module>() 	ID Data Started
[2023-05-12 16:14:35,632] 	INFO 	119 	id_data_v2.py 	<module>() 	ID Data Ended
[2023-05-12 17:08:59,079] 	INFO 	23 	id_data_v2.py 	<module>() 	ID Data Started
[2023-05-12 17:10:50,496] 	INFO 	119 	id_data_v2.py 	<module>() 	ID Data Ended
[2023-05-12 18:07:00,693] 	INFO 	26 	day_data.py 	<module>() 	Day Data Started
[2023-05-12 18:07:05,734] 	INFO 	68 	day_data.py 	<module>() 	Day Data Ended
[2023-05-12 18:07:06,973] 	INFO 	36 	pair_data.py 	<module>() 	Pair Data Started
[2023-05-12 18:09:49,158] 	INFO 	105 	pair_data.py 	<module>() 	Pair Data Ended
[2023-05-12 18:09:50,142] 	INFO 	39 	bribe_data.py 	<module>() 	Bribe Data Started
[2023-05-12 18:14:03,710] 	INFO 	150 	bribe_data.py 	<module>() 	Bribe Data Ended
[2023-05-12 18:14:04,492] 	INFO 	24 	revenue_data.py 	<module>() 	Revenue Data Started
[2023-05-12 18:14:12,237] 	INFO 	72 	revenue_data.py 	<module>() 	Revenue Data Ended
[2023-05-12 19:08:12,566] 	INFO 	23 	id_data_v2.py 	<module>() 	ID Data Started
[2023-05-12 19:11:07,382] 	INFO 	119 	id_data_v2.py 	<module>() 	ID Data Ended
[2023-05-12 20:10:21,458] 	INFO 	23 	id_data_v2.py 	<module>() 	ID Data Started
[2023-05-12 20:12:01,986] 	INFO 	119 	id_data_v2.py 	<module>() 	ID Data Ended
