[2023-05-10 00:31:06,026] 	INFO 	26 	day_data.py 	<module>() 	Day Data Started
[2023-05-10 00:31:12,054] 	INFO 	68 	day_data.py 	<module>() 	Day Data Ended
[2023-05-10 00:31:13,483] 	INFO 	36 	pair_data.py 	<module>() 	Pair Data Started
[2023-05-10 00:33:56,650] 	INFO 	105 	pair_data.py 	<module>() 	Pair Data Ended
[2023-05-10 00:33:57,684] 	INFO 	39 	bribe_data.py 	<module>() 	Bribe Data Started
[2023-05-10 00:38:51,758] 	INFO 	150 	bribe_data.py 	<module>() 	Bribe Data Ended
[2023-05-10 00:38:52,497] 	INFO 	24 	revenue_data.py 	<module>() 	Revenue Data Started
[2023-05-10 00:38:59,399] 	INFO 	72 	revenue_data.py 	<module>() 	Revenue Data Ended
[2023-05-10 00:53:46,705] 	INFO 	23 	id_data_v2.py 	<module>() 	ID Data Started
[2023-05-10 00:55:38,425] 	INFO 	119 	id_data_v2.py 	<module>() 	ID Data Ended
[2023-05-10 02:00:15,340] 	INFO 	23 	id_data_v2.py 	<module>() 	ID Data Started
[2023-05-10 02:02:38,808] 	INFO 	119 	id_data_v2.py 	<module>() 	ID Data Ended
[2023-05-10 02:34:21,782] 	INFO 	23 	id_data_v2.py 	<module>() 	ID Data Started
[2023-05-10 02:36:29,947] 	INFO 	119 	id_data_v2.py 	<module>() 	ID Data Ended
[2023-05-10 03:06:28,422] 	INFO 	26 	day_data.py 	<module>() 	Day Data Started
[2023-05-10 03:06:33,053] 	INFO 	68 	day_data.py 	<module>() 	Day Data Ended
[2023-05-10 03:06:34,005] 	INFO 	36 	pair_data.py 	<module>() 	Pair Data Started
[2023-05-10 03:09:11,182] 	INFO 	105 	pair_data.py 	<module>() 	Pair Data Ended
[2023-05-10 03:09:12,085] 	INFO 	39 	bribe_data.py 	<module>() 	Bribe Data Started
[2023-05-10 03:13:28,845] 	INFO 	150 	bribe_data.py 	<module>() 	Bribe Data Ended
[2023-05-10 03:13:29,497] 	INFO 	24 	revenue_data.py 	<module>() 	Revenue Data Started
[2023-05-10 03:13:34,674] 	INFO 	72 	revenue_data.py 	<module>() 	Revenue Data Ended
[2023-05-10 04:12:20,115] 	INFO 	23 	id_data_v2.py 	<module>() 	ID Data Started
[2023-05-10 04:14:19,658] 	INFO 	119 	id_data_v2.py 	<module>() 	ID Data Ended
