[2023-05-08 00:30:55,706] 	INFO 	26 	day_data.py 	<module>() 	Day Data Started
[2023-05-08 00:30:58,971] 	INFO 	68 	day_data.py 	<module>() 	Day Data Ended
[2023-05-08 00:31:00,531] 	INFO 	36 	pair_data.py 	<module>() 	Pair Data Started
[2023-05-08 00:33:30,123] 	INFO 	105 	pair_data.py 	<module>() 	Pair Data Ended
[2023-05-08 00:33:31,159] 	INFO 	39 	bribe_data.py 	<module>() 	Bribe Data Started
[2023-05-08 00:37:14,409] 	INFO 	150 	bribe_data.py 	<module>() 	Bribe Data Ended
[2023-05-08 00:37:15,147] 	INFO 	24 	revenue_data.py 	<module>() 	Revenue Data Started
[2023-05-08 00:37:21,097] 	INFO 	72 	revenue_data.py 	<module>() 	Revenue Data Ended
[2023-05-08 00:53:24,294] 	INFO 	23 	id_data_v2.py 	<module>() 	ID Data Started
[2023-05-08 00:56:08,297] 	INFO 	119 	id_data_v2.py 	<module>() 	ID Data Ended
[2023-05-08 02:03:20,577] 	INFO 	23 	id_data_v2.py 	<module>() 	ID Data Started
[2023-05-08 02:05:59,204] 	INFO 	119 	id_data_v2.py 	<module>() 	ID Data Ended
[2023-05-08 02:30:39,286] 	INFO 	26 	day_data.py 	<module>() 	Day Data Started
[2023-05-08 02:30:43,116] 	INFO 	68 	day_data.py 	<module>() 	Day Data Ended
[2023-05-08 02:30:44,358] 	INFO 	36 	pair_data.py 	<module>() 	Pair Data Started
[2023-05-08 02:33:11,508] 	INFO 	105 	pair_data.py 	<module>() 	Pair Data Ended
[2023-05-08 02:33:12,446] 	INFO 	39 	bribe_data.py 	<module>() 	Bribe Data Started
[2023-05-08 02:36:50,799] 	INFO 	150 	bribe_data.py 	<module>() 	Bribe Data Ended
[2023-05-08 02:36:51,496] 	INFO 	24 	revenue_data.py 	<module>() 	Revenue Data Started
[2023-05-08 02:36:57,921] 	INFO 	72 	revenue_data.py 	<module>() 	Revenue Data Ended
[2023-05-08 03:11:05,700] 	INFO 	23 	id_data_v2.py 	<module>() 	ID Data Started
[2023-05-08 03:12:47,073] 	INFO 	119 	id_data_v2.py 	<module>() 	ID Data Ended
[2023-05-08 04:12:46,370] 	INFO 	23 	id_data_v2.py 	<module>() 	ID Data Started
[2023-05-08 04:14:36,199] 	INFO 	119 	id_data_v2.py 	<module>() 	ID Data Ended
[2023-05-08 05:06:01,528] 	INFO 	26 	day_data.py 	<module>() 	Day Data Started
[2023-05-08 05:06:05,635] 	INFO 	68 	day_data.py 	<module>() 	Day Data Ended
[2023-05-08 05:06:06,571] 	INFO 	36 	pair_data.py 	<module>() 	Pair Data Started
[2023-05-08 05:08:28,680] 	INFO 	105 	pair_data.py 	<module>() 	Pair Data Ended
[2023-05-08 05:08:29,577] 	INFO 	39 	bribe_data.py 	<module>() 	Bribe Data Started
[2023-05-08 05:12:07,053] 	INFO 	150 	bribe_data.py 	<module>() 	Bribe Data Ended
[2023-05-08 05:12:07,724] 	INFO 	24 	revenue_data.py 	<module>() 	Revenue Data Started
[2023-05-08 05:12:13,080] 	INFO 	72 	revenue_data.py 	<module>() 	Revenue Data Ended
[2023-05-08 06:08:20,556] 	INFO 	26 	day_data.py 	<module>() 	Day Data Started
[2023-05-08 06:08:25,324] 	INFO 	68 	day_data.py 	<module>() 	Day Data Ended
[2023-05-08 06:08:26,313] 	INFO 	36 	pair_data.py 	<module>() 	Pair Data Started
[2023-05-08 06:10:40,863] 	INFO 	105 	pair_data.py 	<module>() 	Pair Data Ended
[2023-05-08 06:10:41,820] 	INFO 	39 	bribe_data.py 	<module>() 	Bribe Data Started
[2023-05-08 06:14:02,366] 	INFO 	150 	bribe_data.py 	<module>() 	Bribe Data Ended
[2023-05-08 06:14:03,075] 	INFO 	24 	revenue_data.py 	<module>() 	Revenue Data Started
[2023-05-08 06:14:10,389] 	INFO 	72 	revenue_data.py 	<module>() 	Revenue Data Ended
[2023-05-08 07:10:19,826] 	INFO 	23 	id_data_v2.py 	<module>() 	ID Data Started
[2023-05-08 07:11:46,369] 	INFO 	119 	id_data_v2.py 	<module>() 	ID Data Ended
[2023-05-08 08:13:49,642] 	INFO 	23 	id_data_v2.py 	<module>() 	ID Data Started
[2023-05-08 08:15:21,516] 	INFO 	119 	id_data_v2.py 	<module>() 	ID Data Ended
