[2023-04-25 00:31:58,721] 	INFO 	26 	day_data.py 	<module>() 	Day Data Started
[2023-04-25 00:32:03,694] 	INFO 	68 	day_data.py 	<module>() 	Day Data Ended
[2023-04-25 00:32:04,704] 	INFO 	36 	pair_data.py 	<module>() 	Pair Data Started
[2023-04-25 00:34:23,794] 	INFO 	105 	pair_data.py 	<module>() 	Pair Data Ended
[2023-04-25 00:34:24,722] 	INFO 	39 	bribe_data.py 	<module>() 	Bribe Data Started
[2023-04-25 00:39:31,148] 	INFO 	150 	bribe_data.py 	<module>() 	Bribe Data Ended
[2023-04-25 00:39:31,781] 	INFO 	24 	revenue_data.py 	<module>() 	Revenue Data Started
[2023-04-25 00:39:40,688] 	INFO 	72 	revenue_data.py 	<module>() 	Revenue Data Ended
[2023-04-25 00:54:54,785] 	INFO 	23 	id_data_v2.py 	<module>() 	ID Data Started
[2023-04-25 00:56:30,597] 	INFO 	116 	id_data_v2.py 	<module>() 	ID Data Ended
[2023-04-25 02:03:21,033] 	INFO 	23 	id_data_v2.py 	<module>() 	ID Data Started
[2023-04-25 02:04:45,619] 	INFO 	116 	id_data_v2.py 	<module>() 	ID Data Ended
[2023-04-25 02:30:10,664] 	INFO 	26 	day_data.py 	<module>() 	Day Data Started
[2023-04-25 02:30:15,091] 	INFO 	68 	day_data.py 	<module>() 	Day Data Ended
[2023-04-25 02:30:16,390] 	INFO 	36 	pair_data.py 	<module>() 	Pair Data Started
[2023-04-25 02:32:10,458] 	INFO 	105 	pair_data.py 	<module>() 	Pair Data Ended
[2023-04-25 02:32:11,412] 	INFO 	39 	bribe_data.py 	<module>() 	Bribe Data Started
[2023-04-25 02:35:22,987] 	INFO 	150 	bribe_data.py 	<module>() 	Bribe Data Ended
[2023-04-25 02:35:23,674] 	INFO 	24 	revenue_data.py 	<module>() 	Revenue Data Started
[2023-04-25 02:35:30,267] 	INFO 	72 	revenue_data.py 	<module>() 	Revenue Data Ended
[2023-04-25 03:06:46,922] 	INFO 	26 	day_data.py 	<module>() 	Day Data Started
[2023-04-25 03:06:50,635] 	INFO 	68 	day_data.py 	<module>() 	Day Data Ended
[2023-04-25 03:06:51,561] 	INFO 	36 	pair_data.py 	<module>() 	Pair Data Started
[2023-04-25 03:08:49,526] 	INFO 	105 	pair_data.py 	<module>() 	Pair Data Ended
[2023-04-25 03:08:50,413] 	INFO 	39 	bribe_data.py 	<module>() 	Bribe Data Started
[2023-04-25 03:11:31,271] 	INFO 	150 	bribe_data.py 	<module>() 	Bribe Data Ended
[2023-04-25 03:11:31,902] 	INFO 	24 	revenue_data.py 	<module>() 	Revenue Data Started
[2023-04-25 03:11:39,225] 	INFO 	72 	revenue_data.py 	<module>() 	Revenue Data Ended
[2023-04-25 04:12:32,867] 	INFO 	23 	id_data_v2.py 	<module>() 	ID Data Started
[2023-04-25 04:14:53,753] 	INFO 	116 	id_data_v2.py 	<module>() 	ID Data Ended
[2023-04-25 05:10:10,774] 	INFO 	23 	id_data_v2.py 	<module>() 	ID Data Started
[2023-04-25 05:11:19,917] 	INFO 	116 	id_data_v2.py 	<module>() 	ID Data Ended
[2023-04-25 06:13:30,933] 	INFO 	23 	id_data_v2.py 	<module>() 	ID Data Started
[2023-04-25 06:15:02,595] 	INFO 	116 	id_data_v2.py 	<module>() 	ID Data Ended
[2023-04-25 07:05:48,197] 	INFO 	26 	day_data.py 	<module>() 	Day Data Started
[2023-04-25 07:05:51,749] 	INFO 	68 	day_data.py 	<module>() 	Day Data Ended
[2023-04-25 07:05:53,101] 	INFO 	36 	pair_data.py 	<module>() 	Pair Data Started
[2023-04-25 07:08:04,037] 	INFO 	105 	pair_data.py 	<module>() 	Pair Data Ended
[2023-04-25 07:08:05,060] 	INFO 	39 	bribe_data.py 	<module>() 	Bribe Data Started
[2023-04-25 07:12:21,280] 	INFO 	150 	bribe_data.py 	<module>() 	Bribe Data Ended
[2023-04-25 07:12:22,005] 	INFO 	24 	revenue_data.py 	<module>() 	Revenue Data Started
[2023-04-25 07:12:28,673] 	INFO 	72 	revenue_data.py 	<module>() 	Revenue Data Ended
