[2023-05-13 00:29:57,719] 	INFO 	26 	day_data.py 	<module>() 	Day Data Started
[2023-05-13 00:30:03,459] 	INFO 	68 	day_data.py 	<module>() 	Day Data Ended
[2023-05-13 00:30:04,420] 	INFO 	36 	pair_data.py 	<module>() 	Pair Data Started
[2023-05-13 00:33:00,191] 	INFO 	105 	pair_data.py 	<module>() 	Pair Data Ended
[2023-05-13 00:33:01,181] 	INFO 	39 	bribe_data.py 	<module>() 	Bribe Data Started
[2023-05-13 00:37:09,964] 	INFO 	150 	bribe_data.py 	<module>() 	Bribe Data Ended
[2023-05-13 00:37:10,689] 	INFO 	24 	revenue_data.py 	<module>() 	Revenue Data Started
[2023-05-13 00:37:17,765] 	INFO 	72 	revenue_data.py 	<module>() 	Revenue Data Ended
[2023-05-13 00:52:12,436] 	INFO 	23 	id_data_v2.py 	<module>() 	ID Data Started
[2023-05-13 00:54:59,639] 	INFO 	119 	id_data_v2.py 	<module>() 	ID Data Ended
[2023-05-13 01:59:06,264] 	INFO 	23 	id_data_v2.py 	<module>() 	ID Data Started
[2023-05-13 02:01:51,535] 	INFO 	119 	id_data_v2.py 	<module>() 	ID Data Ended
[2023-05-13 02:23:53,721] 	INFO 	26 	day_data.py 	<module>() 	Day Data Started
[2023-05-13 02:23:59,147] 	INFO 	68 	day_data.py 	<module>() 	Day Data Ended
[2023-05-13 02:24:00,563] 	INFO 	36 	pair_data.py 	<module>() 	Pair Data Started
[2023-05-13 02:26:34,687] 	INFO 	105 	pair_data.py 	<module>() 	Pair Data Ended
[2023-05-13 02:26:35,910] 	INFO 	39 	bribe_data.py 	<module>() 	Bribe Data Started
[2023-05-13 02:31:14,489] 	INFO 	150 	bribe_data.py 	<module>() 	Bribe Data Ended
[2023-05-13 02:31:15,328] 	INFO 	24 	revenue_data.py 	<module>() 	Revenue Data Started
[2023-05-13 02:31:20,266] 	INFO 	72 	revenue_data.py 	<module>() 	Revenue Data Ended
[2023-05-13 03:10:35,025] 	INFO 	23 	id_data_v2.py 	<module>() 	ID Data Started
[2023-05-13 03:12:10,092] 	INFO 	119 	id_data_v2.py 	<module>() 	ID Data Ended
[2023-05-13 04:06:53,210] 	INFO 	26 	day_data.py 	<module>() 	Day Data Started
[2023-05-13 04:06:56,859] 	INFO 	68 	day_data.py 	<module>() 	Day Data Ended
[2023-05-13 04:06:57,843] 	INFO 	36 	pair_data.py 	<module>() 	Pair Data Started
[2023-05-13 04:09:23,069] 	INFO 	105 	pair_data.py 	<module>() 	Pair Data Ended
[2023-05-13 04:09:24,024] 	INFO 	39 	bribe_data.py 	<module>() 	Bribe Data Started
[2023-05-13 04:13:19,893] 	INFO 	150 	bribe_data.py 	<module>() 	Bribe Data Ended
[2023-05-13 04:13:20,585] 	INFO 	24 	revenue_data.py 	<module>() 	Revenue Data Started
[2023-05-13 04:13:25,508] 	INFO 	72 	revenue_data.py 	<module>() 	Revenue Data Ended
[2023-05-13 05:03:49,034] 	INFO 	26 	day_data.py 	<module>() 	Day Data Started
[2023-05-13 05:03:52,669] 	INFO 	68 	day_data.py 	<module>() 	Day Data Ended
[2023-05-13 05:03:53,815] 	INFO 	36 	pair_data.py 	<module>() 	Pair Data Started
[2023-05-13 05:06:26,839] 	INFO 	105 	pair_data.py 	<module>() 	Pair Data Ended
[2023-05-13 05:06:27,797] 	INFO 	39 	bribe_data.py 	<module>() 	Bribe Data Started
[2023-05-13 05:10:11,746] 	INFO 	150 	bribe_data.py 	<module>() 	Bribe Data Ended
[2023-05-13 05:10:12,421] 	INFO 	24 	revenue_data.py 	<module>() 	Revenue Data Started
[2023-05-13 05:10:17,376] 	INFO 	72 	revenue_data.py 	<module>() 	Revenue Data Ended
[2023-05-13 06:12:35,394] 	INFO 	23 	id_data_v2.py 	<module>() 	ID Data Started
[2023-05-13 06:15:21,130] 	INFO 	119 	id_data_v2.py 	<module>() 	ID Data Ended
[2023-05-13 07:03:38,538] 	INFO 	26 	day_data.py 	<module>() 	Day Data Started
[2023-05-13 07:03:43,282] 	INFO 	68 	day_data.py 	<module>() 	Day Data Ended
[2023-05-13 07:03:44,382] 	INFO 	36 	pair_data.py 	<module>() 	Pair Data Started
[2023-05-13 07:06:07,004] 	INFO 	105 	pair_data.py 	<module>() 	Pair Data Ended
[2023-05-13 07:06:07,957] 	INFO 	39 	bribe_data.py 	<module>() 	Bribe Data Started
[2023-05-13 07:09:43,302] 	INFO 	150 	bribe_data.py 	<module>() 	Bribe Data Ended
[2023-05-13 07:09:43,970] 	INFO 	24 	revenue_data.py 	<module>() 	Revenue Data Started
[2023-05-13 07:09:48,003] 	INFO 	72 	revenue_data.py 	<module>() 	Revenue Data Ended
[2023-05-13 08:07:06,371] 	INFO 	26 	day_data.py 	<module>() 	Day Data Started
[2023-05-13 08:07:11,536] 	INFO 	68 	day_data.py 	<module>() 	Day Data Ended
[2023-05-13 08:07:12,614] 	INFO 	36 	pair_data.py 	<module>() 	Pair Data Started
[2023-05-13 08:09:53,260] 	INFO 	105 	pair_data.py 	<module>() 	Pair Data Ended
[2023-05-13 08:09:54,152] 	INFO 	39 	bribe_data.py 	<module>() 	Bribe Data Started
[2023-05-13 08:13:32,852] 	INFO 	150 	bribe_data.py 	<module>() 	Bribe Data Ended
[2023-05-13 08:13:33,487] 	INFO 	24 	revenue_data.py 	<module>() 	Revenue Data Started
[2023-05-13 08:13:37,506] 	INFO 	72 	revenue_data.py 	<module>() 	Revenue Data Ended
[2023-05-13 09:09:08,948] 	INFO 	23 	id_data_v2.py 	<module>() 	ID Data Started
[2023-05-13 09:10:47,252] 	INFO 	119 	id_data_v2.py 	<module>() 	ID Data Ended
[2023-05-13 10:04:39,291] 	INFO 	26 	day_data.py 	<module>() 	Day Data Started
[2023-05-13 10:04:44,133] 	INFO 	68 	day_data.py 	<module>() 	Day Data Ended
[2023-05-13 10:04:45,361] 	INFO 	36 	pair_data.py 	<module>() 	Pair Data Started
[2023-05-13 10:07:27,838] 	INFO 	105 	pair_data.py 	<module>() 	Pair Data Ended
[2023-05-13 10:07:28,749] 	INFO 	39 	bribe_data.py 	<module>() 	Bribe Data Started
[2023-05-13 10:11:09,417] 	INFO 	150 	bribe_data.py 	<module>() 	Bribe Data Ended
[2023-05-13 10:11:10,064] 	INFO 	24 	revenue_data.py 	<module>() 	Revenue Data Started
[2023-05-13 10:11:15,380] 	INFO 	72 	revenue_data.py 	<module>() 	Revenue Data Ended
[2023-05-13 11:02:49,513] 	INFO 	26 	day_data.py 	<module>() 	Day Data Started
[2023-05-13 11:02:53,820] 	INFO 	68 	day_data.py 	<module>() 	Day Data Ended
[2023-05-13 11:02:55,018] 	INFO 	36 	pair_data.py 	<module>() 	Pair Data Started
[2023-05-13 11:05:31,509] 	INFO 	105 	pair_data.py 	<module>() 	Pair Data Ended
[2023-05-13 11:05:32,452] 	INFO 	39 	bribe_data.py 	<module>() 	Bribe Data Started
[2023-05-13 11:09:17,972] 	INFO 	150 	bribe_data.py 	<module>() 	Bribe Data Ended
[2023-05-13 11:09:18,642] 	INFO 	24 	revenue_data.py 	<module>() 	Revenue Data Started
[2023-05-13 11:09:23,263] 	INFO 	72 	revenue_data.py 	<module>() 	Revenue Data Ended
