[2023-03-20 00:35:52,657] 	INFO 	26 	day_data.py 	<module>() 	Day Data Started
[2023-03-20 00:35:57,499] 	INFO 	68 	day_data.py 	<module>() 	Day Data Ended
[2023-03-20 00:35:58,378] 	INFO 	36 	pair_data.py 	<module>() 	Pair Data Started
[2023-03-20 00:37:44,179] 	INFO 	107 	pair_data.py 	<module>() 	Pair Data Ended
[2023-03-20 00:37:45,082] 	INFO 	39 	bribe_data.py 	<module>() 	Bribe Data Started
[2023-03-20 00:39:12,123] 	INFO 	138 	bribe_data.py 	<module>() 	Bribe Data Ended
[2023-03-20 00:39:12,742] 	INFO 	24 	revenue_data.py 	<module>() 	Revenue Data Started
[2023-03-20 00:39:18,156] 	INFO 	72 	revenue_data.py 	<module>() 	Revenue Data Ended
[2023-03-20 01:38:23,810] 	INFO 	23 	id_data.py 	<module>() 	ID Data Started
[2023-03-20 01:39:46,786] 	INFO 	74 	id_data.py 	<module>() 	ID Data Ended
[2023-03-20 02:09:16,769] 	INFO 	26 	day_data.py 	<module>() 	Day Data Started
[2023-03-20 02:09:21,600] 	INFO 	68 	day_data.py 	<module>() 	Day Data Ended
[2023-03-20 02:09:22,642] 	INFO 	36 	pair_data.py 	<module>() 	Pair Data Started
[2023-03-20 02:11:14,132] 	INFO 	107 	pair_data.py 	<module>() 	Pair Data Ended
[2023-03-20 02:11:15,148] 	INFO 	39 	bribe_data.py 	<module>() 	Bribe Data Started
[2023-03-20 02:13:23,959] 	INFO 	138 	bribe_data.py 	<module>() 	Bribe Data Ended
[2023-03-20 02:13:24,686] 	INFO 	24 	revenue_data.py 	<module>() 	Revenue Data Started
[2023-03-20 02:13:29,867] 	INFO 	72 	revenue_data.py 	<module>() 	Revenue Data Ended
[2023-03-20 02:44:32,230] 	INFO 	23 	id_data.py 	<module>() 	ID Data Started
[2023-03-20 02:45:19,280] 	INFO 	74 	id_data.py 	<module>() 	ID Data Ended
[2023-03-20 03:07:12,724] 	INFO 	26 	day_data.py 	<module>() 	Day Data Started
[2023-03-20 03:07:16,474] 	INFO 	68 	day_data.py 	<module>() 	Day Data Ended
[2023-03-20 03:07:17,355] 	INFO 	36 	pair_data.py 	<module>() 	Pair Data Started
[2023-03-20 03:08:45,305] 	INFO 	107 	pair_data.py 	<module>() 	Pair Data Ended
[2023-03-20 03:08:46,205] 	INFO 	39 	bribe_data.py 	<module>() 	Bribe Data Started
[2023-03-20 03:09:44,601] 	INFO 	138 	bribe_data.py 	<module>() 	Bribe Data Ended
[2023-03-20 03:09:45,219] 	INFO 	24 	revenue_data.py 	<module>() 	Revenue Data Started
[2023-03-20 03:09:50,527] 	INFO 	72 	revenue_data.py 	<module>() 	Revenue Data Ended
[2023-03-20 03:19:13,269] 	INFO 	23 	id_data.py 	<module>() 	ID Data Started
[2023-03-20 03:20:00,786] 	INFO 	74 	id_data.py 	<module>() 	ID Data Ended
[2023-03-20 04:08:11,157] 	INFO 	26 	day_data.py 	<module>() 	Day Data Started
[2023-03-20 04:08:16,093] 	INFO 	68 	day_data.py 	<module>() 	Day Data Ended
[2023-03-20 04:08:17,103] 	INFO 	36 	pair_data.py 	<module>() 	Pair Data Started
[2023-03-20 04:09:48,328] 	INFO 	107 	pair_data.py 	<module>() 	Pair Data Ended
[2023-03-20 04:09:49,224] 	INFO 	39 	bribe_data.py 	<module>() 	Bribe Data Started
[2023-03-20 04:10:44,252] 	INFO 	138 	bribe_data.py 	<module>() 	Bribe Data Ended
[2023-03-20 04:10:44,883] 	INFO 	24 	revenue_data.py 	<module>() 	Revenue Data Started
[2023-03-20 04:10:49,118] 	INFO 	72 	revenue_data.py 	<module>() 	Revenue Data Ended
[2023-03-20 04:22:54,861] 	INFO 	23 	id_data.py 	<module>() 	ID Data Started
[2023-03-20 04:23:37,294] 	INFO 	74 	id_data.py 	<module>() 	ID Data Ended
[2023-03-20 05:06:36,932] 	INFO 	26 	day_data.py 	<module>() 	Day Data Started
[2023-03-20 05:06:41,509] 	INFO 	68 	day_data.py 	<module>() 	Day Data Ended
[2023-03-20 05:06:42,715] 	INFO 	36 	pair_data.py 	<module>() 	Pair Data Started
[2023-03-20 05:08:18,717] 	INFO 	107 	pair_data.py 	<module>() 	Pair Data Ended
[2023-03-20 05:08:19,869] 	INFO 	39 	bribe_data.py 	<module>() 	Bribe Data Started
[2023-03-20 05:09:12,283] 	INFO 	138 	bribe_data.py 	<module>() 	Bribe Data Ended
[2023-03-20 05:09:13,073] 	INFO 	24 	revenue_data.py 	<module>() 	Revenue Data Started
[2023-03-20 05:09:19,162] 	INFO 	72 	revenue_data.py 	<module>() 	Revenue Data Ended
[2023-03-20 05:17:53,302] 	INFO 	23 	id_data.py 	<module>() 	ID Data Started
[2023-03-20 05:18:57,479] 	INFO 	74 	id_data.py 	<module>() 	ID Data Ended
[2023-03-20 06:09:40,651] 	INFO 	26 	day_data.py 	<module>() 	Day Data Started
[2023-03-20 06:09:44,483] 	INFO 	68 	day_data.py 	<module>() 	Day Data Ended
[2023-03-20 06:09:45,773] 	INFO 	36 	pair_data.py 	<module>() 	Pair Data Started
[2023-03-20 06:11:34,844] 	INFO 	107 	pair_data.py 	<module>() 	Pair Data Ended
[2023-03-20 06:11:35,954] 	INFO 	39 	bribe_data.py 	<module>() 	Bribe Data Started
[2023-03-20 06:13:30,062] 	INFO 	138 	bribe_data.py 	<module>() 	Bribe Data Ended
[2023-03-20 06:13:30,845] 	INFO 	24 	revenue_data.py 	<module>() 	Revenue Data Started
[2023-03-20 06:13:35,829] 	INFO 	72 	revenue_data.py 	<module>() 	Revenue Data Ended
[2023-03-20 06:24:36,255] 	INFO 	23 	id_data.py 	<module>() 	ID Data Started
[2023-03-20 06:25:18,238] 	INFO 	74 	id_data.py 	<module>() 	ID Data Ended
[2023-03-20 07:06:54,611] 	INFO 	26 	day_data.py 	<module>() 	Day Data Started
[2023-03-20 07:06:57,687] 	INFO 	68 	day_data.py 	<module>() 	Day Data Ended
[2023-03-20 07:06:58,674] 	INFO 	36 	pair_data.py 	<module>() 	Pair Data Started
[2023-03-20 07:08:22,039] 	INFO 	107 	pair_data.py 	<module>() 	Pair Data Ended
[2023-03-20 07:08:22,986] 	INFO 	39 	bribe_data.py 	<module>() 	Bribe Data Started
[2023-03-20 07:09:16,549] 	INFO 	138 	bribe_data.py 	<module>() 	Bribe Data Ended
[2023-03-20 07:09:17,198] 	INFO 	24 	revenue_data.py 	<module>() 	Revenue Data Started
[2023-03-20 07:09:22,332] 	INFO 	72 	revenue_data.py 	<module>() 	Revenue Data Ended
[2023-03-20 07:17:21,960] 	INFO 	23 	id_data.py 	<module>() 	ID Data Started
[2023-03-20 07:18:40,252] 	INFO 	74 	id_data.py 	<module>() 	ID Data Ended
[2023-03-20 08:09:44,024] 	INFO 	26 	day_data.py 	<module>() 	Day Data Started
[2023-03-20 08:09:48,216] 	INFO 	68 	day_data.py 	<module>() 	Day Data Ended
[2023-03-20 08:09:49,477] 	INFO 	36 	pair_data.py 	<module>() 	Pair Data Started
[2023-03-20 08:11:28,465] 	INFO 	107 	pair_data.py 	<module>() 	Pair Data Ended
[2023-03-20 08:11:29,619] 	INFO 	39 	bribe_data.py 	<module>() 	Bribe Data Started
[2023-03-20 08:12:38,873] 	INFO 	138 	bribe_data.py 	<module>() 	Bribe Data Ended
[2023-03-20 08:12:39,670] 	INFO 	24 	revenue_data.py 	<module>() 	Revenue Data Started
[2023-03-20 08:12:43,753] 	INFO 	72 	revenue_data.py 	<module>() 	Revenue Data Ended
[2023-03-20 08:24:47,648] 	INFO 	23 	id_data.py 	<module>() 	ID Data Started
[2023-03-20 08:25:30,276] 	INFO 	74 	id_data.py 	<module>() 	ID Data Ended
[2023-03-20 08:42:34,380] 	INFO 	39 	bribe_data.py 	<module>() 	Bribe Data Started
[2023-03-20 08:44:27,775] 	ERROR 	152 	bribe_data.py 	<module>() 	Error occurred during Bribe Data process. Error: 'decimals'
[2023-03-20 08:51:24,772] 	INFO 	39 	bribe_data.py 	<module>() 	Bribe Data Started
[2023-03-20 08:52:20,018] 	ERROR 	152 	bribe_data.py 	<module>() 	Error occurred during Bribe Data process. Error: 'decimals'
[2023-03-20 08:54:58,665] 	INFO 	39 	bribe_data.py 	<module>() 	Bribe Data Started
[2023-03-20 08:56:24,291] 	INFO 	150 	bribe_data.py 	<module>() 	Bribe Data Ended
[2023-03-20 09:00:17,798] 	INFO 	26 	day_data.py 	<module>() 	Day Data Started
[2023-03-20 09:00:22,311] 	INFO 	68 	day_data.py 	<module>() 	Day Data Ended
[2023-03-20 09:00:23,157] 	INFO 	36 	pair_data.py 	<module>() 	Pair Data Started
[2023-03-20 09:02:03,382] 	INFO 	107 	pair_data.py 	<module>() 	Pair Data Ended
[2023-03-20 09:02:04,237] 	INFO 	39 	bribe_data.py 	<module>() 	Bribe Data Started
[2023-03-20 09:03:29,934] 	INFO 	150 	bribe_data.py 	<module>() 	Bribe Data Ended
[2023-03-20 09:03:30,537] 	INFO 	24 	revenue_data.py 	<module>() 	Revenue Data Started
[2023-03-20 09:03:37,065] 	INFO 	72 	revenue_data.py 	<module>() 	Revenue Data Ended
[2023-03-20 09:07:37,739] 	INFO 	26 	day_data.py 	<module>() 	Day Data Started
[2023-03-20 09:07:42,273] 	INFO 	68 	day_data.py 	<module>() 	Day Data Ended
[2023-03-20 09:07:43,409] 	INFO 	36 	pair_data.py 	<module>() 	Pair Data Started
[2023-03-20 09:09:11,941] 	INFO 	107 	pair_data.py 	<module>() 	Pair Data Ended
[2023-03-20 09:09:12,896] 	INFO 	39 	bribe_data.py 	<module>() 	Bribe Data Started
[2023-03-20 09:10:10,768] 	INFO 	150 	bribe_data.py 	<module>() 	Bribe Data Ended
[2023-03-20 09:10:11,450] 	INFO 	24 	revenue_data.py 	<module>() 	Revenue Data Started
[2023-03-20 09:10:14,898] 	INFO 	72 	revenue_data.py 	<module>() 	Revenue Data Ended
[2023-03-20 09:19:23,061] 	INFO 	23 	id_data.py 	<module>() 	ID Data Started
[2023-03-20 09:20:23,776] 	INFO 	74 	id_data.py 	<module>() 	ID Data Ended
