[2023-04-26 00:32:09,461] 	INFO 	26 	day_data.py 	<module>() 	Day Data Started
[2023-04-26 00:32:15,506] 	INFO 	68 	day_data.py 	<module>() 	Day Data Ended
[2023-04-26 00:32:16,749] 	INFO 	36 	pair_data.py 	<module>() 	Pair Data Started
[2023-04-26 00:34:38,765] 	INFO 	105 	pair_data.py 	<module>() 	Pair Data Ended
[2023-04-26 00:34:39,851] 	INFO 	39 	bribe_data.py 	<module>() 	Bribe Data Started
[2023-04-26 00:41:01,278] 	INFO 	150 	bribe_data.py 	<module>() 	Bribe Data Ended
[2023-04-26 00:41:02,087] 	INFO 	24 	revenue_data.py 	<module>() 	Revenue Data Started
[2023-04-26 00:41:07,854] 	INFO 	72 	revenue_data.py 	<module>() 	Revenue Data Ended
[2023-04-26 00:54:30,611] 	INFO 	23 	id_data_v2.py 	<module>() 	ID Data Started
[2023-04-26 00:56:02,129] 	INFO 	119 	id_data_v2.py 	<module>() 	ID Data Ended
[2023-04-26 02:03:20,446] 	INFO 	23 	id_data_v2.py 	<module>() 	ID Data Started
[2023-04-26 02:04:55,625] 	INFO 	119 	id_data_v2.py 	<module>() 	ID Data Ended
[2023-04-26 02:29:31,025] 	INFO 	26 	day_data.py 	<module>() 	Day Data Started
[2023-04-26 02:29:35,755] 	INFO 	68 	day_data.py 	<module>() 	Day Data Ended
[2023-04-26 02:29:37,149] 	INFO 	36 	pair_data.py 	<module>() 	Pair Data Started
[2023-04-26 02:31:57,060] 	INFO 	105 	pair_data.py 	<module>() 	Pair Data Ended
[2023-04-26 02:31:58,313] 	INFO 	39 	bribe_data.py 	<module>() 	Bribe Data Started
[2023-04-26 02:38:16,475] 	INFO 	150 	bribe_data.py 	<module>() 	Bribe Data Ended
[2023-04-26 02:38:17,286] 	INFO 	24 	revenue_data.py 	<module>() 	Revenue Data Started
[2023-04-26 02:38:22,746] 	INFO 	72 	revenue_data.py 	<module>() 	Revenue Data Ended
[2023-04-26 03:11:24,212] 	INFO 	23 	id_data_v2.py 	<module>() 	ID Data Started
[2023-04-26 03:12:49,935] 	INFO 	119 	id_data_v2.py 	<module>() 	ID Data Ended
[2023-04-26 04:12:33,860] 	INFO 	23 	id_data_v2.py 	<module>() 	ID Data Started
[2023-04-26 04:14:08,567] 	INFO 	119 	id_data_v2.py 	<module>() 	ID Data Ended
[2023-04-26 05:06:00,057] 	INFO 	26 	day_data.py 	<module>() 	Day Data Started
[2023-04-26 05:06:04,258] 	INFO 	68 	day_data.py 	<module>() 	Day Data Ended
[2023-04-26 05:06:05,545] 	INFO 	36 	pair_data.py 	<module>() 	Pair Data Started
[2023-04-26 05:08:13,602] 	INFO 	105 	pair_data.py 	<module>() 	Pair Data Ended
[2023-04-26 05:08:14,557] 	INFO 	39 	bribe_data.py 	<module>() 	Bribe Data Started
[2023-04-26 05:11:30,288] 	INFO 	150 	bribe_data.py 	<module>() 	Bribe Data Ended
[2023-04-26 05:11:30,962] 	INFO 	24 	revenue_data.py 	<module>() 	Revenue Data Started
[2023-04-26 05:11:36,558] 	INFO 	72 	revenue_data.py 	<module>() 	Revenue Data Ended
[2023-04-26 06:14:01,157] 	INFO 	23 	id_data_v2.py 	<module>() 	ID Data Started
[2023-04-26 06:16:45,553] 	INFO 	119 	id_data_v2.py 	<module>() 	ID Data Ended
[2023-04-26 07:10:09,291] 	INFO 	23 	id_data_v2.py 	<module>() 	ID Data Started
[2023-04-26 07:11:54,282] 	INFO 	119 	id_data_v2.py 	<module>() 	ID Data Ended
[2023-04-26 08:08:16,311] 	INFO 	26 	day_data.py 	<module>() 	Day Data Started
[2023-04-26 08:08:21,210] 	INFO 	68 	day_data.py 	<module>() 	Day Data Ended
[2023-04-26 08:08:22,482] 	INFO 	36 	pair_data.py 	<module>() 	Pair Data Started
[2023-04-26 08:10:48,076] 	INFO 	105 	pair_data.py 	<module>() 	Pair Data Ended
[2023-04-26 08:10:49,205] 	INFO 	39 	bribe_data.py 	<module>() 	Bribe Data Started
[2023-04-26 08:14:59,575] 	INFO 	150 	bribe_data.py 	<module>() 	Bribe Data Ended
[2023-04-26 08:15:00,441] 	INFO 	24 	revenue_data.py 	<module>() 	Revenue Data Started
[2023-04-26 08:15:05,497] 	INFO 	72 	revenue_data.py 	<module>() 	Revenue Data Ended
[2023-04-26 09:10:35,422] 	INFO 	23 	id_data_v2.py 	<module>() 	ID Data Started
[2023-04-26 09:13:07,518] 	INFO 	119 	id_data_v2.py 	<module>() 	ID Data Ended
[2023-04-26 10:11:13,582] 	INFO 	23 	id_data_v2.py 	<module>() 	ID Data Started
[2023-04-26 10:14:02,617] 	INFO 	119 	id_data_v2.py 	<module>() 	ID Data Ended
[2023-04-26 11:03:56,760] 	INFO 	26 	day_data.py 	<module>() 	Day Data Started
[2023-04-26 11:04:09,393] 	INFO 	68 	day_data.py 	<module>() 	Day Data Ended
[2023-04-26 11:04:10,456] 	INFO 	36 	pair_data.py 	<module>() 	Pair Data Started
[2023-04-26 11:07:01,427] 	INFO 	105 	pair_data.py 	<module>() 	Pair Data Ended
[2023-04-26 11:07:02,393] 	INFO 	39 	bribe_data.py 	<module>() 	Bribe Data Started
[2023-04-26 11:11:28,605] 	INFO 	150 	bribe_data.py 	<module>() 	Bribe Data Ended
[2023-04-26 11:11:29,411] 	INFO 	24 	revenue_data.py 	<module>() 	Revenue Data Started
[2023-04-26 11:11:34,714] 	INFO 	72 	revenue_data.py 	<module>() 	Revenue Data Ended
[2023-04-26 12:11:10,392] 	INFO 	26 	day_data.py 	<module>() 	Day Data Started
[2023-04-26 12:11:14,646] 	INFO 	68 	day_data.py 	<module>() 	Day Data Ended
[2023-04-26 12:11:15,878] 	INFO 	36 	pair_data.py 	<module>() 	Pair Data Started
[2023-04-26 12:13:37,788] 	INFO 	105 	pair_data.py 	<module>() 	Pair Data Ended
[2023-04-26 12:13:38,723] 	INFO 	39 	bribe_data.py 	<module>() 	Bribe Data Started
[2023-04-26 12:19:55,502] 	INFO 	150 	bribe_data.py 	<module>() 	Bribe Data Ended
[2023-04-26 12:19:56,171] 	INFO 	24 	revenue_data.py 	<module>() 	Revenue Data Started
[2023-04-26 12:20:04,028] 	INFO 	72 	revenue_data.py 	<module>() 	Revenue Data Ended
[2023-04-26 13:14:03,563] 	INFO 	23 	id_data_v2.py 	<module>() 	ID Data Started
[2023-04-26 13:17:30,477] 	INFO 	119 	id_data_v2.py 	<module>() 	ID Data Ended
[2023-04-26 14:09:49,893] 	INFO 	23 	id_data_v2.py 	<module>() 	ID Data Started
[2023-04-26 14:12:06,502] 	INFO 	119 	id_data_v2.py 	<module>() 	ID Data Ended
[2023-04-26 15:11:02,955] 	INFO 	23 	id_data_v2.py 	<module>() 	ID Data Started
[2023-04-26 15:14:08,580] 	INFO 	119 	id_data_v2.py 	<module>() 	ID Data Ended
[2023-04-26 16:07:45,612] 	INFO 	26 	day_data.py 	<module>() 	Day Data Started
[2023-04-26 16:07:50,706] 	INFO 	68 	day_data.py 	<module>() 	Day Data Ended
[2023-04-26 16:07:51,741] 	INFO 	36 	pair_data.py 	<module>() 	Pair Data Started
[2023-04-26 16:10:10,818] 	INFO 	105 	pair_data.py 	<module>() 	Pair Data Ended
[2023-04-26 16:10:11,778] 	INFO 	39 	bribe_data.py 	<module>() 	Bribe Data Started
[2023-04-26 16:15:18,068] 	INFO 	150 	bribe_data.py 	<module>() 	Bribe Data Ended
[2023-04-26 16:15:18,783] 	INFO 	24 	revenue_data.py 	<module>() 	Revenue Data Started
[2023-04-26 16:15:27,962] 	INFO 	72 	revenue_data.py 	<module>() 	Revenue Data Ended
[2023-04-26 17:04:22,022] 	INFO 	26 	day_data.py 	<module>() 	Day Data Started
[2023-04-26 17:04:26,405] 	INFO 	68 	day_data.py 	<module>() 	Day Data Ended
[2023-04-26 17:04:27,758] 	INFO 	36 	pair_data.py 	<module>() 	Pair Data Started
[2023-04-26 17:06:36,966] 	INFO 	105 	pair_data.py 	<module>() 	Pair Data Ended
[2023-04-26 17:06:37,940] 	INFO 	39 	bribe_data.py 	<module>() 	Bribe Data Started
[2023-04-26 17:10:35,803] 	INFO 	150 	bribe_data.py 	<module>() 	Bribe Data Ended
[2023-04-26 17:10:36,512] 	INFO 	24 	revenue_data.py 	<module>() 	Revenue Data Started
[2023-04-26 17:10:44,570] 	INFO 	72 	revenue_data.py 	<module>() 	Revenue Data Ended
[2023-04-26 18:13:09,124] 	INFO 	23 	id_data_v2.py 	<module>() 	ID Data Started
[2023-04-26 18:15:15,337] 	INFO 	119 	id_data_v2.py 	<module>() 	ID Data Ended
[2023-04-26 19:03:27,451] 	INFO 	26 	day_data.py 	<module>() 	Day Data Started
[2023-04-26 19:03:33,269] 	INFO 	68 	day_data.py 	<module>() 	Day Data Ended
[2023-04-26 19:03:34,515] 	INFO 	36 	pair_data.py 	<module>() 	Pair Data Started
[2023-04-26 19:05:55,852] 	INFO 	105 	pair_data.py 	<module>() 	Pair Data Ended
[2023-04-26 19:05:56,836] 	INFO 	39 	bribe_data.py 	<module>() 	Bribe Data Started
[2023-04-26 19:09:44,395] 	INFO 	150 	bribe_data.py 	<module>() 	Bribe Data Ended
[2023-04-26 19:09:45,102] 	INFO 	24 	revenue_data.py 	<module>() 	Revenue Data Started
[2023-04-26 19:09:52,927] 	INFO 	72 	revenue_data.py 	<module>() 	Revenue Data Ended
[2023-04-26 20:04:38,400] 	INFO 	26 	day_data.py 	<module>() 	Day Data Started
[2023-04-26 20:04:43,905] 	INFO 	68 	day_data.py 	<module>() 	Day Data Ended
[2023-04-26 20:04:45,008] 	INFO 	36 	pair_data.py 	<module>() 	Pair Data Started
[2023-04-26 20:06:48,709] 	INFO 	105 	pair_data.py 	<module>() 	Pair Data Ended
[2023-04-26 20:06:49,677] 	INFO 	39 	bribe_data.py 	<module>() 	Bribe Data Started
[2023-04-26 20:10:58,185] 	INFO 	150 	bribe_data.py 	<module>() 	Bribe Data Ended
[2023-04-26 20:10:58,895] 	INFO 	24 	revenue_data.py 	<module>() 	Revenue Data Started
[2023-04-26 20:11:02,753] 	INFO 	72 	revenue_data.py 	<module>() 	Revenue Data Ended
