[2023-05-17 00:35:50,398] 	INFO 	26 	day_data.py 	<module>() 	Day Data Started
[2023-05-17 00:35:54,984] 	INFO 	68 	day_data.py 	<module>() 	Day Data Ended
[2023-05-17 00:35:56,283] 	INFO 	36 	pair_data.py 	<module>() 	Pair Data Started
[2023-05-17 00:38:57,697] 	INFO 	105 	pair_data.py 	<module>() 	Pair Data Ended
[2023-05-17 00:38:58,855] 	INFO 	39 	bribe_data.py 	<module>() 	Bribe Data Started
[2023-05-17 00:46:51,152] 	INFO 	150 	bribe_data.py 	<module>() 	Bribe Data Ended
[2023-05-17 00:46:52,046] 	INFO 	24 	revenue_data.py 	<module>() 	Revenue Data Started
[2023-05-17 00:47:01,159] 	INFO 	72 	revenue_data.py 	<module>() 	Revenue Data Ended
[2023-05-17 00:57:13,540] 	INFO 	23 	id_data_v2.py 	<module>() 	ID Data Started
[2023-05-17 00:59:12,218] 	INFO 	119 	id_data_v2.py 	<module>() 	ID Data Ended
[2023-05-17 02:05:55,916] 	INFO 	23 	id_data_v2.py 	<module>() 	ID Data Started
[2023-05-17 02:07:51,576] 	INFO 	119 	id_data_v2.py 	<module>() 	ID Data Ended
[2023-05-17 03:10:58,972] 	INFO 	23 	id_data_v2.py 	<module>() 	ID Data Started
[2023-05-17 03:12:54,502] 	INFO 	119 	id_data_v2.py 	<module>() 	ID Data Ended
[2023-05-17 04:12:35,405] 	INFO 	23 	id_data_v2.py 	<module>() 	ID Data Started
[2023-05-17 04:15:28,634] 	INFO 	119 	id_data_v2.py 	<module>() 	ID Data Ended
[2023-05-17 05:05:18,480] 	INFO 	26 	day_data.py 	<module>() 	Day Data Started
[2023-05-17 05:05:23,417] 	INFO 	68 	day_data.py 	<module>() 	Day Data Ended
[2023-05-17 05:05:24,474] 	INFO 	36 	pair_data.py 	<module>() 	Pair Data Started
[2023-05-17 05:07:54,843] 	INFO 	105 	pair_data.py 	<module>() 	Pair Data Ended
[2023-05-17 05:07:55,898] 	INFO 	39 	bribe_data.py 	<module>() 	Bribe Data Started
[2023-05-17 05:12:05,682] 	INFO 	150 	bribe_data.py 	<module>() 	Bribe Data Ended
[2023-05-17 05:12:06,484] 	INFO 	24 	revenue_data.py 	<module>() 	Revenue Data Started
[2023-05-17 05:12:15,315] 	INFO 	72 	revenue_data.py 	<module>() 	Revenue Data Ended
[2023-05-17 06:13:29,690] 	INFO 	23 	id_data_v2.py 	<module>() 	ID Data Started
[2023-05-17 06:15:32,277] 	INFO 	119 	id_data_v2.py 	<module>() 	ID Data Ended
[2023-05-17 07:09:53,107] 	INFO 	23 	id_data_v2.py 	<module>() 	ID Data Started
[2023-05-17 07:11:57,699] 	INFO 	119 	id_data_v2.py 	<module>() 	ID Data Ended
[2023-05-17 08:13:30,753] 	INFO 	23 	id_data_v2.py 	<module>() 	ID Data Started
[2023-05-17 08:15:24,764] 	INFO 	119 	id_data_v2.py 	<module>() 	ID Data Ended
[2023-05-17 09:05:18,005] 	INFO 	26 	day_data.py 	<module>() 	Day Data Started
[2023-05-17 09:05:21,831] 	INFO 	68 	day_data.py 	<module>() 	Day Data Ended
[2023-05-17 09:05:23,063] 	INFO 	36 	pair_data.py 	<module>() 	Pair Data Started
[2023-05-17 09:07:49,757] 	INFO 	105 	pair_data.py 	<module>() 	Pair Data Ended
[2023-05-17 09:07:50,728] 	INFO 	39 	bribe_data.py 	<module>() 	Bribe Data Started
[2023-05-17 09:12:35,052] 	INFO 	150 	bribe_data.py 	<module>() 	Bribe Data Ended
[2023-05-17 09:12:35,755] 	INFO 	24 	revenue_data.py 	<module>() 	Revenue Data Started
[2023-05-17 09:12:40,164] 	INFO 	72 	revenue_data.py 	<module>() 	Revenue Data Ended
[2023-05-17 10:10:58,712] 	INFO 	23 	id_data_v2.py 	<module>() 	ID Data Started
[2023-05-17 10:12:58,084] 	INFO 	119 	id_data_v2.py 	<module>() 	ID Data Ended
[2023-05-17 11:08:27,456] 	INFO 	23 	id_data_v2.py 	<module>() 	ID Data Started
[2023-05-17 11:10:30,164] 	INFO 	119 	id_data_v2.py 	<module>() 	ID Data Ended
