[2023-04-15 00:33:50,501] 	INFO 	26 	day_data.py 	<module>() 	Day Data Started
[2023-04-15 00:33:54,777] 	INFO 	68 	day_data.py 	<module>() 	Day Data Ended
[2023-04-15 00:33:56,253] 	INFO 	36 	pair_data.py 	<module>() 	Pair Data Started
[2023-04-15 00:35:58,279] 	INFO 	107 	pair_data.py 	<module>() 	Pair Data Ended
[2023-04-15 00:35:59,474] 	INFO 	39 	bribe_data.py 	<module>() 	Bribe Data Started
[2023-04-15 00:37:16,827] 	INFO 	150 	bribe_data.py 	<module>() 	Bribe Data Ended
[2023-04-15 00:37:17,736] 	INFO 	24 	revenue_data.py 	<module>() 	Revenue Data Started
[2023-04-15 00:37:23,359] 	INFO 	72 	revenue_data.py 	<module>() 	Revenue Data Ended
[2023-04-15 01:24:39,053] 	INFO 	23 	id_data.py 	<module>() 	ID Data Started
[2023-04-15 01:25:50,682] 	INFO 	79 	id_data.py 	<module>() 	ID Data Ended
[2023-04-15 01:58:16,634] 	INFO 	26 	day_data.py 	<module>() 	Day Data Started
[2023-04-15 01:58:21,055] 	INFO 	68 	day_data.py 	<module>() 	Day Data Ended
[2023-04-15 01:58:22,049] 	INFO 	36 	pair_data.py 	<module>() 	Pair Data Started
[2023-04-15 02:00:32,229] 	INFO 	107 	pair_data.py 	<module>() 	Pair Data Ended
[2023-04-15 02:00:33,294] 	INFO 	39 	bribe_data.py 	<module>() 	Bribe Data Started
[2023-04-15 02:02:12,035] 	INFO 	150 	bribe_data.py 	<module>() 	Bribe Data Ended
[2023-04-15 02:02:12,804] 	INFO 	24 	revenue_data.py 	<module>() 	Revenue Data Started
[2023-04-15 02:02:19,922] 	INFO 	72 	revenue_data.py 	<module>() 	Revenue Data Ended
[2023-04-15 02:27:41,879] 	INFO 	26 	day_data.py 	<module>() 	Day Data Started
[2023-04-15 02:27:46,172] 	INFO 	68 	day_data.py 	<module>() 	Day Data Ended
[2023-04-15 02:27:47,138] 	INFO 	36 	pair_data.py 	<module>() 	Pair Data Started
[2023-04-15 02:29:51,949] 	INFO 	107 	pair_data.py 	<module>() 	Pair Data Ended
[2023-04-15 02:29:52,866] 	INFO 	39 	bribe_data.py 	<module>() 	Bribe Data Started
[2023-04-15 02:31:59,426] 	INFO 	150 	bribe_data.py 	<module>() 	Bribe Data Ended
[2023-04-15 02:32:00,112] 	INFO 	24 	revenue_data.py 	<module>() 	Revenue Data Started
[2023-04-15 02:32:07,040] 	INFO 	72 	revenue_data.py 	<module>() 	Revenue Data Ended
[2023-04-15 02:32:40,986] 	INFO 	23 	id_data.py 	<module>() 	ID Data Started
[2023-04-15 02:33:35,592] 	INFO 	79 	id_data.py 	<module>() 	ID Data Ended
[2023-04-15 03:06:20,285] 	INFO 	26 	day_data.py 	<module>() 	Day Data Started
[2023-04-15 03:06:23,594] 	INFO 	68 	day_data.py 	<module>() 	Day Data Ended
[2023-04-15 03:06:24,464] 	INFO 	36 	pair_data.py 	<module>() 	Pair Data Started
[2023-04-15 03:08:08,316] 	INFO 	107 	pair_data.py 	<module>() 	Pair Data Ended
[2023-04-15 03:08:09,217] 	INFO 	39 	bribe_data.py 	<module>() 	Bribe Data Started
[2023-04-15 03:09:12,988] 	INFO 	150 	bribe_data.py 	<module>() 	Bribe Data Ended
[2023-04-15 03:09:13,620] 	INFO 	24 	revenue_data.py 	<module>() 	Revenue Data Started
[2023-04-15 03:09:19,242] 	INFO 	72 	revenue_data.py 	<module>() 	Revenue Data Ended
[2023-04-15 03:17:28,267] 	INFO 	23 	id_data.py 	<module>() 	ID Data Started
[2023-04-15 03:18:24,919] 	INFO 	79 	id_data.py 	<module>() 	ID Data Ended
