[2023-03-24 00:32:20,304] 	INFO 	26 	day_data.py 	<module>() 	Day Data Started
[2023-03-24 00:32:24,747] 	INFO 	68 	day_data.py 	<module>() 	Day Data Ended
[2023-03-24 00:32:25,658] 	INFO 	36 	pair_data.py 	<module>() 	Pair Data Started
[2023-03-24 00:34:12,978] 	INFO 	107 	pair_data.py 	<module>() 	Pair Data Ended
[2023-03-24 00:34:13,936] 	INFO 	39 	bribe_data.py 	<module>() 	Bribe Data Started
[2023-03-24 00:36:03,572] 	INFO 	150 	bribe_data.py 	<module>() 	Bribe Data Ended
[2023-03-24 00:36:04,298] 	INFO 	24 	revenue_data.py 	<module>() 	Revenue Data Started
[2023-03-24 00:36:09,053] 	INFO 	72 	revenue_data.py 	<module>() 	Revenue Data Ended
[2023-03-24 01:24:10,989] 	INFO 	23 	id_data.py 	<module>() 	ID Data Started
[2023-03-24 01:25:18,115] 	INFO 	79 	id_data.py 	<module>() 	ID Data Ended
[2023-03-24 02:01:29,325] 	INFO 	26 	day_data.py 	<module>() 	Day Data Started
[2023-03-24 02:01:32,689] 	INFO 	68 	day_data.py 	<module>() 	Day Data Ended
[2023-03-24 02:01:33,579] 	INFO 	36 	pair_data.py 	<module>() 	Pair Data Started
[2023-03-24 02:03:08,526] 	INFO 	107 	pair_data.py 	<module>() 	Pair Data Ended
[2023-03-24 02:03:09,435] 	INFO 	39 	bribe_data.py 	<module>() 	Bribe Data Started
[2023-03-24 02:04:18,457] 	INFO 	150 	bribe_data.py 	<module>() 	Bribe Data Ended
[2023-03-24 02:04:19,081] 	INFO 	24 	revenue_data.py 	<module>() 	Revenue Data Started
[2023-03-24 02:04:24,650] 	INFO 	72 	revenue_data.py 	<module>() 	Revenue Data Ended
[2023-03-24 02:35:46,570] 	INFO 	23 	id_data.py 	<module>() 	ID Data Started
[2023-03-24 02:36:50,615] 	INFO 	79 	id_data.py 	<module>() 	ID Data Ended
