[2023-04-11 00:32:46,956] 	INFO 	26 	day_data.py 	<module>() 	Day Data Started
[2023-04-11 00:32:51,532] 	INFO 	68 	day_data.py 	<module>() 	Day Data Ended
[2023-04-11 00:32:52,434] 	INFO 	36 	pair_data.py 	<module>() 	Pair Data Started
[2023-04-11 00:35:05,343] 	INFO 	107 	pair_data.py 	<module>() 	Pair Data Ended
[2023-04-11 00:35:06,203] 	INFO 	39 	bribe_data.py 	<module>() 	Bribe Data Started
[2023-04-11 00:37:08,806] 	INFO 	150 	bribe_data.py 	<module>() 	Bribe Data Ended
[2023-04-11 00:37:09,405] 	INFO 	24 	revenue_data.py 	<module>() 	Revenue Data Started
[2023-04-11 00:37:15,883] 	INFO 	72 	revenue_data.py 	<module>() 	Revenue Data Ended
[2023-04-11 01:22:07,225] 	INFO 	23 	id_data.py 	<module>() 	ID Data Started
[2023-04-11 01:23:05,156] 	INFO 	79 	id_data.py 	<module>() 	ID Data Ended
[2023-04-11 01:56:41,398] 	INFO 	26 	day_data.py 	<module>() 	Day Data Started
[2023-04-11 01:56:45,468] 	INFO 	68 	day_data.py 	<module>() 	Day Data Ended
[2023-04-11 01:56:46,317] 	INFO 	36 	pair_data.py 	<module>() 	Pair Data Started
[2023-04-11 01:58:57,096] 	INFO 	107 	pair_data.py 	<module>() 	Pair Data Ended
[2023-04-11 01:58:57,981] 	INFO 	39 	bribe_data.py 	<module>() 	Bribe Data Started
[2023-04-11 02:01:08,468] 	INFO 	150 	bribe_data.py 	<module>() 	Bribe Data Ended
[2023-04-11 02:01:09,077] 	INFO 	24 	revenue_data.py 	<module>() 	Revenue Data Started
[2023-04-11 02:01:16,303] 	INFO 	72 	revenue_data.py 	<module>() 	Revenue Data Ended
[2023-04-11 02:25:52,718] 	INFO 	26 	day_data.py 	<module>() 	Day Data Started
[2023-04-11 02:25:56,743] 	INFO 	68 	day_data.py 	<module>() 	Day Data Ended
[2023-04-11 02:25:57,698] 	INFO 	36 	pair_data.py 	<module>() 	Pair Data Started
[2023-04-11 02:28:00,593] 	INFO 	107 	pair_data.py 	<module>() 	Pair Data Ended
[2023-04-11 02:28:01,466] 	INFO 	39 	bribe_data.py 	<module>() 	Bribe Data Started
[2023-04-11 02:30:06,248] 	INFO 	150 	bribe_data.py 	<module>() 	Bribe Data Ended
[2023-04-11 02:30:06,856] 	INFO 	24 	revenue_data.py 	<module>() 	Revenue Data Started
[2023-04-11 02:30:13,821] 	INFO 	72 	revenue_data.py 	<module>() 	Revenue Data Ended
[2023-04-11 02:32:20,325] 	INFO 	23 	id_data.py 	<module>() 	ID Data Started
[2023-04-11 02:33:17,488] 	INFO 	79 	id_data.py 	<module>() 	ID Data Ended
[2023-04-11 03:06:50,778] 	INFO 	26 	day_data.py 	<module>() 	Day Data Started
[2023-04-11 03:06:53,799] 	INFO 	68 	day_data.py 	<module>() 	Day Data Ended
[2023-04-11 03:06:54,635] 	INFO 	36 	pair_data.py 	<module>() 	Pair Data Started
[2023-04-11 03:08:36,880] 	INFO 	107 	pair_data.py 	<module>() 	Pair Data Ended
[2023-04-11 03:08:37,751] 	INFO 	39 	bribe_data.py 	<module>() 	Bribe Data Started
[2023-04-11 03:10:02,005] 	INFO 	150 	bribe_data.py 	<module>() 	Bribe Data Ended
[2023-04-11 03:10:02,608] 	INFO 	24 	revenue_data.py 	<module>() 	Revenue Data Started
[2023-04-11 03:10:08,330] 	INFO 	72 	revenue_data.py 	<module>() 	Revenue Data Ended
[2023-04-11 03:17:29,576] 	INFO 	23 	id_data.py 	<module>() 	ID Data Started
[2023-04-11 03:18:25,610] 	INFO 	79 	id_data.py 	<module>() 	ID Data Ended
[2023-04-11 04:07:20,236] 	INFO 	26 	day_data.py 	<module>() 	Day Data Started
[2023-04-11 04:07:24,507] 	INFO 	68 	day_data.py 	<module>() 	Day Data Ended
[2023-04-11 04:07:25,680] 	INFO 	36 	pair_data.py 	<module>() 	Pair Data Started
[2023-04-11 04:09:19,295] 	INFO 	107 	pair_data.py 	<module>() 	Pair Data Ended
[2023-04-11 04:09:20,246] 	INFO 	39 	bribe_data.py 	<module>() 	Bribe Data Started
[2023-04-11 04:10:37,290] 	INFO 	150 	bribe_data.py 	<module>() 	Bribe Data Ended
[2023-04-11 04:10:37,976] 	INFO 	24 	revenue_data.py 	<module>() 	Revenue Data Started
[2023-04-11 04:10:44,406] 	INFO 	72 	revenue_data.py 	<module>() 	Revenue Data Ended
[2023-04-11 04:20:25,254] 	INFO 	23 	id_data.py 	<module>() 	ID Data Started
[2023-04-11 04:21:56,813] 	INFO 	79 	id_data.py 	<module>() 	ID Data Ended
[2023-04-11 05:05:29,363] 	INFO 	26 	day_data.py 	<module>() 	Day Data Started
[2023-04-11 05:05:33,405] 	INFO 	68 	day_data.py 	<module>() 	Day Data Ended
[2023-04-11 05:05:34,285] 	INFO 	36 	pair_data.py 	<module>() 	Pair Data Started
[2023-04-11 05:07:24,390] 	INFO 	107 	pair_data.py 	<module>() 	Pair Data Ended
[2023-04-11 05:07:25,296] 	INFO 	39 	bribe_data.py 	<module>() 	Bribe Data Started
[2023-04-11 05:08:34,104] 	INFO 	150 	bribe_data.py 	<module>() 	Bribe Data Ended
[2023-04-11 05:08:34,730] 	INFO 	24 	revenue_data.py 	<module>() 	Revenue Data Started
[2023-04-11 05:08:41,729] 	INFO 	72 	revenue_data.py 	<module>() 	Revenue Data Ended
[2023-04-11 05:15:58,093] 	INFO 	23 	id_data.py 	<module>() 	ID Data Started
[2023-04-11 05:17:28,983] 	INFO 	79 	id_data.py 	<module>() 	ID Data Ended
[2023-04-11 06:08:20,642] 	INFO 	26 	day_data.py 	<module>() 	Day Data Started
[2023-04-11 06:08:24,484] 	INFO 	68 	day_data.py 	<module>() 	Day Data Ended
[2023-04-11 06:08:25,421] 	INFO 	36 	pair_data.py 	<module>() 	Pair Data Started
[2023-04-11 06:10:12,968] 	INFO 	107 	pair_data.py 	<module>() 	Pair Data Ended
[2023-04-11 06:10:13,891] 	INFO 	39 	bribe_data.py 	<module>() 	Bribe Data Started
[2023-04-11 06:11:32,127] 	INFO 	150 	bribe_data.py 	<module>() 	Bribe Data Ended
[2023-04-11 06:11:32,793] 	INFO 	24 	revenue_data.py 	<module>() 	Revenue Data Started
[2023-04-11 06:11:37,973] 	INFO 	72 	revenue_data.py 	<module>() 	Revenue Data Ended
[2023-04-11 06:21:46,761] 	INFO 	23 	id_data.py 	<module>() 	ID Data Started
[2023-04-11 06:23:19,864] 	INFO 	79 	id_data.py 	<module>() 	ID Data Ended
[2023-04-11 07:04:56,517] 	INFO 	26 	day_data.py 	<module>() 	Day Data Started
[2023-04-11 07:04:59,822] 	INFO 	68 	day_data.py 	<module>() 	Day Data Ended
[2023-04-11 07:05:00,934] 	INFO 	36 	pair_data.py 	<module>() 	Pair Data Started
[2023-04-11 07:06:39,110] 	INFO 	107 	pair_data.py 	<module>() 	Pair Data Ended
[2023-04-11 07:06:40,084] 	INFO 	39 	bribe_data.py 	<module>() 	Bribe Data Started
[2023-04-11 07:07:58,281] 	INFO 	150 	bribe_data.py 	<module>() 	Bribe Data Ended
[2023-04-11 07:07:58,951] 	INFO 	24 	revenue_data.py 	<module>() 	Revenue Data Started
[2023-04-11 07:08:05,696] 	INFO 	72 	revenue_data.py 	<module>() 	Revenue Data Ended
[2023-04-11 07:15:44,183] 	INFO 	23 	id_data.py 	<module>() 	ID Data Started
[2023-04-11 07:17:16,986] 	INFO 	79 	id_data.py 	<module>() 	ID Data Ended
[2023-04-11 08:08:54,249] 	INFO 	26 	day_data.py 	<module>() 	Day Data Started
[2023-04-11 08:08:58,413] 	INFO 	68 	day_data.py 	<module>() 	Day Data Ended
[2023-04-11 08:09:00,004] 	INFO 	36 	pair_data.py 	<module>() 	Pair Data Started
[2023-04-11 08:10:54,125] 	INFO 	107 	pair_data.py 	<module>() 	Pair Data Ended
[2023-04-11 08:10:55,426] 	INFO 	39 	bribe_data.py 	<module>() 	Bribe Data Started
[2023-04-11 08:12:38,914] 	INFO 	150 	bribe_data.py 	<module>() 	Bribe Data Ended
[2023-04-11 08:12:39,724] 	INFO 	24 	revenue_data.py 	<module>() 	Revenue Data Started
[2023-04-11 08:12:46,792] 	INFO 	72 	revenue_data.py 	<module>() 	Revenue Data Ended
