[2023-04-02 00:35:10,025] 	INFO 	26 	day_data.py 	<module>() 	Day Data Started
[2023-04-02 00:35:13,319] 	INFO 	68 	day_data.py 	<module>() 	Day Data Ended
[2023-04-02 00:35:14,443] 	INFO 	36 	pair_data.py 	<module>() 	Pair Data Started
[2023-04-02 00:37:10,026] 	INFO 	107 	pair_data.py 	<module>() 	Pair Data Ended
[2023-04-02 00:37:11,169] 	INFO 	39 	bribe_data.py 	<module>() 	Bribe Data Started
[2023-04-02 00:39:05,647] 	INFO 	150 	bribe_data.py 	<module>() 	Bribe Data Ended
[2023-04-02 00:39:06,449] 	INFO 	24 	revenue_data.py 	<module>() 	Revenue Data Started
[2023-04-02 00:39:11,201] 	INFO 	72 	revenue_data.py 	<module>() 	Revenue Data Ended
[2023-04-02 01:26:45,855] 	INFO 	23 	id_data.py 	<module>() 	ID Data Started
[2023-04-02 01:28:11,358] 	INFO 	79 	id_data.py 	<module>() 	ID Data Ended
[2023-04-02 01:59:28,962] 	INFO 	26 	day_data.py 	<module>() 	Day Data Started
[2023-04-02 01:59:32,839] 	INFO 	68 	day_data.py 	<module>() 	Day Data Ended
[2023-04-02 01:59:33,772] 	INFO 	36 	pair_data.py 	<module>() 	Pair Data Started
[2023-04-02 02:01:25,157] 	INFO 	107 	pair_data.py 	<module>() 	Pair Data Ended
[2023-04-02 02:01:26,122] 	INFO 	39 	bribe_data.py 	<module>() 	Bribe Data Started
[2023-04-02 02:03:19,085] 	INFO 	150 	bribe_data.py 	<module>() 	Bribe Data Ended
[2023-04-02 02:03:19,745] 	INFO 	24 	revenue_data.py 	<module>() 	Revenue Data Started
[2023-04-02 02:03:24,269] 	INFO 	72 	revenue_data.py 	<module>() 	Revenue Data Ended
[2023-04-02 02:28:41,397] 	INFO 	26 	day_data.py 	<module>() 	Day Data Started
[2023-04-02 02:28:46,085] 	INFO 	68 	day_data.py 	<module>() 	Day Data Ended
[2023-04-02 02:28:46,961] 	INFO 	36 	pair_data.py 	<module>() 	Pair Data Started
[2023-04-02 02:30:38,341] 	INFO 	107 	pair_data.py 	<module>() 	Pair Data Ended
[2023-04-02 02:30:39,247] 	INFO 	39 	bribe_data.py 	<module>() 	Bribe Data Started
[2023-04-02 02:32:04,054] 	INFO 	150 	bribe_data.py 	<module>() 	Bribe Data Ended
[2023-04-02 02:32:04,678] 	INFO 	24 	revenue_data.py 	<module>() 	Revenue Data Started
[2023-04-02 02:32:10,309] 	INFO 	72 	revenue_data.py 	<module>() 	Revenue Data Ended
[2023-04-02 03:06:29,076] 	INFO 	26 	day_data.py 	<module>() 	Day Data Started
[2023-04-02 03:06:32,464] 	INFO 	68 	day_data.py 	<module>() 	Day Data Ended
[2023-04-02 03:06:33,431] 	INFO 	36 	pair_data.py 	<module>() 	Pair Data Started
[2023-04-02 03:08:14,807] 	INFO 	107 	pair_data.py 	<module>() 	Pair Data Ended
[2023-04-02 03:08:15,726] 	INFO 	39 	bribe_data.py 	<module>() 	Bribe Data Started
[2023-04-02 03:09:15,021] 	INFO 	150 	bribe_data.py 	<module>() 	Bribe Data Ended
[2023-04-02 03:09:15,660] 	INFO 	24 	revenue_data.py 	<module>() 	Revenue Data Started
[2023-04-02 03:09:20,269] 	INFO 	72 	revenue_data.py 	<module>() 	Revenue Data Ended
[2023-04-02 03:17:03,926] 	INFO 	23 	id_data.py 	<module>() 	ID Data Started
[2023-04-02 03:17:46,826] 	INFO 	79 	id_data.py 	<module>() 	ID Data Ended
[2023-04-02 04:07:25,824] 	INFO 	26 	day_data.py 	<module>() 	Day Data Started
[2023-04-02 04:07:29,641] 	INFO 	68 	day_data.py 	<module>() 	Day Data Ended
[2023-04-02 04:07:30,730] 	INFO 	36 	pair_data.py 	<module>() 	Pair Data Started
[2023-04-02 04:09:16,004] 	INFO 	107 	pair_data.py 	<module>() 	Pair Data Ended
[2023-04-02 04:09:16,996] 	INFO 	39 	bribe_data.py 	<module>() 	Bribe Data Started
[2023-04-02 04:10:51,328] 	INFO 	150 	bribe_data.py 	<module>() 	Bribe Data Ended
[2023-04-02 04:10:51,987] 	INFO 	24 	revenue_data.py 	<module>() 	Revenue Data Started
[2023-04-02 04:10:57,362] 	INFO 	72 	revenue_data.py 	<module>() 	Revenue Data Ended
[2023-04-02 04:20:06,870] 	INFO 	23 	id_data.py 	<module>() 	ID Data Started
[2023-04-02 04:21:29,407] 	INFO 	79 	id_data.py 	<module>() 	ID Data Ended
[2023-04-02 05:04:19,587] 	INFO 	26 	day_data.py 	<module>() 	Day Data Started
[2023-04-02 05:04:23,470] 	INFO 	68 	day_data.py 	<module>() 	Day Data Ended
[2023-04-02 05:04:24,530] 	INFO 	36 	pair_data.py 	<module>() 	Pair Data Started
[2023-04-02 05:06:11,687] 	INFO 	107 	pair_data.py 	<module>() 	Pair Data Ended
[2023-04-02 05:06:12,669] 	INFO 	39 	bribe_data.py 	<module>() 	Bribe Data Started
[2023-04-02 05:08:06,368] 	INFO 	150 	bribe_data.py 	<module>() 	Bribe Data Ended
[2023-04-02 05:08:07,043] 	INFO 	24 	revenue_data.py 	<module>() 	Revenue Data Started
[2023-04-02 05:08:12,233] 	INFO 	72 	revenue_data.py 	<module>() 	Revenue Data Ended
[2023-04-02 05:15:08,571] 	INFO 	23 	id_data.py 	<module>() 	ID Data Started
[2023-04-02 05:15:52,361] 	INFO 	79 	id_data.py 	<module>() 	ID Data Ended
[2023-04-02 06:07:30,470] 	INFO 	26 	day_data.py 	<module>() 	Day Data Started
[2023-04-02 06:07:34,508] 	INFO 	68 	day_data.py 	<module>() 	Day Data Ended
[2023-04-02 06:07:35,510] 	INFO 	36 	pair_data.py 	<module>() 	Pair Data Started
[2023-04-02 06:09:28,416] 	INFO 	107 	pair_data.py 	<module>() 	Pair Data Ended
[2023-04-02 06:09:29,382] 	INFO 	39 	bribe_data.py 	<module>() 	Bribe Data Started
[2023-04-02 06:11:20,755] 	INFO 	150 	bribe_data.py 	<module>() 	Bribe Data Ended
[2023-04-02 06:11:21,413] 	INFO 	24 	revenue_data.py 	<module>() 	Revenue Data Started
[2023-04-02 06:11:26,183] 	INFO 	72 	revenue_data.py 	<module>() 	Revenue Data Ended
[2023-04-02 06:20:26,009] 	INFO 	23 	id_data.py 	<module>() 	ID Data Started
[2023-04-02 06:21:41,860] 	INFO 	79 	id_data.py 	<module>() 	ID Data Ended
[2023-04-02 07:04:04,678] 	INFO 	26 	day_data.py 	<module>() 	Day Data Started
[2023-04-02 07:04:07,535] 	INFO 	68 	day_data.py 	<module>() 	Day Data Ended
[2023-04-02 07:04:08,463] 	INFO 	36 	pair_data.py 	<module>() 	Pair Data Started
[2023-04-02 07:05:49,594] 	INFO 	107 	pair_data.py 	<module>() 	Pair Data Ended
[2023-04-02 07:05:50,605] 	INFO 	39 	bribe_data.py 	<module>() 	Bribe Data Started
[2023-04-02 07:06:48,100] 	INFO 	150 	bribe_data.py 	<module>() 	Bribe Data Ended
[2023-04-02 07:06:48,821] 	INFO 	24 	revenue_data.py 	<module>() 	Revenue Data Started
[2023-04-02 07:06:53,657] 	INFO 	72 	revenue_data.py 	<module>() 	Revenue Data Ended
[2023-04-02 07:14:19,426] 	INFO 	23 	id_data.py 	<module>() 	ID Data Started
[2023-04-02 07:15:38,977] 	INFO 	79 	id_data.py 	<module>() 	ID Data Ended
[2023-04-02 08:07:27,066] 	INFO 	26 	day_data.py 	<module>() 	Day Data Started
[2023-04-02 08:07:31,062] 	INFO 	68 	day_data.py 	<module>() 	Day Data Ended
[2023-04-02 08:07:32,143] 	INFO 	36 	pair_data.py 	<module>() 	Pair Data Started
[2023-04-02 08:09:14,887] 	INFO 	107 	pair_data.py 	<module>() 	Pair Data Ended
[2023-04-02 08:09:15,807] 	INFO 	39 	bribe_data.py 	<module>() 	Bribe Data Started
[2023-04-02 08:10:15,047] 	INFO 	150 	bribe_data.py 	<module>() 	Bribe Data Ended
[2023-04-02 08:10:15,642] 	INFO 	24 	revenue_data.py 	<module>() 	Revenue Data Started
[2023-04-02 08:10:19,334] 	INFO 	72 	revenue_data.py 	<module>() 	Revenue Data Ended
[2023-04-02 08:20:04,342] 	INFO 	23 	id_data.py 	<module>() 	ID Data Started
[2023-04-02 08:21:07,935] 	INFO 	79 	id_data.py 	<module>() 	ID Data Ended
[2023-04-02 09:04:19,937] 	INFO 	26 	day_data.py 	<module>() 	Day Data Started
[2023-04-02 09:04:22,720] 	INFO 	68 	day_data.py 	<module>() 	Day Data Ended
[2023-04-02 09:04:23,604] 	INFO 	36 	pair_data.py 	<module>() 	Pair Data Started
[2023-04-02 09:06:07,707] 	INFO 	107 	pair_data.py 	<module>() 	Pair Data Ended
[2023-04-02 09:06:08,602] 	INFO 	39 	bribe_data.py 	<module>() 	Bribe Data Started
[2023-04-02 09:07:08,072] 	INFO 	150 	bribe_data.py 	<module>() 	Bribe Data Ended
[2023-04-02 09:07:08,698] 	INFO 	24 	revenue_data.py 	<module>() 	Revenue Data Started
[2023-04-02 09:07:12,758] 	INFO 	72 	revenue_data.py 	<module>() 	Revenue Data Ended
[2023-04-02 09:15:08,979] 	INFO 	23 	id_data.py 	<module>() 	ID Data Started
[2023-04-02 09:16:11,354] 	INFO 	79 	id_data.py 	<module>() 	ID Data Ended
[2023-04-02 10:04:51,132] 	INFO 	26 	day_data.py 	<module>() 	Day Data Started
[2023-04-02 10:04:55,190] 	INFO 	68 	day_data.py 	<module>() 	Day Data Ended
[2023-04-02 10:04:56,064] 	INFO 	36 	pair_data.py 	<module>() 	Pair Data Started
[2023-04-02 10:06:58,014] 	INFO 	107 	pair_data.py 	<module>() 	Pair Data Ended
[2023-04-02 10:06:58,925] 	INFO 	39 	bribe_data.py 	<module>() 	Bribe Data Started
[2023-04-02 10:08:55,363] 	INFO 	150 	bribe_data.py 	<module>() 	Bribe Data Ended
[2023-04-02 10:08:55,993] 	INFO 	24 	revenue_data.py 	<module>() 	Revenue Data Started
[2023-04-02 10:09:00,631] 	INFO 	72 	revenue_data.py 	<module>() 	Revenue Data Ended
[2023-04-02 10:16:51,424] 	INFO 	23 	id_data.py 	<module>() 	ID Data Started
[2023-04-02 10:17:53,501] 	INFO 	79 	id_data.py 	<module>() 	ID Data Ended
