[2023-03-17 00:35:01,210] 	INFO 	26 	day_data.py 	<module>() 	Day Data Started
[2023-03-17 00:35:05,525] 	INFO 	68 	day_data.py 	<module>() 	Day Data Ended
[2023-03-17 00:35:06,406] 	INFO 	36 	pair_data.py 	<module>() 	Pair Data Started
[2023-03-17 00:36:39,840] 	INFO 	107 	pair_data.py 	<module>() 	Pair Data Ended
[2023-03-17 00:36:40,723] 	INFO 	39 	bribe_data.py 	<module>() 	Bribe Data Started
[2023-03-17 00:37:43,327] 	INFO 	138 	bribe_data.py 	<module>() 	Bribe Data Ended
[2023-03-17 00:37:43,944] 	INFO 	24 	revenue_data.py 	<module>() 	Revenue Data Started
[2023-03-17 00:37:47,326] 	INFO 	72 	revenue_data.py 	<module>() 	Revenue Data Ended
[2023-03-17 01:34:50,920] 	INFO 	23 	id_data.py 	<module>() 	ID Data Started
[2023-03-17 01:35:37,411] 	INFO 	74 	id_data.py 	<module>() 	ID Data Ended
[2023-03-17 02:04:46,616] 	INFO 	26 	day_data.py 	<module>() 	Day Data Started
[2023-03-17 02:04:51,150] 	INFO 	68 	day_data.py 	<module>() 	Day Data Ended
[2023-03-17 02:04:52,306] 	INFO 	36 	pair_data.py 	<module>() 	Pair Data Started
[2023-03-17 02:06:33,257] 	INFO 	107 	pair_data.py 	<module>() 	Pair Data Ended
[2023-03-17 02:06:34,463] 	INFO 	39 	bribe_data.py 	<module>() 	Bribe Data Started
[2023-03-17 02:08:12,965] 	INFO 	138 	bribe_data.py 	<module>() 	Bribe Data Ended
[2023-03-17 02:08:13,795] 	INFO 	24 	revenue_data.py 	<module>() 	Revenue Data Started
[2023-03-17 02:08:19,228] 	INFO 	72 	revenue_data.py 	<module>() 	Revenue Data Ended
[2023-03-17 02:38:46,563] 	INFO 	23 	id_data.py 	<module>() 	ID Data Started
[2023-03-17 02:39:58,392] 	INFO 	74 	id_data.py 	<module>() 	ID Data Ended
[2023-03-17 03:07:07,476] 	INFO 	26 	day_data.py 	<module>() 	Day Data Started
[2023-03-17 03:07:10,624] 	INFO 	68 	day_data.py 	<module>() 	Day Data Ended
[2023-03-17 03:07:11,625] 	INFO 	36 	pair_data.py 	<module>() 	Pair Data Started
[2023-03-17 03:08:50,191] 	INFO 	107 	pair_data.py 	<module>() 	Pair Data Ended
[2023-03-17 03:08:51,056] 	INFO 	39 	bribe_data.py 	<module>() 	Bribe Data Started
[2023-03-17 03:10:59,274] 	INFO 	138 	bribe_data.py 	<module>() 	Bribe Data Ended
[2023-03-17 03:10:59,874] 	INFO 	24 	revenue_data.py 	<module>() 	Revenue Data Started
[2023-03-17 03:11:04,872] 	INFO 	72 	revenue_data.py 	<module>() 	Revenue Data Ended
[2023-03-17 03:19:21,220] 	INFO 	23 	id_data.py 	<module>() 	ID Data Started
[2023-03-17 03:20:05,300] 	INFO 	74 	id_data.py 	<module>() 	ID Data Ended
[2023-03-17 04:08:08,156] 	INFO 	26 	day_data.py 	<module>() 	Day Data Started
[2023-03-17 04:08:11,904] 	INFO 	68 	day_data.py 	<module>() 	Day Data Ended
[2023-03-17 04:08:12,941] 	INFO 	36 	pair_data.py 	<module>() 	Pair Data Started
[2023-03-17 04:09:47,582] 	INFO 	107 	pair_data.py 	<module>() 	Pair Data Ended
[2023-03-17 04:09:48,642] 	INFO 	39 	bribe_data.py 	<module>() 	Bribe Data Started
[2023-03-17 04:11:36,135] 	INFO 	138 	bribe_data.py 	<module>() 	Bribe Data Ended
[2023-03-17 04:11:36,891] 	INFO 	24 	revenue_data.py 	<module>() 	Revenue Data Started
[2023-03-17 04:11:41,370] 	INFO 	72 	revenue_data.py 	<module>() 	Revenue Data Ended
[2023-03-17 04:22:53,716] 	INFO 	23 	id_data.py 	<module>() 	ID Data Started
[2023-03-17 04:24:15,443] 	INFO 	74 	id_data.py 	<module>() 	ID Data Ended
[2023-03-17 05:06:35,299] 	INFO 	26 	day_data.py 	<module>() 	Day Data Started
[2023-03-17 05:06:39,103] 	INFO 	68 	day_data.py 	<module>() 	Day Data Ended
[2023-03-17 05:06:40,052] 	INFO 	36 	pair_data.py 	<module>() 	Pair Data Started
[2023-03-17 05:08:20,471] 	INFO 	107 	pair_data.py 	<module>() 	Pair Data Ended
[2023-03-17 05:08:21,401] 	INFO 	39 	bribe_data.py 	<module>() 	Bribe Data Started
[2023-03-17 05:10:20,493] 	INFO 	138 	bribe_data.py 	<module>() 	Bribe Data Ended
[2023-03-17 05:10:21,122] 	INFO 	24 	revenue_data.py 	<module>() 	Revenue Data Started
[2023-03-17 05:10:25,657] 	INFO 	72 	revenue_data.py 	<module>() 	Revenue Data Ended
