[2023-05-06 00:28:43,507] 	INFO 	26 	day_data.py 	<module>() 	Day Data Started
[2023-05-06 00:28:48,738] 	INFO 	68 	day_data.py 	<module>() 	Day Data Ended
[2023-05-06 00:28:49,865] 	INFO 	36 	pair_data.py 	<module>() 	Pair Data Started
[2023-05-06 00:31:21,935] 	INFO 	105 	pair_data.py 	<module>() 	Pair Data Ended
[2023-05-06 00:31:22,882] 	INFO 	39 	bribe_data.py 	<module>() 	Bribe Data Started
[2023-05-06 00:35:21,959] 	INFO 	150 	bribe_data.py 	<module>() 	Bribe Data Ended
[2023-05-06 00:35:22,632] 	INFO 	24 	revenue_data.py 	<module>() 	Revenue Data Started
[2023-05-06 00:35:29,894] 	INFO 	72 	revenue_data.py 	<module>() 	Revenue Data Ended
[2023-05-06 00:51:23,257] 	INFO 	23 	id_data_v2.py 	<module>() 	ID Data Started
[2023-05-06 00:52:56,614] 	INFO 	119 	id_data_v2.py 	<module>() 	ID Data Ended
[2023-05-06 01:56:30,337] 	INFO 	23 	id_data_v2.py 	<module>() 	ID Data Started
[2023-05-06 01:58:36,348] 	INFO 	119 	id_data_v2.py 	<module>() 	ID Data Ended
[2023-05-06 02:21:23,470] 	INFO 	26 	day_data.py 	<module>() 	Day Data Started
[2023-05-06 02:21:27,494] 	INFO 	68 	day_data.py 	<module>() 	Day Data Ended
[2023-05-06 02:21:28,626] 	INFO 	36 	pair_data.py 	<module>() 	Pair Data Started
[2023-05-06 02:23:55,036] 	INFO 	105 	pair_data.py 	<module>() 	Pair Data Ended
[2023-05-06 02:23:56,013] 	INFO 	39 	bribe_data.py 	<module>() 	Bribe Data Started
[2023-05-06 02:27:41,409] 	INFO 	150 	bribe_data.py 	<module>() 	Bribe Data Ended
[2023-05-06 02:27:42,174] 	INFO 	24 	revenue_data.py 	<module>() 	Revenue Data Started
[2023-05-06 02:27:49,191] 	INFO 	72 	revenue_data.py 	<module>() 	Revenue Data Ended
[2023-05-06 03:10:37,947] 	INFO 	23 	id_data_v2.py 	<module>() 	ID Data Started
[2023-05-06 03:12:39,968] 	INFO 	119 	id_data_v2.py 	<module>() 	ID Data Ended
[2023-05-06 04:06:52,809] 	INFO 	26 	day_data.py 	<module>() 	Day Data Started
[2023-05-06 04:06:59,388] 	INFO 	68 	day_data.py 	<module>() 	Day Data Ended
[2023-05-06 04:07:00,719] 	INFO 	36 	pair_data.py 	<module>() 	Pair Data Started
[2023-05-06 04:09:24,461] 	INFO 	105 	pair_data.py 	<module>() 	Pair Data Ended
[2023-05-06 04:09:25,369] 	INFO 	39 	bribe_data.py 	<module>() 	Bribe Data Started
[2023-05-06 04:13:13,418] 	INFO 	150 	bribe_data.py 	<module>() 	Bribe Data Ended
[2023-05-06 04:13:14,077] 	INFO 	24 	revenue_data.py 	<module>() 	Revenue Data Started
[2023-05-06 04:13:19,754] 	INFO 	72 	revenue_data.py 	<module>() 	Revenue Data Ended
