[2023-05-03 00:31:22,023] 	INFO 	26 	day_data.py 	<module>() 	Day Data Started
[2023-05-03 00:31:26,704] 	INFO 	68 	day_data.py 	<module>() 	Day Data Ended
[2023-05-03 00:31:27,927] 	INFO 	36 	pair_data.py 	<module>() 	Pair Data Started
[2023-05-03 00:33:44,374] 	INFO 	105 	pair_data.py 	<module>() 	Pair Data Ended
[2023-05-03 00:33:45,370] 	INFO 	39 	bribe_data.py 	<module>() 	Bribe Data Started
[2023-05-03 00:37:36,198] 	INFO 	150 	bribe_data.py 	<module>() 	Bribe Data Ended
[2023-05-03 00:37:36,923] 	INFO 	24 	revenue_data.py 	<module>() 	Revenue Data Started
[2023-05-03 00:37:43,746] 	INFO 	72 	revenue_data.py 	<module>() 	Revenue Data Ended
[2023-05-03 00:55:20,657] 	INFO 	23 	id_data_v2.py 	<module>() 	ID Data Started
[2023-05-03 00:58:00,708] 	INFO 	119 	id_data_v2.py 	<module>() 	ID Data Ended
[2023-05-03 01:56:57,181] 	INFO 	26 	day_data.py 	<module>() 	Day Data Started
[2023-05-03 01:57:01,984] 	INFO 	68 	day_data.py 	<module>() 	Day Data Ended
[2023-05-03 01:57:03,200] 	INFO 	36 	pair_data.py 	<module>() 	Pair Data Started
[2023-05-03 01:59:23,375] 	INFO 	105 	pair_data.py 	<module>() 	Pair Data Ended
[2023-05-03 01:59:24,350] 	INFO 	39 	bribe_data.py 	<module>() 	Bribe Data Started
[2023-05-03 02:03:09,433] 	INFO 	150 	bribe_data.py 	<module>() 	Bribe Data Ended
[2023-05-03 02:03:10,160] 	INFO 	24 	revenue_data.py 	<module>() 	Revenue Data Started
[2023-05-03 02:03:16,519] 	INFO 	72 	revenue_data.py 	<module>() 	Revenue Data Ended
[2023-05-03 02:26:03,913] 	INFO 	26 	day_data.py 	<module>() 	Day Data Started
[2023-05-03 02:26:08,196] 	INFO 	68 	day_data.py 	<module>() 	Day Data Ended
[2023-05-03 02:26:09,398] 	INFO 	36 	pair_data.py 	<module>() 	Pair Data Started
[2023-05-03 02:28:29,544] 	INFO 	105 	pair_data.py 	<module>() 	Pair Data Ended
[2023-05-03 02:28:30,577] 	INFO 	39 	bribe_data.py 	<module>() 	Bribe Data Started
[2023-05-03 02:32:22,137] 	INFO 	150 	bribe_data.py 	<module>() 	Bribe Data Ended
[2023-05-03 02:32:22,927] 	INFO 	24 	revenue_data.py 	<module>() 	Revenue Data Started
[2023-05-03 02:32:29,390] 	INFO 	72 	revenue_data.py 	<module>() 	Revenue Data Ended
