[2023-03-25 00:32:48,160] 	INFO 	26 	day_data.py 	<module>() 	Day Data Started
[2023-03-25 00:32:51,898] 	INFO 	68 	day_data.py 	<module>() 	Day Data Ended
[2023-03-25 00:32:52,986] 	INFO 	36 	pair_data.py 	<module>() 	Pair Data Started
[2023-03-25 00:34:39,562] 	INFO 	107 	pair_data.py 	<module>() 	Pair Data Ended
[2023-03-25 00:34:40,703] 	INFO 	39 	bribe_data.py 	<module>() 	Bribe Data Started
[2023-03-25 00:36:26,886] 	INFO 	150 	bribe_data.py 	<module>() 	Bribe Data Ended
[2023-03-25 00:36:27,685] 	INFO 	24 	revenue_data.py 	<module>() 	Revenue Data Started
[2023-03-25 00:36:32,911] 	INFO 	72 	revenue_data.py 	<module>() 	Revenue Data Ended
[2023-03-25 01:22:39,264] 	INFO 	23 	id_data.py 	<module>() 	ID Data Started
[2023-03-25 01:23:37,959] 	INFO 	79 	id_data.py 	<module>() 	ID Data Ended
[2023-03-25 01:58:21,928] 	INFO 	26 	day_data.py 	<module>() 	Day Data Started
[2023-03-25 01:58:27,743] 	INFO 	68 	day_data.py 	<module>() 	Day Data Ended
[2023-03-25 01:58:28,606] 	INFO 	36 	pair_data.py 	<module>() 	Pair Data Started
[2023-03-25 01:59:55,021] 	INFO 	107 	pair_data.py 	<module>() 	Pair Data Ended
[2023-03-25 01:59:55,909] 	INFO 	39 	bribe_data.py 	<module>() 	Bribe Data Started
[2023-03-25 02:00:51,837] 	INFO 	150 	bribe_data.py 	<module>() 	Bribe Data Ended
[2023-03-25 02:00:52,448] 	INFO 	24 	revenue_data.py 	<module>() 	Revenue Data Started
[2023-03-25 02:00:56,450] 	INFO 	72 	revenue_data.py 	<module>() 	Revenue Data Ended
[2023-03-25 02:28:05,382] 	INFO 	26 	day_data.py 	<module>() 	Day Data Started
[2023-03-25 02:28:08,841] 	INFO 	68 	day_data.py 	<module>() 	Day Data Ended
[2023-03-25 02:28:09,685] 	INFO 	36 	pair_data.py 	<module>() 	Pair Data Started
[2023-03-25 02:29:37,766] 	INFO 	107 	pair_data.py 	<module>() 	Pair Data Ended
[2023-03-25 02:29:38,621] 	INFO 	39 	bribe_data.py 	<module>() 	Bribe Data Started
[2023-03-25 02:30:36,744] 	INFO 	150 	bribe_data.py 	<module>() 	Bribe Data Ended
[2023-03-25 02:30:37,333] 	INFO 	24 	revenue_data.py 	<module>() 	Revenue Data Started
[2023-03-25 02:30:41,590] 	INFO 	72 	revenue_data.py 	<module>() 	Revenue Data Ended
[2023-03-25 02:33:34,460] 	INFO 	23 	id_data.py 	<module>() 	ID Data Started
[2023-03-25 02:34:34,677] 	INFO 	79 	id_data.py 	<module>() 	ID Data Ended
[2023-03-25 03:06:34,397] 	INFO 	26 	day_data.py 	<module>() 	Day Data Started
[2023-03-25 03:06:39,248] 	INFO 	68 	day_data.py 	<module>() 	Day Data Ended
[2023-03-25 03:06:40,137] 	INFO 	36 	pair_data.py 	<module>() 	Pair Data Started
[2023-03-25 03:08:28,002] 	INFO 	107 	pair_data.py 	<module>() 	Pair Data Ended
[2023-03-25 03:08:28,883] 	INFO 	39 	bribe_data.py 	<module>() 	Bribe Data Started
[2023-03-25 03:09:50,320] 	INFO 	150 	bribe_data.py 	<module>() 	Bribe Data Ended
[2023-03-25 03:09:50,924] 	INFO 	24 	revenue_data.py 	<module>() 	Revenue Data Started
[2023-03-25 03:09:55,936] 	INFO 	72 	revenue_data.py 	<module>() 	Revenue Data Ended
[2023-03-25 03:18:05,385] 	INFO 	23 	id_data.py 	<module>() 	ID Data Started
[2023-03-25 03:18:53,352] 	INFO 	79 	id_data.py 	<module>() 	ID Data Ended
