[2023-07-01 00:44:55,761] 	INFO 	26 	day_data.py 	<module>() 	Day Data Started
[2023-07-01 00:45:00,022] 	INFO 	73 	day_data.py 	<module>() 	Day Data Ended
[2023-07-01 00:45:00,022] 	INFO 	79 	day_data.py 	<module>() 	Day Data Fusion Started
[2023-07-01 00:45:03,703] 	INFO 	126 	day_data.py 	<module>() 	Day Data Fusion Ended
[2023-07-01 00:45:03,703] 	INFO 	133 	day_data.py 	<module>() 	Day Data Combined Started
[2023-07-01 00:45:05,841] 	INFO 	161 	day_data.py 	<module>() 	Day Data Combined Ended
[2023-07-01 00:45:07,187] 	INFO 	37 	pair_data.py 	<module>() 	Pair Data Started
[2023-07-01 00:46:25,457] 	INFO 	107 	pair_data.py 	<module>() 	Pair Data Ended
[2023-07-01 00:46:25,457] 	INFO 	123 	pair_data.py 	<module>() 	Pair Data Fusion Started
[2023-07-01 00:46:46,792] 	INFO 	190 	pair_data.py 	<module>() 	Pair Data Fusion Ended
[2023-07-01 00:46:46,792] 	INFO 	197 	pair_data.py 	<module>() 	Pair Data Combined Started
[2023-07-01 00:46:56,461] 	INFO 	227 	pair_data.py 	<module>() 	Pair Data Combined Ended
[2023-07-01 00:46:57,815] 	INFO 	39 	bribe_data.py 	<module>() 	Bribe Data Started
[2023-07-01 00:56:18,231] 	INFO 	150 	bribe_data.py 	<module>() 	Bribe Data Ended
[2023-07-01 00:56:19,192] 	INFO 	24 	revenue_data.py 	<module>() 	Revenue Data Started
[2023-07-01 00:56:31,508] 	INFO 	72 	revenue_data.py 	<module>() 	Revenue Data Ended
[2023-07-01 01:14:24,217] 	INFO 	23 	id_data_v2.py 	<module>() 	ID Data Started
[2023-07-01 01:18:11,118] 	INFO 	120 	id_data_v2.py 	<module>() 	ID Data Ended
[2023-07-01 01:40:10,524] 	INFO 	39 	fee_data.py 	<module>() 	Fee Data Started
[2023-07-01 01:49:25,063] 	INFO 	139 	fee_data.py 	<module>() 	Fee Data Ended
[2023-07-01 02:28:13,581] 	INFO 	26 	day_data.py 	<module>() 	Day Data Started
[2023-07-01 02:28:15,998] 	INFO 	73 	day_data.py 	<module>() 	Day Data Ended
[2023-07-01 02:28:15,998] 	INFO 	79 	day_data.py 	<module>() 	Day Data Fusion Started
[2023-07-01 02:28:18,459] 	INFO 	126 	day_data.py 	<module>() 	Day Data Fusion Ended
[2023-07-01 02:28:18,459] 	INFO 	133 	day_data.py 	<module>() 	Day Data Combined Started
[2023-07-01 02:28:20,130] 	INFO 	161 	day_data.py 	<module>() 	Day Data Combined Ended
[2023-07-01 02:28:21,154] 	INFO 	37 	pair_data.py 	<module>() 	Pair Data Started
[2023-07-01 02:29:34,979] 	INFO 	107 	pair_data.py 	<module>() 	Pair Data Ended
[2023-07-01 02:29:34,979] 	INFO 	123 	pair_data.py 	<module>() 	Pair Data Fusion Started
[2023-07-01 02:29:56,646] 	INFO 	190 	pair_data.py 	<module>() 	Pair Data Fusion Ended
[2023-07-01 02:29:56,646] 	INFO 	197 	pair_data.py 	<module>() 	Pair Data Combined Started
[2023-07-01 02:30:09,460] 	INFO 	227 	pair_data.py 	<module>() 	Pair Data Combined Ended
[2023-07-01 02:30:10,445] 	INFO 	39 	bribe_data.py 	<module>() 	Bribe Data Started
[2023-07-01 02:39:40,240] 	INFO 	150 	bribe_data.py 	<module>() 	Bribe Data Ended
[2023-07-01 02:39:40,943] 	INFO 	24 	revenue_data.py 	<module>() 	Revenue Data Started
[2023-07-01 02:39:56,291] 	INFO 	72 	revenue_data.py 	<module>() 	Revenue Data Ended
[2023-07-01 03:02:45,757] 	INFO 	23 	id_data_v2.py 	<module>() 	ID Data Started
[2023-07-01 03:06:33,529] 	INFO 	120 	id_data_v2.py 	<module>() 	ID Data Ended
[2023-07-01 03:26:42,338] 	INFO 	26 	day_data.py 	<module>() 	Day Data Started
[2023-07-01 03:26:44,365] 	INFO 	73 	day_data.py 	<module>() 	Day Data Ended
[2023-07-01 03:26:44,365] 	INFO 	79 	day_data.py 	<module>() 	Day Data Fusion Started
[2023-07-01 03:26:46,213] 	INFO 	126 	day_data.py 	<module>() 	Day Data Fusion Ended
[2023-07-01 03:26:46,213] 	INFO 	133 	day_data.py 	<module>() 	Day Data Combined Started
[2023-07-01 03:26:48,081] 	INFO 	161 	day_data.py 	<module>() 	Day Data Combined Ended
[2023-07-01 03:26:49,180] 	INFO 	37 	pair_data.py 	<module>() 	Pair Data Started
[2023-07-01 03:27:58,629] 	INFO 	107 	pair_data.py 	<module>() 	Pair Data Ended
[2023-07-01 03:27:58,629] 	INFO 	123 	pair_data.py 	<module>() 	Pair Data Fusion Started
[2023-07-01 03:28:14,734] 	INFO 	190 	pair_data.py 	<module>() 	Pair Data Fusion Ended
[2023-07-01 03:28:14,735] 	INFO 	197 	pair_data.py 	<module>() 	Pair Data Combined Started
[2023-07-01 03:28:26,913] 	INFO 	227 	pair_data.py 	<module>() 	Pair Data Combined Ended
[2023-07-01 03:28:27,992] 	INFO 	39 	bribe_data.py 	<module>() 	Bribe Data Started
[2023-07-01 03:33:47,093] 	INFO 	150 	bribe_data.py 	<module>() 	Bribe Data Ended
[2023-07-01 03:33:47,849] 	INFO 	24 	revenue_data.py 	<module>() 	Revenue Data Started
[2023-07-01 03:33:53,167] 	INFO 	72 	revenue_data.py 	<module>() 	Revenue Data Ended
[2023-07-01 04:13:19,327] 	INFO 	23 	id_data_v2.py 	<module>() 	ID Data Started
[2023-07-01 04:15:21,055] 	INFO 	120 	id_data_v2.py 	<module>() 	ID Data Ended
[2023-07-01 04:17:38,986] 	INFO 	39 	fee_data.py 	<module>() 	Fee Data Started
[2023-07-01 04:22:39,899] 	INFO 	139 	fee_data.py 	<module>() 	Fee Data Ended
[2023-07-01 05:10:40,691] 	INFO 	23 	id_data_v2.py 	<module>() 	ID Data Started
[2023-07-01 05:13:18,590] 	INFO 	120 	id_data_v2.py 	<module>() 	ID Data Ended
