[2023-03-19 00:37:45,457] 	INFO 	26 	day_data.py 	<module>() 	Day Data Started
[2023-03-19 00:37:50,414] 	INFO 	68 	day_data.py 	<module>() 	Day Data Ended
[2023-03-19 00:37:51,364] 	INFO 	36 	pair_data.py 	<module>() 	Pair Data Started
[2023-03-19 00:39:21,951] 	INFO 	107 	pair_data.py 	<module>() 	Pair Data Ended
[2023-03-19 00:39:22,885] 	INFO 	39 	bribe_data.py 	<module>() 	Bribe Data Started
[2023-03-19 00:40:20,325] 	INFO 	138 	bribe_data.py 	<module>() 	Bribe Data Ended
[2023-03-19 00:40:20,980] 	INFO 	24 	revenue_data.py 	<module>() 	Revenue Data Started
[2023-03-19 00:40:24,927] 	INFO 	72 	revenue_data.py 	<module>() 	Revenue Data Ended
[2023-03-19 01:44:38,724] 	INFO 	23 	id_data.py 	<module>() 	ID Data Started
[2023-03-19 01:45:40,413] 	INFO 	74 	id_data.py 	<module>() 	ID Data Ended
[2023-03-19 02:15:14,843] 	INFO 	26 	day_data.py 	<module>() 	Day Data Started
[2023-03-19 02:15:20,986] 	INFO 	68 	day_data.py 	<module>() 	Day Data Ended
[2023-03-19 02:15:21,894] 	INFO 	36 	pair_data.py 	<module>() 	Pair Data Started
[2023-03-19 02:17:13,633] 	INFO 	107 	pair_data.py 	<module>() 	Pair Data Ended
[2023-03-19 02:17:14,511] 	INFO 	39 	bribe_data.py 	<module>() 	Bribe Data Started
[2023-03-19 02:18:47,795] 	INFO 	138 	bribe_data.py 	<module>() 	Bribe Data Ended
[2023-03-19 02:18:48,383] 	INFO 	24 	revenue_data.py 	<module>() 	Revenue Data Started
[2023-03-19 02:18:53,248] 	INFO 	72 	revenue_data.py 	<module>() 	Revenue Data Ended
[2023-03-19 02:48:30,531] 	INFO 	23 	id_data.py 	<module>() 	ID Data Started
[2023-03-19 02:49:51,482] 	INFO 	74 	id_data.py 	<module>() 	ID Data Ended
[2023-03-19 03:09:45,095] 	INFO 	26 	day_data.py 	<module>() 	Day Data Started
[2023-03-19 03:09:49,152] 	INFO 	68 	day_data.py 	<module>() 	Day Data Ended
[2023-03-19 03:09:50,114] 	INFO 	36 	pair_data.py 	<module>() 	Pair Data Started
[2023-03-19 03:11:53,932] 	INFO 	107 	pair_data.py 	<module>() 	Pair Data Ended
[2023-03-19 03:11:55,005] 	INFO 	39 	bribe_data.py 	<module>() 	Bribe Data Started
[2023-03-19 03:13:52,186] 	INFO 	138 	bribe_data.py 	<module>() 	Bribe Data Ended
[2023-03-19 03:13:52,863] 	INFO 	24 	revenue_data.py 	<module>() 	Revenue Data Started
[2023-03-19 03:13:58,034] 	INFO 	72 	revenue_data.py 	<module>() 	Revenue Data Ended
[2023-03-19 03:20:19,493] 	INFO 	23 	id_data.py 	<module>() 	ID Data Started
[2023-03-19 03:21:02,247] 	INFO 	74 	id_data.py 	<module>() 	ID Data Ended
[2023-03-19 04:07:37,621] 	INFO 	26 	day_data.py 	<module>() 	Day Data Started
[2023-03-19 04:07:42,238] 	INFO 	68 	day_data.py 	<module>() 	Day Data Ended
[2023-03-19 04:07:43,278] 	INFO 	36 	pair_data.py 	<module>() 	Pair Data Started
[2023-03-19 04:09:16,221] 	INFO 	107 	pair_data.py 	<module>() 	Pair Data Ended
[2023-03-19 04:09:17,278] 	INFO 	39 	bribe_data.py 	<module>() 	Bribe Data Started
[2023-03-19 04:10:45,983] 	INFO 	138 	bribe_data.py 	<module>() 	Bribe Data Ended
[2023-03-19 04:10:46,724] 	INFO 	24 	revenue_data.py 	<module>() 	Revenue Data Started
[2023-03-19 04:10:51,894] 	INFO 	72 	revenue_data.py 	<module>() 	Revenue Data Ended
[2023-03-19 04:21:57,879] 	INFO 	23 	id_data.py 	<module>() 	ID Data Started
[2023-03-19 04:22:42,499] 	INFO 	74 	id_data.py 	<module>() 	ID Data Ended
[2023-03-19 05:06:01,455] 	INFO 	26 	day_data.py 	<module>() 	Day Data Started
[2023-03-19 05:06:04,971] 	INFO 	68 	day_data.py 	<module>() 	Day Data Ended
[2023-03-19 05:06:06,141] 	INFO 	36 	pair_data.py 	<module>() 	Pair Data Started
[2023-03-19 05:07:48,433] 	INFO 	107 	pair_data.py 	<module>() 	Pair Data Ended
[2023-03-19 05:07:49,510] 	INFO 	39 	bribe_data.py 	<module>() 	Bribe Data Started
[2023-03-19 05:09:21,637] 	INFO 	138 	bribe_data.py 	<module>() 	Bribe Data Ended
[2023-03-19 05:09:22,445] 	INFO 	24 	revenue_data.py 	<module>() 	Revenue Data Started
[2023-03-19 05:09:31,292] 	INFO 	72 	revenue_data.py 	<module>() 	Revenue Data Ended
[2023-03-19 05:16:50,943] 	INFO 	23 	id_data.py 	<module>() 	ID Data Started
[2023-03-19 05:17:58,652] 	INFO 	74 	id_data.py 	<module>() 	ID Data Ended
[2023-03-19 06:09:25,991] 	INFO 	26 	day_data.py 	<module>() 	Day Data Started
[2023-03-19 06:09:31,611] 	INFO 	68 	day_data.py 	<module>() 	Day Data Ended
[2023-03-19 06:09:32,808] 	INFO 	36 	pair_data.py 	<module>() 	Pair Data Started
[2023-03-19 06:11:06,888] 	INFO 	107 	pair_data.py 	<module>() 	Pair Data Ended
[2023-03-19 06:11:07,954] 	INFO 	39 	bribe_data.py 	<module>() 	Bribe Data Started
[2023-03-19 06:12:32,118] 	INFO 	138 	bribe_data.py 	<module>() 	Bribe Data Ended
[2023-03-19 06:12:32,891] 	INFO 	24 	revenue_data.py 	<module>() 	Revenue Data Started
[2023-03-19 06:12:38,258] 	INFO 	72 	revenue_data.py 	<module>() 	Revenue Data Ended
[2023-03-19 06:23:45,043] 	INFO 	23 	id_data.py 	<module>() 	ID Data Started
[2023-03-19 06:25:03,254] 	INFO 	74 	id_data.py 	<module>() 	ID Data Ended
[2023-03-19 07:04:55,022] 	INFO 	26 	day_data.py 	<module>() 	Day Data Started
[2023-03-19 07:04:59,397] 	INFO 	68 	day_data.py 	<module>() 	Day Data Ended
[2023-03-19 07:05:00,319] 	INFO 	36 	pair_data.py 	<module>() 	Pair Data Started
[2023-03-19 07:06:23,221] 	INFO 	107 	pair_data.py 	<module>() 	Pair Data Ended
[2023-03-19 07:06:24,199] 	INFO 	39 	bribe_data.py 	<module>() 	Bribe Data Started
[2023-03-19 07:07:15,616] 	INFO 	138 	bribe_data.py 	<module>() 	Bribe Data Ended
[2023-03-19 07:07:16,303] 	INFO 	24 	revenue_data.py 	<module>() 	Revenue Data Started
[2023-03-19 07:07:20,573] 	INFO 	72 	revenue_data.py 	<module>() 	Revenue Data Ended
[2023-03-19 07:16:12,171] 	INFO 	23 	id_data.py 	<module>() 	ID Data Started
[2023-03-19 07:17:26,265] 	INFO 	74 	id_data.py 	<module>() 	ID Data Ended
