[2023-05-09 00:32:22,284] 	INFO 	26 	day_data.py 	<module>() 	Day Data Started
[2023-05-09 00:32:27,801] 	INFO 	68 	day_data.py 	<module>() 	Day Data Ended
[2023-05-09 00:32:28,734] 	INFO 	36 	pair_data.py 	<module>() 	Pair Data Started
[2023-05-09 00:35:06,453] 	INFO 	105 	pair_data.py 	<module>() 	Pair Data Ended
[2023-05-09 00:35:07,354] 	INFO 	39 	bribe_data.py 	<module>() 	Bribe Data Started
[2023-05-09 00:40:05,676] 	INFO 	150 	bribe_data.py 	<module>() 	Bribe Data Ended
[2023-05-09 00:40:06,315] 	INFO 	24 	revenue_data.py 	<module>() 	Revenue Data Started
[2023-05-09 00:40:15,510] 	INFO 	72 	revenue_data.py 	<module>() 	Revenue Data Ended
[2023-05-09 00:55:36,649] 	INFO 	23 	id_data_v2.py 	<module>() 	ID Data Started
[2023-05-09 00:57:21,055] 	INFO 	119 	id_data_v2.py 	<module>() 	ID Data Ended
[2023-05-09 02:03:22,178] 	INFO 	23 	id_data_v2.py 	<module>() 	ID Data Started
[2023-05-09 02:05:00,177] 	INFO 	119 	id_data_v2.py 	<module>() 	ID Data Ended
[2023-05-09 02:30:17,733] 	INFO 	26 	day_data.py 	<module>() 	Day Data Started
[2023-05-09 02:30:22,275] 	INFO 	68 	day_data.py 	<module>() 	Day Data Ended
[2023-05-09 02:30:23,539] 	INFO 	36 	pair_data.py 	<module>() 	Pair Data Started
[2023-05-09 02:32:51,551] 	INFO 	105 	pair_data.py 	<module>() 	Pair Data Ended
[2023-05-09 02:32:52,733] 	INFO 	39 	bribe_data.py 	<module>() 	Bribe Data Started
[2023-05-09 02:37:06,391] 	INFO 	150 	bribe_data.py 	<module>() 	Bribe Data Ended
[2023-05-09 02:37:07,300] 	INFO 	24 	revenue_data.py 	<module>() 	Revenue Data Started
[2023-05-09 02:37:16,805] 	INFO 	72 	revenue_data.py 	<module>() 	Revenue Data Ended
