[2023-05-04 00:31:40,899] 	INFO 	26 	day_data.py 	<module>() 	Day Data Started
[2023-05-04 00:31:45,076] 	INFO 	68 	day_data.py 	<module>() 	Day Data Ended
[2023-05-04 00:31:46,243] 	INFO 	36 	pair_data.py 	<module>() 	Pair Data Started
[2023-05-04 00:34:09,582] 	INFO 	105 	pair_data.py 	<module>() 	Pair Data Ended
[2023-05-04 00:34:10,469] 	INFO 	39 	bribe_data.py 	<module>() 	Bribe Data Started
[2023-05-04 00:40:57,176] 	ERROR 	152 	bribe_data.py 	<module>() 	Error occurred during Bribe Data process. Error: 'address'
[2023-05-04 00:40:57,796] 	INFO 	24 	revenue_data.py 	<module>() 	Revenue Data Started
[2023-05-04 00:41:04,625] 	INFO 	72 	revenue_data.py 	<module>() 	Revenue Data Ended
[2023-05-04 00:42:50,530] 	INFO 	27 	emissions_data.py 	<module>() 	Emissions Data Started
[2023-05-04 00:43:12,546] 	INFO 	87 	emissions_data.py 	<module>() 	Emissions Data Ended
[2023-05-04 00:54:23,216] 	INFO 	23 	id_data_v2.py 	<module>() 	ID Data Started
[2023-05-04 00:57:12,848] 	INFO 	119 	id_data_v2.py 	<module>() 	ID Data Ended
[2023-05-04 01:59:55,976] 	INFO 	23 	id_data_v2.py 	<module>() 	ID Data Started
[2023-05-04 02:01:42,735] 	INFO 	119 	id_data_v2.py 	<module>() 	ID Data Ended
[2023-05-04 02:25:14,418] 	INFO 	26 	day_data.py 	<module>() 	Day Data Started
[2023-05-04 02:25:18,460] 	INFO 	68 	day_data.py 	<module>() 	Day Data Ended
[2023-05-04 02:25:19,567] 	INFO 	36 	pair_data.py 	<module>() 	Pair Data Started
[2023-05-04 02:27:49,686] 	INFO 	105 	pair_data.py 	<module>() 	Pair Data Ended
[2023-05-04 02:27:50,949] 	INFO 	39 	bribe_data.py 	<module>() 	Bribe Data Started
[2023-05-04 02:32:55,582] 	INFO 	150 	bribe_data.py 	<module>() 	Bribe Data Ended
[2023-05-04 02:32:56,530] 	INFO 	24 	revenue_data.py 	<module>() 	Revenue Data Started
[2023-05-04 02:33:03,883] 	INFO 	72 	revenue_data.py 	<module>() 	Revenue Data Ended
[2023-05-04 02:33:58,001] 	INFO 	23 	id_data_v2.py 	<module>() 	ID Data Started
[2023-05-04 02:36:04,885] 	INFO 	119 	id_data_v2.py 	<module>() 	ID Data Ended
[2023-05-04 03:10:58,971] 	INFO 	23 	id_data_v2.py 	<module>() 	ID Data Started
[2023-05-04 03:12:27,142] 	INFO 	119 	id_data_v2.py 	<module>() 	ID Data Ended
[2023-05-04 04:12:49,459] 	INFO 	23 	id_data_v2.py 	<module>() 	ID Data Started
[2023-05-04 04:14:55,243] 	INFO 	119 	id_data_v2.py 	<module>() 	ID Data Ended
[2023-05-04 05:05:26,068] 	INFO 	26 	day_data.py 	<module>() 	Day Data Started
[2023-05-04 05:05:30,648] 	INFO 	68 	day_data.py 	<module>() 	Day Data Ended
[2023-05-04 05:05:31,741] 	INFO 	36 	pair_data.py 	<module>() 	Pair Data Started
[2023-05-04 05:07:50,863] 	INFO 	105 	pair_data.py 	<module>() 	Pair Data Ended
[2023-05-04 05:07:51,836] 	INFO 	39 	bribe_data.py 	<module>() 	Bribe Data Started
[2023-05-04 05:11:38,174] 	INFO 	150 	bribe_data.py 	<module>() 	Bribe Data Ended
[2023-05-04 05:11:38,879] 	INFO 	24 	revenue_data.py 	<module>() 	Revenue Data Started
[2023-05-04 05:11:46,475] 	INFO 	72 	revenue_data.py 	<module>() 	Revenue Data Ended
[2023-05-04 06:08:00,178] 	INFO 	26 	day_data.py 	<module>() 	Day Data Started
[2023-05-04 06:08:06,342] 	INFO 	68 	day_data.py 	<module>() 	Day Data Ended
[2023-05-04 06:08:07,486] 	INFO 	36 	pair_data.py 	<module>() 	Pair Data Started
[2023-05-04 06:10:21,363] 	INFO 	105 	pair_data.py 	<module>() 	Pair Data Ended
[2023-05-04 06:10:22,321] 	INFO 	39 	bribe_data.py 	<module>() 	Bribe Data Started
[2023-05-04 06:13:49,144] 	INFO 	150 	bribe_data.py 	<module>() 	Bribe Data Ended
[2023-05-04 06:13:49,836] 	INFO 	24 	revenue_data.py 	<module>() 	Revenue Data Started
[2023-05-04 06:13:56,780] 	INFO 	72 	revenue_data.py 	<module>() 	Revenue Data Ended
[2023-05-04 07:10:23,470] 	INFO 	23 	id_data_v2.py 	<module>() 	ID Data Started
[2023-05-04 07:11:53,296] 	INFO 	119 	id_data_v2.py 	<module>() 	ID Data Ended
[2023-05-04 08:13:37,230] 	INFO 	23 	id_data_v2.py 	<module>() 	ID Data Started
[2023-05-04 08:15:55,345] 	INFO 	119 	id_data_v2.py 	<module>() 	ID Data Ended
[2023-05-04 09:10:28,996] 	INFO 	23 	id_data_v2.py 	<module>() 	ID Data Started
[2023-05-04 09:12:57,889] 	INFO 	119 	id_data_v2.py 	<module>() 	ID Data Ended
[2023-05-04 10:06:23,917] 	INFO 	26 	day_data.py 	<module>() 	Day Data Started
[2023-05-04 10:06:28,174] 	INFO 	68 	day_data.py 	<module>() 	Day Data Ended
[2023-05-04 10:06:29,470] 	INFO 	36 	pair_data.py 	<module>() 	Pair Data Started
[2023-05-04 10:08:47,990] 	INFO 	105 	pair_data.py 	<module>() 	Pair Data Ended
[2023-05-04 10:08:48,965] 	INFO 	39 	bribe_data.py 	<module>() 	Bribe Data Started
[2023-05-04 10:12:17,059] 	INFO 	150 	bribe_data.py 	<module>() 	Bribe Data Ended
[2023-05-04 10:12:17,799] 	INFO 	24 	revenue_data.py 	<module>() 	Revenue Data Started
[2023-05-04 10:12:23,234] 	INFO 	72 	revenue_data.py 	<module>() 	Revenue Data Ended
[2023-05-04 11:04:23,109] 	INFO 	26 	day_data.py 	<module>() 	Day Data Started
[2023-05-04 11:04:28,647] 	INFO 	68 	day_data.py 	<module>() 	Day Data Ended
[2023-05-04 11:04:29,709] 	INFO 	36 	pair_data.py 	<module>() 	Pair Data Started
[2023-05-04 11:07:04,227] 	INFO 	105 	pair_data.py 	<module>() 	Pair Data Ended
[2023-05-04 11:07:05,140] 	INFO 	39 	bribe_data.py 	<module>() 	Bribe Data Started
[2023-05-04 11:10:59,018] 	INFO 	150 	bribe_data.py 	<module>() 	Bribe Data Ended
[2023-05-04 11:10:59,679] 	INFO 	24 	revenue_data.py 	<module>() 	Revenue Data Started
[2023-05-04 11:11:06,577] 	INFO 	72 	revenue_data.py 	<module>() 	Revenue Data Ended
[2023-05-04 12:10:44,833] 	INFO 	26 	day_data.py 	<module>() 	Day Data Started
[2023-05-04 12:10:50,311] 	INFO 	68 	day_data.py 	<module>() 	Day Data Ended
[2023-05-04 12:10:51,258] 	INFO 	36 	pair_data.py 	<module>() 	Pair Data Started
[2023-05-04 12:13:35,301] 	INFO 	105 	pair_data.py 	<module>() 	Pair Data Ended
[2023-05-04 12:13:36,213] 	INFO 	39 	bribe_data.py 	<module>() 	Bribe Data Started
[2023-05-04 12:19:33,352] 	INFO 	150 	bribe_data.py 	<module>() 	Bribe Data Ended
[2023-05-04 12:19:34,011] 	INFO 	24 	revenue_data.py 	<module>() 	Revenue Data Started
[2023-05-04 12:19:41,100] 	INFO 	72 	revenue_data.py 	<module>() 	Revenue Data Ended
[2023-05-04 13:09:04,457] 	INFO 	26 	day_data.py 	<module>() 	Day Data Started
[2023-05-04 13:09:10,972] 	INFO 	68 	day_data.py 	<module>() 	Day Data Ended
[2023-05-04 13:09:12,123] 	INFO 	36 	pair_data.py 	<module>() 	Pair Data Started
[2023-05-04 13:11:48,189] 	INFO 	105 	pair_data.py 	<module>() 	Pair Data Ended
[2023-05-04 13:11:49,092] 	INFO 	39 	bribe_data.py 	<module>() 	Bribe Data Started
[2023-05-04 13:15:58,257] 	INFO 	150 	bribe_data.py 	<module>() 	Bribe Data Ended
[2023-05-04 13:15:58,906] 	INFO 	24 	revenue_data.py 	<module>() 	Revenue Data Started
[2023-05-04 13:16:08,752] 	INFO 	72 	revenue_data.py 	<module>() 	Revenue Data Ended
[2023-05-04 14:09:49,261] 	INFO 	23 	id_data_v2.py 	<module>() 	ID Data Started
[2023-05-04 14:11:39,088] 	INFO 	119 	id_data_v2.py 	<module>() 	ID Data Ended
[2023-05-04 15:05:32,180] 	INFO 	26 	day_data.py 	<module>() 	Day Data Started
[2023-05-04 15:05:37,601] 	INFO 	68 	day_data.py 	<module>() 	Day Data Ended
[2023-05-04 15:05:38,644] 	INFO 	36 	pair_data.py 	<module>() 	Pair Data Started
[2023-05-04 15:08:07,612] 	INFO 	105 	pair_data.py 	<module>() 	Pair Data Ended
[2023-05-04 15:08:08,554] 	INFO 	39 	bribe_data.py 	<module>() 	Bribe Data Started
[2023-05-04 15:12:34,037] 	INFO 	150 	bribe_data.py 	<module>() 	Bribe Data Ended
[2023-05-04 15:12:34,719] 	INFO 	24 	revenue_data.py 	<module>() 	Revenue Data Started
[2023-05-04 15:12:43,010] 	INFO 	72 	revenue_data.py 	<module>() 	Revenue Data Ended
[2023-05-04 16:23:31,773] 	INFO 	23 	id_data_v2.py 	<module>() 	ID Data Started
[2023-05-04 16:25:41,538] 	INFO 	119 	id_data_v2.py 	<module>() 	ID Data Ended
[2023-05-04 17:09:14,063] 	INFO 	23 	id_data_v2.py 	<module>() 	ID Data Started
[2023-05-04 17:12:17,128] 	INFO 	119 	id_data_v2.py 	<module>() 	ID Data Ended
[2023-05-04 18:12:46,499] 	INFO 	23 	id_data_v2.py 	<module>() 	ID Data Started
[2023-05-04 18:14:29,892] 	INFO 	119 	id_data_v2.py 	<module>() 	ID Data Ended
[2023-05-04 19:03:19,171] 	INFO 	26 	day_data.py 	<module>() 	Day Data Started
[2023-05-04 19:03:25,396] 	INFO 	68 	day_data.py 	<module>() 	Day Data Ended
[2023-05-04 19:03:26,808] 	INFO 	36 	pair_data.py 	<module>() 	Pair Data Started
[2023-05-04 19:05:47,924] 	INFO 	105 	pair_data.py 	<module>() 	Pair Data Ended
[2023-05-04 19:05:48,899] 	INFO 	39 	bribe_data.py 	<module>() 	Bribe Data Started
[2023-05-04 19:10:07,480] 	INFO 	150 	bribe_data.py 	<module>() 	Bribe Data Ended
[2023-05-04 19:10:08,231] 	INFO 	24 	revenue_data.py 	<module>() 	Revenue Data Started
[2023-05-04 19:10:17,243] 	INFO 	72 	revenue_data.py 	<module>() 	Revenue Data Ended
