[2023-05-07 00:33:16,469] 	INFO 	26 	day_data.py 	<module>() 	Day Data Started
[2023-05-07 00:33:21,225] 	INFO 	68 	day_data.py 	<module>() 	Day Data Ended
[2023-05-07 00:33:22,729] 	INFO 	36 	pair_data.py 	<module>() 	Pair Data Started
[2023-05-07 00:35:55,335] 	INFO 	105 	pair_data.py 	<module>() 	Pair Data Ended
[2023-05-07 00:35:56,359] 	INFO 	39 	bribe_data.py 	<module>() 	Bribe Data Started
[2023-05-07 00:42:42,880] 	INFO 	150 	bribe_data.py 	<module>() 	Bribe Data Ended
[2023-05-07 00:42:43,745] 	INFO 	24 	revenue_data.py 	<module>() 	Revenue Data Started
[2023-05-07 00:42:50,788] 	INFO 	72 	revenue_data.py 	<module>() 	Revenue Data Ended
[2023-05-07 00:57:55,084] 	INFO 	23 	id_data_v2.py 	<module>() 	ID Data Started
[2023-05-07 00:59:49,482] 	INFO 	119 	id_data_v2.py 	<module>() 	ID Data Ended
[2023-05-07 02:10:39,364] 	INFO 	23 	id_data_v2.py 	<module>() 	ID Data Started
[2023-05-07 02:13:21,184] 	INFO 	119 	id_data_v2.py 	<module>() 	ID Data Ended
[2023-05-07 03:11:11,007] 	INFO 	23 	id_data_v2.py 	<module>() 	ID Data Started
[2023-05-07 03:13:52,613] 	INFO 	119 	id_data_v2.py 	<module>() 	ID Data Ended
[2023-05-07 04:07:02,919] 	INFO 	26 	day_data.py 	<module>() 	Day Data Started
[2023-05-07 04:07:07,949] 	INFO 	68 	day_data.py 	<module>() 	Day Data Ended
[2023-05-07 04:07:09,665] 	INFO 	36 	pair_data.py 	<module>() 	Pair Data Started
[2023-05-07 04:09:35,043] 	INFO 	105 	pair_data.py 	<module>() 	Pair Data Ended
[2023-05-07 04:09:36,117] 	INFO 	39 	bribe_data.py 	<module>() 	Bribe Data Started
[2023-05-07 04:13:43,682] 	INFO 	150 	bribe_data.py 	<module>() 	Bribe Data Ended
[2023-05-07 04:13:44,488] 	INFO 	24 	revenue_data.py 	<module>() 	Revenue Data Started
[2023-05-07 04:13:49,214] 	INFO 	72 	revenue_data.py 	<module>() 	Revenue Data Ended
[2023-05-07 05:10:18,872] 	INFO 	23 	id_data_v2.py 	<module>() 	ID Data Started
[2023-05-07 05:11:48,569] 	INFO 	119 	id_data_v2.py 	<module>() 	ID Data Ended
[2023-05-07 06:13:03,208] 	INFO 	23 	id_data_v2.py 	<module>() 	ID Data Started
[2023-05-07 06:14:25,441] 	INFO 	119 	id_data_v2.py 	<module>() 	ID Data Ended
[2023-05-07 07:03:56,245] 	INFO 	26 	day_data.py 	<module>() 	Day Data Started
[2023-05-07 07:04:00,553] 	INFO 	68 	day_data.py 	<module>() 	Day Data Ended
[2023-05-07 07:04:01,773] 	INFO 	36 	pair_data.py 	<module>() 	Pair Data Started
[2023-05-07 07:06:31,628] 	INFO 	105 	pair_data.py 	<module>() 	Pair Data Ended
[2023-05-07 07:06:32,588] 	INFO 	39 	bribe_data.py 	<module>() 	Bribe Data Started
[2023-05-07 07:10:08,524] 	INFO 	150 	bribe_data.py 	<module>() 	Bribe Data Ended
[2023-05-07 07:10:09,223] 	INFO 	24 	revenue_data.py 	<module>() 	Revenue Data Started
[2023-05-07 07:10:12,529] 	INFO 	72 	revenue_data.py 	<module>() 	Revenue Data Ended
