[2023-03-14 00:31:13,605] 	INFO 	26 	day_data.py 	<module>() 	Day Data Started
[2023-03-14 00:31:16,605] 	INFO 	68 	day_data.py 	<module>() 	Day Data Ended
[2023-03-14 00:31:17,703] 	INFO 	36 	pair_data.py 	<module>() 	Pair Data Started
[2023-03-14 00:32:57,195] 	INFO 	107 	pair_data.py 	<module>() 	Pair Data Ended
[2023-03-14 00:32:58,224] 	INFO 	39 	bribe_data.py 	<module>() 	Bribe Data Started
[2023-03-14 00:34:45,994] 	INFO 	138 	bribe_data.py 	<module>() 	Bribe Data Ended
[2023-03-14 00:34:46,733] 	INFO 	24 	revenue_data.py 	<module>() 	Revenue Data Started
[2023-03-14 00:34:52,400] 	INFO 	72 	revenue_data.py 	<module>() 	Revenue Data Ended
[2023-03-14 01:19:20,844] 	INFO 	23 	id_data.py 	<module>() 	ID Data Started
[2023-03-14 01:20:44,588] 	INFO 	74 	id_data.py 	<module>() 	ID Data Ended
[2023-03-14 01:55:48,262] 	INFO 	26 	day_data.py 	<module>() 	Day Data Started
[2023-03-14 01:55:51,606] 	INFO 	68 	day_data.py 	<module>() 	Day Data Ended
[2023-03-14 01:55:52,537] 	INFO 	36 	pair_data.py 	<module>() 	Pair Data Started
[2023-03-14 01:57:15,577] 	INFO 	107 	pair_data.py 	<module>() 	Pair Data Ended
[2023-03-14 01:57:16,499] 	INFO 	39 	bribe_data.py 	<module>() 	Bribe Data Started
[2023-03-14 01:58:20,680] 	INFO 	138 	bribe_data.py 	<module>() 	Bribe Data Ended
[2023-03-14 01:58:21,324] 	INFO 	24 	revenue_data.py 	<module>() 	Revenue Data Started
[2023-03-14 01:58:26,478] 	INFO 	72 	revenue_data.py 	<module>() 	Revenue Data Ended
[2023-03-14 02:26:52,133] 	INFO 	26 	day_data.py 	<module>() 	Day Data Started
[2023-03-14 02:26:55,205] 	INFO 	68 	day_data.py 	<module>() 	Day Data Ended
[2023-03-14 02:26:56,140] 	INFO 	36 	pair_data.py 	<module>() 	Pair Data Started
[2023-03-14 02:28:35,227] 	INFO 	107 	pair_data.py 	<module>() 	Pair Data Ended
[2023-03-14 02:28:36,154] 	INFO 	39 	bribe_data.py 	<module>() 	Bribe Data Started
[2023-03-14 02:30:00,738] 	INFO 	138 	bribe_data.py 	<module>() 	Bribe Data Ended
[2023-03-14 02:30:01,406] 	INFO 	24 	revenue_data.py 	<module>() 	Revenue Data Started
[2023-03-14 02:30:07,407] 	INFO 	72 	revenue_data.py 	<module>() 	Revenue Data Ended
