[2023-04-14 00:30:57,086] 	INFO 	26 	day_data.py 	<module>() 	Day Data Started
[2023-04-14 00:31:01,817] 	INFO 	68 	day_data.py 	<module>() 	Day Data Ended
[2023-04-14 00:31:02,887] 	INFO 	36 	pair_data.py 	<module>() 	Pair Data Started
[2023-04-14 00:33:22,289] 	INFO 	107 	pair_data.py 	<module>() 	Pair Data Ended
[2023-04-14 00:33:23,374] 	INFO 	39 	bribe_data.py 	<module>() 	Bribe Data Started
[2023-04-14 00:35:26,608] 	INFO 	150 	bribe_data.py 	<module>() 	Bribe Data Ended
[2023-04-14 00:35:27,376] 	INFO 	24 	revenue_data.py 	<module>() 	Revenue Data Started
[2023-04-14 00:35:32,505] 	INFO 	72 	revenue_data.py 	<module>() 	Revenue Data Ended
[2023-04-14 01:21:54,971] 	INFO 	23 	id_data.py 	<module>() 	ID Data Started
[2023-04-14 01:22:53,464] 	INFO 	79 	id_data.py 	<module>() 	ID Data Ended
[2023-04-14 01:55:07,267] 	INFO 	26 	day_data.py 	<module>() 	Day Data Started
[2023-04-14 01:55:12,140] 	INFO 	68 	day_data.py 	<module>() 	Day Data Ended
[2023-04-14 01:55:13,120] 	INFO 	36 	pair_data.py 	<module>() 	Pair Data Started
[2023-04-14 01:57:09,544] 	INFO 	107 	pair_data.py 	<module>() 	Pair Data Ended
[2023-04-14 01:57:10,444] 	INFO 	39 	bribe_data.py 	<module>() 	Bribe Data Started
[2023-04-14 01:58:21,103] 	INFO 	150 	bribe_data.py 	<module>() 	Bribe Data Ended
[2023-04-14 01:58:21,753] 	INFO 	24 	revenue_data.py 	<module>() 	Revenue Data Started
[2023-04-14 01:58:27,160] 	INFO 	72 	revenue_data.py 	<module>() 	Revenue Data Ended
[2023-04-14 02:23:43,870] 	INFO 	26 	day_data.py 	<module>() 	Day Data Started
[2023-04-14 02:23:47,686] 	INFO 	68 	day_data.py 	<module>() 	Day Data Ended
[2023-04-14 02:23:48,570] 	INFO 	36 	pair_data.py 	<module>() 	Pair Data Started
[2023-04-14 02:25:59,922] 	INFO 	107 	pair_data.py 	<module>() 	Pair Data Ended
[2023-04-14 02:26:00,800] 	INFO 	39 	bribe_data.py 	<module>() 	Bribe Data Started
[2023-04-14 02:28:06,361] 	INFO 	150 	bribe_data.py 	<module>() 	Bribe Data Ended
[2023-04-14 02:28:06,963] 	INFO 	24 	revenue_data.py 	<module>() 	Revenue Data Started
[2023-04-14 02:28:11,292] 	INFO 	72 	revenue_data.py 	<module>() 	Revenue Data Ended
[2023-04-14 02:31:55,119] 	INFO 	23 	id_data.py 	<module>() 	ID Data Started
[2023-04-14 02:33:20,323] 	INFO 	79 	id_data.py 	<module>() 	ID Data Ended
[2023-04-14 03:06:41,282] 	INFO 	26 	day_data.py 	<module>() 	Day Data Started
[2023-04-14 03:06:44,883] 	INFO 	68 	day_data.py 	<module>() 	Day Data Ended
[2023-04-14 03:06:45,871] 	INFO 	36 	pair_data.py 	<module>() 	Pair Data Started
[2023-04-14 03:08:28,091] 	INFO 	107 	pair_data.py 	<module>() 	Pair Data Ended
[2023-04-14 03:08:28,978] 	INFO 	39 	bribe_data.py 	<module>() 	Bribe Data Started
[2023-04-14 03:09:36,754] 	INFO 	150 	bribe_data.py 	<module>() 	Bribe Data Ended
[2023-04-14 03:09:37,375] 	INFO 	24 	revenue_data.py 	<module>() 	Revenue Data Started
[2023-04-14 03:09:40,794] 	INFO 	72 	revenue_data.py 	<module>() 	Revenue Data Ended
[2023-04-14 03:17:42,718] 	INFO 	23 	id_data.py 	<module>() 	ID Data Started
[2023-04-14 03:18:38,009] 	INFO 	79 	id_data.py 	<module>() 	ID Data Ended
[2023-04-14 04:07:32,051] 	INFO 	26 	day_data.py 	<module>() 	Day Data Started
[2023-04-14 04:07:36,167] 	INFO 	68 	day_data.py 	<module>() 	Day Data Ended
[2023-04-14 04:07:37,390] 	INFO 	36 	pair_data.py 	<module>() 	Pair Data Started
[2023-04-14 04:10:01,063] 	INFO 	107 	pair_data.py 	<module>() 	Pair Data Ended
[2023-04-14 04:10:02,306] 	INFO 	39 	bribe_data.py 	<module>() 	Bribe Data Started
[2023-04-14 04:12:08,180] 	INFO 	150 	bribe_data.py 	<module>() 	Bribe Data Ended
[2023-04-14 04:12:09,053] 	INFO 	24 	revenue_data.py 	<module>() 	Revenue Data Started
[2023-04-14 04:12:14,460] 	INFO 	72 	revenue_data.py 	<module>() 	Revenue Data Ended
[2023-04-14 04:20:36,804] 	INFO 	23 	id_data.py 	<module>() 	ID Data Started
[2023-04-14 04:21:33,388] 	INFO 	79 	id_data.py 	<module>() 	ID Data Ended
[2023-04-14 05:05:35,152] 	INFO 	26 	day_data.py 	<module>() 	Day Data Started
[2023-04-14 05:05:38,805] 	INFO 	68 	day_data.py 	<module>() 	Day Data Ended
[2023-04-14 05:05:39,688] 	INFO 	36 	pair_data.py 	<module>() 	Pair Data Started
[2023-04-14 05:07:39,202] 	INFO 	107 	pair_data.py 	<module>() 	Pair Data Ended
[2023-04-14 05:07:40,068] 	INFO 	39 	bribe_data.py 	<module>() 	Bribe Data Started
[2023-04-14 05:09:43,985] 	INFO 	150 	bribe_data.py 	<module>() 	Bribe Data Ended
[2023-04-14 05:09:44,587] 	INFO 	24 	revenue_data.py 	<module>() 	Revenue Data Started
[2023-04-14 05:09:51,214] 	INFO 	72 	revenue_data.py 	<module>() 	Revenue Data Ended
[2023-04-14 05:15:43,570] 	INFO 	23 	id_data.py 	<module>() 	ID Data Started
[2023-04-14 05:16:37,552] 	INFO 	79 	id_data.py 	<module>() 	ID Data Ended
[2023-04-14 06:08:33,168] 	INFO 	26 	day_data.py 	<module>() 	Day Data Started
[2023-04-14 06:08:37,527] 	INFO 	68 	day_data.py 	<module>() 	Day Data Ended
[2023-04-14 06:08:38,581] 	INFO 	36 	pair_data.py 	<module>() 	Pair Data Started
[2023-04-14 06:10:35,944] 	INFO 	107 	pair_data.py 	<module>() 	Pair Data Ended
[2023-04-14 06:10:37,009] 	INFO 	39 	bribe_data.py 	<module>() 	Bribe Data Started
[2023-04-14 06:12:38,686] 	INFO 	150 	bribe_data.py 	<module>() 	Bribe Data Ended
[2023-04-14 06:12:39,443] 	INFO 	24 	revenue_data.py 	<module>() 	Revenue Data Started
[2023-04-14 06:12:44,115] 	INFO 	72 	revenue_data.py 	<module>() 	Revenue Data Ended
[2023-04-14 06:22:06,682] 	INFO 	23 	id_data.py 	<module>() 	ID Data Started
[2023-04-14 06:23:01,101] 	INFO 	79 	id_data.py 	<module>() 	ID Data Ended
[2023-04-14 07:04:54,396] 	INFO 	26 	day_data.py 	<module>() 	Day Data Started
[2023-04-14 07:04:58,851] 	INFO 	68 	day_data.py 	<module>() 	Day Data Ended
[2023-04-14 07:04:59,773] 	INFO 	36 	pair_data.py 	<module>() 	Pair Data Started
[2023-04-14 07:07:00,741] 	INFO 	107 	pair_data.py 	<module>() 	Pair Data Ended
[2023-04-14 07:07:01,603] 	INFO 	39 	bribe_data.py 	<module>() 	Bribe Data Started
[2023-04-14 07:09:05,385] 	INFO 	150 	bribe_data.py 	<module>() 	Bribe Data Ended
[2023-04-14 07:09:05,981] 	INFO 	24 	revenue_data.py 	<module>() 	Revenue Data Started
[2023-04-14 07:09:11,509] 	INFO 	72 	revenue_data.py 	<module>() 	Revenue Data Ended
[2023-04-14 07:15:38,699] 	INFO 	23 	id_data.py 	<module>() 	ID Data Started
[2023-04-14 07:16:29,897] 	INFO 	79 	id_data.py 	<module>() 	ID Data Ended
[2023-04-14 08:08:10,202] 	INFO 	26 	day_data.py 	<module>() 	Day Data Started
[2023-04-14 08:08:14,103] 	INFO 	68 	day_data.py 	<module>() 	Day Data Ended
[2023-04-14 08:08:15,132] 	INFO 	36 	pair_data.py 	<module>() 	Pair Data Started
[2023-04-14 08:10:07,269] 	INFO 	107 	pair_data.py 	<module>() 	Pair Data Ended
[2023-04-14 08:10:08,218] 	INFO 	39 	bribe_data.py 	<module>() 	Bribe Data Started
[2023-04-14 08:11:52,781] 	INFO 	150 	bribe_data.py 	<module>() 	Bribe Data Ended
[2023-04-14 08:11:53,459] 	INFO 	24 	revenue_data.py 	<module>() 	Revenue Data Started
[2023-04-14 08:11:59,677] 	INFO 	72 	revenue_data.py 	<module>() 	Revenue Data Ended
[2023-04-14 08:21:16,849] 	INFO 	23 	id_data.py 	<module>() 	ID Data Started
[2023-04-14 08:22:26,113] 	INFO 	79 	id_data.py 	<module>() 	ID Data Ended
[2023-04-14 09:06:04,064] 	INFO 	26 	day_data.py 	<module>() 	Day Data Started
[2023-04-14 09:06:07,843] 	INFO 	68 	day_data.py 	<module>() 	Day Data Ended
[2023-04-14 09:06:09,034] 	INFO 	36 	pair_data.py 	<module>() 	Pair Data Started
[2023-04-14 09:08:17,605] 	INFO 	107 	pair_data.py 	<module>() 	Pair Data Ended
[2023-04-14 09:08:18,800] 	INFO 	39 	bribe_data.py 	<module>() 	Bribe Data Started
[2023-04-14 09:10:11,422] 	INFO 	150 	bribe_data.py 	<module>() 	Bribe Data Ended
[2023-04-14 09:10:12,282] 	INFO 	24 	revenue_data.py 	<module>() 	Revenue Data Started
[2023-04-14 09:10:17,840] 	INFO 	72 	revenue_data.py 	<module>() 	Revenue Data Ended
[2023-04-14 09:16:55,205] 	INFO 	23 	id_data.py 	<module>() 	ID Data Started
[2023-04-14 09:18:06,595] 	INFO 	79 	id_data.py 	<module>() 	ID Data Ended
[2023-04-14 10:06:35,511] 	INFO 	26 	day_data.py 	<module>() 	Day Data Started
[2023-04-14 10:06:39,739] 	INFO 	68 	day_data.py 	<module>() 	Day Data Ended
[2023-04-14 10:06:40,629] 	INFO 	36 	pair_data.py 	<module>() 	Pair Data Started
[2023-04-14 10:08:34,119] 	INFO 	107 	pair_data.py 	<module>() 	Pair Data Ended
[2023-04-14 10:08:35,000] 	INFO 	39 	bribe_data.py 	<module>() 	Bribe Data Started
[2023-04-14 10:09:44,845] 	INFO 	150 	bribe_data.py 	<module>() 	Bribe Data Ended
[2023-04-14 10:09:45,456] 	INFO 	24 	revenue_data.py 	<module>() 	Revenue Data Started
[2023-04-14 10:09:50,958] 	INFO 	72 	revenue_data.py 	<module>() 	Revenue Data Ended
[2023-04-14 10:18:15,297] 	INFO 	23 	id_data.py 	<module>() 	ID Data Started
[2023-04-14 10:19:45,313] 	INFO 	79 	id_data.py 	<module>() 	ID Data Ended
[2023-04-14 11:04:07,774] 	INFO 	26 	day_data.py 	<module>() 	Day Data Started
[2023-04-14 11:04:11,516] 	INFO 	68 	day_data.py 	<module>() 	Day Data Ended
[2023-04-14 11:04:12,725] 	INFO 	36 	pair_data.py 	<module>() 	Pair Data Started
[2023-04-14 11:06:10,341] 	INFO 	107 	pair_data.py 	<module>() 	Pair Data Ended
[2023-04-14 11:06:11,631] 	INFO 	39 	bribe_data.py 	<module>() 	Bribe Data Started
[2023-04-14 11:07:53,801] 	INFO 	150 	bribe_data.py 	<module>() 	Bribe Data Ended
[2023-04-14 11:07:54,653] 	INFO 	24 	revenue_data.py 	<module>() 	Revenue Data Started
[2023-04-14 11:08:01,503] 	INFO 	72 	revenue_data.py 	<module>() 	Revenue Data Ended
[2023-04-14 11:14:39,340] 	INFO 	23 	id_data.py 	<module>() 	ID Data Started
[2023-04-14 11:15:36,720] 	INFO 	79 	id_data.py 	<module>() 	ID Data Ended
[2023-04-14 12:10:54,416] 	INFO 	26 	day_data.py 	<module>() 	Day Data Started
[2023-04-14 12:10:59,391] 	INFO 	68 	day_data.py 	<module>() 	Day Data Ended
[2023-04-14 12:11:00,420] 	INFO 	36 	pair_data.py 	<module>() 	Pair Data Started
[2023-04-14 12:12:57,163] 	INFO 	107 	pair_data.py 	<module>() 	Pair Data Ended
[2023-04-14 12:12:58,044] 	INFO 	39 	bribe_data.py 	<module>() 	Bribe Data Started
[2023-04-14 12:14:11,615] 	INFO 	150 	bribe_data.py 	<module>() 	Bribe Data Ended
[2023-04-14 12:14:12,220] 	INFO 	24 	revenue_data.py 	<module>() 	Revenue Data Started
[2023-04-14 12:14:16,591] 	INFO 	72 	revenue_data.py 	<module>() 	Revenue Data Ended
[2023-04-14 12:32:51,058] 	INFO 	23 	id_data.py 	<module>() 	ID Data Started
[2023-04-14 12:33:49,079] 	INFO 	79 	id_data.py 	<module>() 	ID Data Ended
[2023-04-14 13:09:06,012] 	INFO 	26 	day_data.py 	<module>() 	Day Data Started
[2023-04-14 13:09:14,635] 	INFO 	68 	day_data.py 	<module>() 	Day Data Ended
[2023-04-14 13:09:15,526] 	INFO 	36 	pair_data.py 	<module>() 	Pair Data Started
[2023-04-14 13:11:18,000] 	INFO 	107 	pair_data.py 	<module>() 	Pair Data Ended
[2023-04-14 13:11:18,932] 	INFO 	39 	bribe_data.py 	<module>() 	Bribe Data Started
[2023-04-14 13:13:22,832] 	INFO 	150 	bribe_data.py 	<module>() 	Bribe Data Ended
[2023-04-14 13:13:23,492] 	INFO 	24 	revenue_data.py 	<module>() 	Revenue Data Started
[2023-04-14 13:13:29,305] 	INFO 	72 	revenue_data.py 	<module>() 	Revenue Data Ended
[2023-04-14 13:20:14,388] 	INFO 	23 	id_data.py 	<module>() 	ID Data Started
[2023-04-14 13:21:46,326] 	INFO 	79 	id_data.py 	<module>() 	ID Data Ended
[2023-04-14 14:04:48,605] 	INFO 	26 	day_data.py 	<module>() 	Day Data Started
[2023-04-14 14:04:55,553] 	INFO 	68 	day_data.py 	<module>() 	Day Data Ended
[2023-04-14 14:04:56,501] 	INFO 	36 	pair_data.py 	<module>() 	Pair Data Started
[2023-04-14 14:06:46,068] 	INFO 	107 	pair_data.py 	<module>() 	Pair Data Ended
[2023-04-14 14:06:47,002] 	INFO 	39 	bribe_data.py 	<module>() 	Bribe Data Started
[2023-04-14 14:08:04,296] 	INFO 	150 	bribe_data.py 	<module>() 	Bribe Data Ended
[2023-04-14 14:08:04,934] 	INFO 	24 	revenue_data.py 	<module>() 	Revenue Data Started
[2023-04-14 14:08:10,502] 	INFO 	72 	revenue_data.py 	<module>() 	Revenue Data Ended
[2023-04-14 14:15:19,627] 	INFO 	23 	id_data.py 	<module>() 	ID Data Started
[2023-04-14 14:16:18,672] 	INFO 	79 	id_data.py 	<module>() 	ID Data Ended
[2023-04-14 15:05:38,521] 	INFO 	26 	day_data.py 	<module>() 	Day Data Started
[2023-04-14 15:05:43,601] 	INFO 	68 	day_data.py 	<module>() 	Day Data Ended
[2023-04-14 15:05:44,706] 	INFO 	36 	pair_data.py 	<module>() 	Pair Data Started
[2023-04-14 15:07:55,272] 	INFO 	107 	pair_data.py 	<module>() 	Pair Data Ended
[2023-04-14 15:07:56,132] 	INFO 	39 	bribe_data.py 	<module>() 	Bribe Data Started
[2023-04-14 15:10:06,327] 	INFO 	150 	bribe_data.py 	<module>() 	Bribe Data Ended
[2023-04-14 15:10:06,937] 	INFO 	24 	revenue_data.py 	<module>() 	Revenue Data Started
[2023-04-14 15:10:13,581] 	INFO 	72 	revenue_data.py 	<module>() 	Revenue Data Ended
[2023-04-14 15:18:27,771] 	INFO 	23 	id_data.py 	<module>() 	ID Data Started
[2023-04-14 15:19:58,611] 	INFO 	79 	id_data.py 	<module>() 	ID Data Ended
[2023-04-14 16:07:48,138] 	INFO 	26 	day_data.py 	<module>() 	Day Data Started
[2023-04-14 16:07:51,152] 	INFO 	68 	day_data.py 	<module>() 	Day Data Ended
[2023-04-14 16:07:52,213] 	INFO 	36 	pair_data.py 	<module>() 	Pair Data Started
[2023-04-14 16:10:05,035] 	INFO 	107 	pair_data.py 	<module>() 	Pair Data Ended
[2023-04-14 16:10:06,227] 	INFO 	39 	bribe_data.py 	<module>() 	Bribe Data Started
[2023-04-14 16:12:20,630] 	INFO 	150 	bribe_data.py 	<module>() 	Bribe Data Ended
[2023-04-14 16:12:21,491] 	INFO 	24 	revenue_data.py 	<module>() 	Revenue Data Started
[2023-04-14 16:12:30,224] 	INFO 	72 	revenue_data.py 	<module>() 	Revenue Data Ended
[2023-04-14 16:22:40,925] 	INFO 	23 	id_data.py 	<module>() 	ID Data Started
[2023-04-14 16:23:41,664] 	INFO 	79 	id_data.py 	<module>() 	ID Data Ended
[2023-04-14 17:04:20,748] 	INFO 	26 	day_data.py 	<module>() 	Day Data Started
[2023-04-14 17:04:24,138] 	INFO 	68 	day_data.py 	<module>() 	Day Data Ended
[2023-04-14 17:04:25,009] 	INFO 	36 	pair_data.py 	<module>() 	Pair Data Started
[2023-04-14 17:06:06,721] 	INFO 	107 	pair_data.py 	<module>() 	Pair Data Ended
[2023-04-14 17:06:07,630] 	INFO 	39 	bribe_data.py 	<module>() 	Bribe Data Started
[2023-04-14 17:07:37,336] 	INFO 	150 	bribe_data.py 	<module>() 	Bribe Data Ended
[2023-04-14 17:07:37,992] 	INFO 	24 	revenue_data.py 	<module>() 	Revenue Data Started
[2023-04-14 17:07:42,896] 	INFO 	72 	revenue_data.py 	<module>() 	Revenue Data Ended
[2023-04-14 17:13:41,924] 	INFO 	23 	id_data.py 	<module>() 	ID Data Started
[2023-04-14 17:14:40,194] 	INFO 	79 	id_data.py 	<module>() 	ID Data Ended
[2023-04-14 18:07:29,225] 	INFO 	26 	day_data.py 	<module>() 	Day Data Started
[2023-04-14 18:07:33,371] 	INFO 	68 	day_data.py 	<module>() 	Day Data Ended
[2023-04-14 18:07:34,291] 	INFO 	36 	pair_data.py 	<module>() 	Pair Data Started
[2023-04-14 18:09:25,497] 	INFO 	107 	pair_data.py 	<module>() 	Pair Data Ended
[2023-04-14 18:09:26,392] 	INFO 	39 	bribe_data.py 	<module>() 	Bribe Data Started
[2023-04-14 18:10:42,876] 	INFO 	150 	bribe_data.py 	<module>() 	Bribe Data Ended
[2023-04-14 18:10:43,500] 	INFO 	24 	revenue_data.py 	<module>() 	Revenue Data Started
[2023-04-14 18:10:49,410] 	INFO 	72 	revenue_data.py 	<module>() 	Revenue Data Ended
[2023-04-14 18:20:58,881] 	INFO 	23 	id_data.py 	<module>() 	ID Data Started
[2023-04-14 18:22:18,632] 	INFO 	79 	id_data.py 	<module>() 	ID Data Ended
[2023-04-14 19:03:25,569] 	INFO 	26 	day_data.py 	<module>() 	Day Data Started
[2023-04-14 19:03:30,142] 	INFO 	68 	day_data.py 	<module>() 	Day Data Ended
[2023-04-14 19:03:31,409] 	INFO 	36 	pair_data.py 	<module>() 	Pair Data Started
[2023-04-14 19:05:46,421] 	INFO 	107 	pair_data.py 	<module>() 	Pair Data Ended
[2023-04-14 19:05:47,687] 	INFO 	39 	bribe_data.py 	<module>() 	Bribe Data Started
[2023-04-14 19:08:02,686] 	INFO 	150 	bribe_data.py 	<module>() 	Bribe Data Ended
[2023-04-14 19:08:03,666] 	INFO 	24 	revenue_data.py 	<module>() 	Revenue Data Started
[2023-04-14 19:08:09,201] 	INFO 	72 	revenue_data.py 	<module>() 	Revenue Data Ended
[2023-04-14 19:13:11,465] 	INFO 	23 	id_data.py 	<module>() 	ID Data Started
[2023-04-14 19:14:10,516] 	INFO 	79 	id_data.py 	<module>() 	ID Data Ended
[2023-04-14 20:06:31,791] 	INFO 	26 	day_data.py 	<module>() 	Day Data Started
[2023-04-14 20:06:35,387] 	INFO 	68 	day_data.py 	<module>() 	Day Data Ended
[2023-04-14 20:06:36,283] 	INFO 	36 	pair_data.py 	<module>() 	Pair Data Started
[2023-04-14 20:08:30,765] 	INFO 	107 	pair_data.py 	<module>() 	Pair Data Ended
[2023-04-14 20:08:31,717] 	INFO 	39 	bribe_data.py 	<module>() 	Bribe Data Started
[2023-04-14 20:09:46,999] 	INFO 	150 	bribe_data.py 	<module>() 	Bribe Data Ended
[2023-04-14 20:09:47,653] 	INFO 	24 	revenue_data.py 	<module>() 	Revenue Data Started
[2023-04-14 20:09:53,067] 	INFO 	72 	revenue_data.py 	<module>() 	Revenue Data Ended
[2023-04-14 20:17:52,076] 	INFO 	23 	id_data.py 	<module>() 	ID Data Started
[2023-04-14 20:19:20,481] 	INFO 	79 	id_data.py 	<module>() 	ID Data Ended
[2023-04-14 21:04:14,655] 	INFO 	26 	day_data.py 	<module>() 	Day Data Started
[2023-04-14 21:04:18,608] 	INFO 	68 	day_data.py 	<module>() 	Day Data Ended
[2023-04-14 21:04:19,816] 	INFO 	36 	pair_data.py 	<module>() 	Pair Data Started
[2023-04-14 21:06:25,105] 	INFO 	107 	pair_data.py 	<module>() 	Pair Data Ended
[2023-04-14 21:06:26,332] 	INFO 	39 	bribe_data.py 	<module>() 	Bribe Data Started
[2023-04-14 21:08:11,692] 	INFO 	150 	bribe_data.py 	<module>() 	Bribe Data Ended
[2023-04-14 21:08:12,537] 	INFO 	24 	revenue_data.py 	<module>() 	Revenue Data Started
[2023-04-14 21:08:18,893] 	INFO 	72 	revenue_data.py 	<module>() 	Revenue Data Ended
[2023-04-14 21:14:30,535] 	INFO 	23 	id_data.py 	<module>() 	ID Data Started
[2023-04-14 21:15:29,615] 	INFO 	79 	id_data.py 	<module>() 	ID Data Ended
[2023-04-14 22:04:51,514] 	INFO 	26 	day_data.py 	<module>() 	Day Data Started
[2023-04-14 22:04:54,927] 	INFO 	68 	day_data.py 	<module>() 	Day Data Ended
[2023-04-14 22:04:55,814] 	INFO 	36 	pair_data.py 	<module>() 	Pair Data Started
[2023-04-14 22:07:05,811] 	INFO 	107 	pair_data.py 	<module>() 	Pair Data Ended
[2023-04-14 22:07:06,720] 	INFO 	39 	bribe_data.py 	<module>() 	Bribe Data Started
[2023-04-14 22:09:21,268] 	INFO 	150 	bribe_data.py 	<module>() 	Bribe Data Ended
[2023-04-14 22:09:21,912] 	INFO 	24 	revenue_data.py 	<module>() 	Revenue Data Started
[2023-04-14 22:09:29,177] 	INFO 	72 	revenue_data.py 	<module>() 	Revenue Data Ended
