[2023-05-18 00:31:49,796] 	INFO 	26 	day_data.py 	<module>() 	Day Data Started
[2023-05-18 00:31:56,547] 	INFO 	68 	day_data.py 	<module>() 	Day Data Ended
[2023-05-18 00:31:57,603] 	INFO 	36 	pair_data.py 	<module>() 	Pair Data Started
[2023-05-18 00:34:36,843] 	INFO 	105 	pair_data.py 	<module>() 	Pair Data Ended
[2023-05-18 00:34:37,743] 	INFO 	39 	bribe_data.py 	<module>() 	Bribe Data Started
[2023-05-18 00:39:00,110] 	ERROR 	152 	bribe_data.py 	<module>() 	Error occurred during Bribe Data process. Error: 'address'
[2023-05-18 00:39:00,875] 	INFO 	24 	revenue_data.py 	<module>() 	Revenue Data Started
[2023-05-18 00:39:07,480] 	INFO 	72 	revenue_data.py 	<module>() 	Revenue Data Ended
[2023-05-18 00:42:28,243] 	INFO 	27 	emissions_data.py 	<module>() 	Emissions Data Started
[2023-05-18 00:42:52,415] 	INFO 	87 	emissions_data.py 	<module>() 	Emissions Data Ended
[2023-05-18 00:54:16,143] 	INFO 	23 	id_data_v2.py 	<module>() 	ID Data Started
[2023-05-18 00:56:11,790] 	INFO 	119 	id_data_v2.py 	<module>() 	ID Data Ended
[2023-05-18 02:02:46,966] 	INFO 	23 	id_data_v2.py 	<module>() 	ID Data Started
[2023-05-18 02:04:42,333] 	INFO 	119 	id_data_v2.py 	<module>() 	ID Data Ended
[2023-05-18 02:28:53,710] 	INFO 	26 	day_data.py 	<module>() 	Day Data Started
[2023-05-18 02:28:57,717] 	INFO 	68 	day_data.py 	<module>() 	Day Data Ended
[2023-05-18 02:28:58,676] 	INFO 	36 	pair_data.py 	<module>() 	Pair Data Started
[2023-05-18 02:31:38,588] 	INFO 	105 	pair_data.py 	<module>() 	Pair Data Ended
[2023-05-18 02:31:39,499] 	INFO 	39 	bribe_data.py 	<module>() 	Bribe Data Started
[2023-05-18 02:36:12,271] 	INFO 	150 	bribe_data.py 	<module>() 	Bribe Data Ended
[2023-05-18 02:36:12,913] 	INFO 	24 	revenue_data.py 	<module>() 	Revenue Data Started
[2023-05-18 02:36:19,294] 	INFO 	72 	revenue_data.py 	<module>() 	Revenue Data Ended
[2023-05-18 03:10:58,903] 	INFO 	23 	id_data_v2.py 	<module>() 	ID Data Started
[2023-05-18 03:13:15,784] 	INFO 	119 	id_data_v2.py 	<module>() 	ID Data Ended
[2023-05-18 04:12:18,262] 	INFO 	23 	id_data_v2.py 	<module>() 	ID Data Started
[2023-05-18 04:15:17,707] 	INFO 	119 	id_data_v2.py 	<module>() 	ID Data Ended
[2023-05-18 05:10:14,725] 	INFO 	23 	id_data_v2.py 	<module>() 	ID Data Started
[2023-05-18 05:12:56,181] 	INFO 	119 	id_data_v2.py 	<module>() 	ID Data Ended
[2023-05-18 06:08:37,724] 	INFO 	26 	day_data.py 	<module>() 	Day Data Started
[2023-05-18 06:08:41,618] 	INFO 	68 	day_data.py 	<module>() 	Day Data Ended
[2023-05-18 06:08:42,687] 	INFO 	36 	pair_data.py 	<module>() 	Pair Data Started
[2023-05-18 06:11:31,797] 	INFO 	105 	pair_data.py 	<module>() 	Pair Data Ended
[2023-05-18 06:11:32,704] 	INFO 	39 	bribe_data.py 	<module>() 	Bribe Data Started
[2023-05-18 06:15:38,447] 	INFO 	150 	bribe_data.py 	<module>() 	Bribe Data Ended
[2023-05-18 06:15:39,088] 	INFO 	24 	revenue_data.py 	<module>() 	Revenue Data Started
[2023-05-18 06:15:44,422] 	INFO 	72 	revenue_data.py 	<module>() 	Revenue Data Ended
[2023-05-18 07:09:37,955] 	INFO 	23 	id_data_v2.py 	<module>() 	ID Data Started
[2023-05-18 07:11:27,243] 	INFO 	119 	id_data_v2.py 	<module>() 	ID Data Ended
[2023-05-18 08:12:43,291] 	INFO 	23 	id_data_v2.py 	<module>() 	ID Data Started
[2023-05-18 08:14:29,835] 	INFO 	119 	id_data_v2.py 	<module>() 	ID Data Ended
[2023-05-18 09:10:04,619] 	INFO 	23 	id_data_v2.py 	<module>() 	ID Data Started
[2023-05-18 09:12:53,343] 	INFO 	119 	id_data_v2.py 	<module>() 	ID Data Ended
[2023-05-18 10:10:27,940] 	INFO 	23 	id_data_v2.py 	<module>() 	ID Data Started
[2023-05-18 10:12:29,373] 	INFO 	119 	id_data_v2.py 	<module>() 	ID Data Ended
[2023-05-18 11:03:42,865] 	INFO 	26 	day_data.py 	<module>() 	Day Data Started
[2023-05-18 11:03:47,473] 	INFO 	68 	day_data.py 	<module>() 	Day Data Ended
[2023-05-18 11:03:48,522] 	INFO 	36 	pair_data.py 	<module>() 	Pair Data Started
[2023-05-18 11:06:38,717] 	INFO 	105 	pair_data.py 	<module>() 	Pair Data Ended
[2023-05-18 11:06:39,654] 	INFO 	39 	bribe_data.py 	<module>() 	Bribe Data Started
[2023-05-18 11:13:46,210] 	INFO 	150 	bribe_data.py 	<module>() 	Bribe Data Ended
[2023-05-18 11:13:46,854] 	INFO 	24 	revenue_data.py 	<module>() 	Revenue Data Started
[2023-05-18 11:13:56,440] 	INFO 	72 	revenue_data.py 	<module>() 	Revenue Data Ended
[2023-05-18 12:10:39,838] 	INFO 	26 	day_data.py 	<module>() 	Day Data Started
[2023-05-18 12:10:45,029] 	INFO 	68 	day_data.py 	<module>() 	Day Data Ended
[2023-05-18 12:10:46,324] 	INFO 	36 	pair_data.py 	<module>() 	Pair Data Started
[2023-05-18 12:13:21,051] 	INFO 	105 	pair_data.py 	<module>() 	Pair Data Ended
[2023-05-18 12:13:22,117] 	INFO 	39 	bribe_data.py 	<module>() 	Bribe Data Started
[2023-05-18 12:20:51,391] 	INFO 	150 	bribe_data.py 	<module>() 	Bribe Data Ended
[2023-05-18 12:20:52,242] 	INFO 	24 	revenue_data.py 	<module>() 	Revenue Data Started
[2023-05-18 12:20:59,192] 	INFO 	72 	revenue_data.py 	<module>() 	Revenue Data Ended
[2023-05-18 13:12:49,150] 	INFO 	23 	id_data_v2.py 	<module>() 	ID Data Started
[2023-05-18 13:15:46,287] 	INFO 	119 	id_data_v2.py 	<module>() 	ID Data Ended
[2023-05-18 14:09:34,620] 	INFO 	23 	id_data_v2.py 	<module>() 	ID Data Started
[2023-05-18 14:11:48,515] 	INFO 	119 	id_data_v2.py 	<module>() 	ID Data Ended
[2023-05-18 15:10:25,249] 	INFO 	23 	id_data_v2.py 	<module>() 	ID Data Started
[2023-05-18 15:12:25,905] 	INFO 	119 	id_data_v2.py 	<module>() 	ID Data Ended
[2023-05-18 16:07:16,688] 	INFO 	26 	day_data.py 	<module>() 	Day Data Started
[2023-05-18 16:07:22,599] 	INFO 	68 	day_data.py 	<module>() 	Day Data Ended
[2023-05-18 16:07:23,574] 	INFO 	36 	pair_data.py 	<module>() 	Pair Data Started
[2023-05-18 16:10:09,257] 	INFO 	105 	pair_data.py 	<module>() 	Pair Data Ended
[2023-05-18 16:10:10,192] 	INFO 	39 	bribe_data.py 	<module>() 	Bribe Data Started
[2023-05-18 16:10:17,082] 	ERROR 	152 	bribe_data.py 	<module>() 	Error occurred during Bribe Data process. Error: Could not decode contract function call to rewardTokens with return data: b'', output_types: ['address']
[2023-05-18 16:10:17,738] 	INFO 	24 	revenue_data.py 	<module>() 	Revenue Data Started
[2023-05-18 16:10:25,387] 	INFO 	72 	revenue_data.py 	<module>() 	Revenue Data Ended
[2023-05-18 16:12:59,675] 	INFO 	23 	id_data_v2.py 	<module>() 	ID Data Started
[2023-05-18 16:13:06,405] 	ERROR 	121 	id_data_v2.py 	<module>() 	Error occurred during ID Data process. Error: Could not decode contract function call to symbol with return data: b'', output_types: ['string']
[2023-05-18 17:08:46,503] 	INFO 	23 	id_data_v2.py 	<module>() 	ID Data Started
[2023-05-18 17:10:57,014] 	INFO 	119 	id_data_v2.py 	<module>() 	ID Data Ended
[2023-05-18 18:12:45,962] 	INFO 	23 	id_data_v2.py 	<module>() 	ID Data Started
[2023-05-18 18:16:59,752] 	INFO 	119 	id_data_v2.py 	<module>() 	ID Data Ended
[2023-05-18 19:02:59,026] 	INFO 	26 	day_data.py 	<module>() 	Day Data Started
[2023-05-18 19:03:03,926] 	INFO 	68 	day_data.py 	<module>() 	Day Data Ended
[2023-05-18 19:03:04,952] 	INFO 	36 	pair_data.py 	<module>() 	Pair Data Started
[2023-05-18 19:05:48,996] 	INFO 	105 	pair_data.py 	<module>() 	Pair Data Ended
[2023-05-18 19:05:49,979] 	INFO 	39 	bribe_data.py 	<module>() 	Bribe Data Started
[2023-05-18 19:11:06,155] 	INFO 	150 	bribe_data.py 	<module>() 	Bribe Data Ended
[2023-05-18 19:11:06,855] 	INFO 	24 	revenue_data.py 	<module>() 	Revenue Data Started
[2023-05-18 19:11:13,968] 	INFO 	72 	revenue_data.py 	<module>() 	Revenue Data Ended
