[2023-03-29 00:38:02,680] 	INFO 	26 	day_data.py 	<module>() 	Day Data Started
[2023-03-29 00:38:07,572] 	INFO 	68 	day_data.py 	<module>() 	Day Data Ended
[2023-03-29 00:38:08,634] 	INFO 	36 	pair_data.py 	<module>() 	Pair Data Started
[2023-03-29 00:40:01,803] 	INFO 	107 	pair_data.py 	<module>() 	Pair Data Ended
[2023-03-29 00:40:02,801] 	INFO 	39 	bribe_data.py 	<module>() 	Bribe Data Started
[2023-03-29 00:42:00,232] 	INFO 	150 	bribe_data.py 	<module>() 	Bribe Data Ended
[2023-03-29 00:42:00,878] 	INFO 	24 	revenue_data.py 	<module>() 	Revenue Data Started
[2023-03-29 00:42:06,543] 	INFO 	72 	revenue_data.py 	<module>() 	Revenue Data Ended
[2023-03-29 01:40:35,328] 	INFO 	23 	id_data.py 	<module>() 	ID Data Started
[2023-03-29 01:41:18,335] 	INFO 	79 	id_data.py 	<module>() 	ID Data Ended
[2023-03-29 02:11:08,538] 	INFO 	26 	day_data.py 	<module>() 	Day Data Started
[2023-03-29 02:11:12,641] 	INFO 	68 	day_data.py 	<module>() 	Day Data Ended
[2023-03-29 02:11:13,492] 	INFO 	36 	pair_data.py 	<module>() 	Pair Data Started
[2023-03-29 02:12:54,756] 	INFO 	107 	pair_data.py 	<module>() 	Pair Data Ended
[2023-03-29 02:12:55,616] 	INFO 	39 	bribe_data.py 	<module>() 	Bribe Data Started
[2023-03-29 02:14:02,484] 	INFO 	150 	bribe_data.py 	<module>() 	Bribe Data Ended
[2023-03-29 02:14:03,082] 	INFO 	24 	revenue_data.py 	<module>() 	Revenue Data Started
[2023-03-29 02:14:07,201] 	INFO 	72 	revenue_data.py 	<module>() 	Revenue Data Ended
[2023-03-29 02:43:46,722] 	INFO 	23 	id_data.py 	<module>() 	ID Data Started
[2023-03-29 02:44:33,431] 	INFO 	79 	id_data.py 	<module>() 	ID Data Ended
