[2023-05-20 00:30:35,631] 	INFO 	26 	day_data.py 	<module>() 	Day Data Started
[2023-05-20 00:30:39,274] 	INFO 	68 	day_data.py 	<module>() 	Day Data Ended
[2023-05-20 00:30:40,293] 	INFO 	36 	pair_data.py 	<module>() 	Pair Data Started
[2023-05-20 00:33:07,676] 	INFO 	105 	pair_data.py 	<module>() 	Pair Data Ended
[2023-05-20 00:33:08,624] 	INFO 	39 	bribe_data.py 	<module>() 	Bribe Data Started
[2023-05-20 00:37:50,435] 	INFO 	150 	bribe_data.py 	<module>() 	Bribe Data Ended
[2023-05-20 00:37:51,124] 	INFO 	24 	revenue_data.py 	<module>() 	Revenue Data Started
[2023-05-20 00:37:58,144] 	INFO 	72 	revenue_data.py 	<module>() 	Revenue Data Ended
[2023-05-20 00:53:17,853] 	INFO 	23 	id_data_v2.py 	<module>() 	ID Data Started
[2023-05-20 00:55:40,187] 	INFO 	119 	id_data_v2.py 	<module>() 	ID Data Ended
[2023-05-20 01:59:55,700] 	INFO 	23 	id_data_v2.py 	<module>() 	ID Data Started
[2023-05-20 02:02:02,951] 	INFO 	119 	id_data_v2.py 	<module>() 	ID Data Ended
[2023-05-20 02:32:52,969] 	INFO 	23 	id_data_v2.py 	<module>() 	ID Data Started
[2023-05-20 02:36:02,068] 	INFO 	119 	id_data_v2.py 	<module>() 	ID Data Ended
[2023-05-20 03:10:39,918] 	INFO 	23 	id_data_v2.py 	<module>() 	ID Data Started
[2023-05-20 03:12:36,721] 	INFO 	119 	id_data_v2.py 	<module>() 	ID Data Ended
[2023-05-20 04:11:38,165] 	INFO 	23 	id_data_v2.py 	<module>() 	ID Data Started
[2023-05-20 04:13:29,129] 	INFO 	119 	id_data_v2.py 	<module>() 	ID Data Ended
[2023-05-20 05:09:33,634] 	INFO 	23 	id_data_v2.py 	<module>() 	ID Data Started
[2023-05-20 05:12:38,226] 	INFO 	119 	id_data_v2.py 	<module>() 	ID Data Ended
[2023-05-20 06:12:47,573] 	INFO 	23 	id_data_v2.py 	<module>() 	ID Data Started
[2023-05-20 06:14:31,760] 	INFO 	119 	id_data_v2.py 	<module>() 	ID Data Ended
[2023-05-20 07:03:46,796] 	INFO 	26 	day_data.py 	<module>() 	Day Data Started
[2023-05-20 07:03:50,751] 	INFO 	68 	day_data.py 	<module>() 	Day Data Ended
[2023-05-20 07:03:51,721] 	INFO 	36 	pair_data.py 	<module>() 	Pair Data Started
[2023-05-20 07:06:12,974] 	INFO 	105 	pair_data.py 	<module>() 	Pair Data Ended
[2023-05-20 07:06:13,911] 	INFO 	39 	bribe_data.py 	<module>() 	Bribe Data Started
[2023-05-20 07:10:35,737] 	INFO 	150 	bribe_data.py 	<module>() 	Bribe Data Ended
[2023-05-20 07:10:36,433] 	INFO 	24 	revenue_data.py 	<module>() 	Revenue Data Started
[2023-05-20 07:10:43,345] 	INFO 	72 	revenue_data.py 	<module>() 	Revenue Data Ended
[2023-05-20 08:07:03,502] 	INFO 	26 	day_data.py 	<module>() 	Day Data Started
[2023-05-20 08:07:08,070] 	INFO 	68 	day_data.py 	<module>() 	Day Data Ended
[2023-05-20 08:07:09,280] 	INFO 	36 	pair_data.py 	<module>() 	Pair Data Started
[2023-05-20 08:09:26,055] 	INFO 	105 	pair_data.py 	<module>() 	Pair Data Ended
[2023-05-20 08:09:27,001] 	INFO 	39 	bribe_data.py 	<module>() 	Bribe Data Started
[2023-05-20 08:13:36,637] 	INFO 	150 	bribe_data.py 	<module>() 	Bribe Data Ended
[2023-05-20 08:13:37,324] 	INFO 	24 	revenue_data.py 	<module>() 	Revenue Data Started
[2023-05-20 08:13:40,532] 	INFO 	72 	revenue_data.py 	<module>() 	Revenue Data Ended
[2023-05-20 09:09:12,069] 	INFO 	23 	id_data_v2.py 	<module>() 	ID Data Started
[2023-05-20 09:10:49,546] 	INFO 	119 	id_data_v2.py 	<module>() 	ID Data Ended
[2023-05-20 10:10:06,230] 	INFO 	23 	id_data_v2.py 	<module>() 	ID Data Started
[2023-05-20 10:13:15,547] 	INFO 	119 	id_data_v2.py 	<module>() 	ID Data Ended
[2023-05-20 11:03:06,604] 	INFO 	26 	day_data.py 	<module>() 	Day Data Started
[2023-05-20 11:03:09,625] 	INFO 	68 	day_data.py 	<module>() 	Day Data Ended
[2023-05-20 11:03:10,610] 	INFO 	36 	pair_data.py 	<module>() 	Pair Data Started
[2023-05-20 11:05:29,332] 	INFO 	105 	pair_data.py 	<module>() 	Pair Data Ended
[2023-05-20 11:05:30,300] 	INFO 	39 	bribe_data.py 	<module>() 	Bribe Data Started
[2023-05-20 11:09:33,962] 	INFO 	150 	bribe_data.py 	<module>() 	Bribe Data Ended
[2023-05-20 11:09:34,633] 	INFO 	24 	revenue_data.py 	<module>() 	Revenue Data Started
[2023-05-20 11:09:40,968] 	INFO 	72 	revenue_data.py 	<module>() 	Revenue Data Ended
[2023-05-20 12:09:25,498] 	INFO 	26 	day_data.py 	<module>() 	Day Data Started
[2023-05-20 12:09:28,995] 	INFO 	68 	day_data.py 	<module>() 	Day Data Ended
[2023-05-20 12:09:30,085] 	INFO 	36 	pair_data.py 	<module>() 	Pair Data Started
[2023-05-20 12:11:58,503] 	INFO 	105 	pair_data.py 	<module>() 	Pair Data Ended
[2023-05-20 12:11:59,558] 	INFO 	39 	bribe_data.py 	<module>() 	Bribe Data Started
[2023-05-20 12:19:08,900] 	INFO 	150 	bribe_data.py 	<module>() 	Bribe Data Ended
[2023-05-20 12:19:09,671] 	INFO 	24 	revenue_data.py 	<module>() 	Revenue Data Started
[2023-05-20 12:19:19,485] 	INFO 	72 	revenue_data.py 	<module>() 	Revenue Data Ended
[2023-05-20 13:05:44,686] 	INFO 	26 	day_data.py 	<module>() 	Day Data Started
[2023-05-20 13:05:48,535] 	INFO 	68 	day_data.py 	<module>() 	Day Data Ended
[2023-05-20 13:05:49,593] 	INFO 	36 	pair_data.py 	<module>() 	Pair Data Started
[2023-05-20 13:08:17,360] 	INFO 	105 	pair_data.py 	<module>() 	Pair Data Ended
[2023-05-20 13:08:18,256] 	INFO 	39 	bribe_data.py 	<module>() 	Bribe Data Started
[2023-05-20 13:12:50,362] 	INFO 	150 	bribe_data.py 	<module>() 	Bribe Data Ended
[2023-05-20 13:12:50,996] 	INFO 	24 	revenue_data.py 	<module>() 	Revenue Data Started
[2023-05-20 13:12:58,331] 	INFO 	72 	revenue_data.py 	<module>() 	Revenue Data Ended
[2023-05-20 14:03:09,770] 	INFO 	26 	day_data.py 	<module>() 	Day Data Started
[2023-05-20 14:03:13,698] 	INFO 	68 	day_data.py 	<module>() 	Day Data Ended
[2023-05-20 14:03:14,749] 	INFO 	36 	pair_data.py 	<module>() 	Pair Data Started
[2023-05-20 14:05:40,225] 	INFO 	105 	pair_data.py 	<module>() 	Pair Data Ended
[2023-05-20 14:05:41,174] 	INFO 	39 	bribe_data.py 	<module>() 	Bribe Data Started
[2023-05-20 14:10:07,909] 	INFO 	150 	bribe_data.py 	<module>() 	Bribe Data Ended
[2023-05-20 14:10:08,566] 	INFO 	24 	revenue_data.py 	<module>() 	Revenue Data Started
[2023-05-20 14:10:16,101] 	INFO 	72 	revenue_data.py 	<module>() 	Revenue Data Ended
