[2023-05-05 00:29:56,914] 	INFO 	26 	day_data.py 	<module>() 	Day Data Started
[2023-05-05 00:30:02,559] 	INFO 	68 	day_data.py 	<module>() 	Day Data Ended
[2023-05-05 00:30:03,644] 	INFO 	36 	pair_data.py 	<module>() 	Pair Data Started
[2023-05-05 00:32:25,346] 	INFO 	105 	pair_data.py 	<module>() 	Pair Data Ended
[2023-05-05 00:32:26,312] 	INFO 	39 	bribe_data.py 	<module>() 	Bribe Data Started
[2023-05-05 00:36:20,836] 	INFO 	150 	bribe_data.py 	<module>() 	Bribe Data Ended
[2023-05-05 00:36:21,555] 	INFO 	24 	revenue_data.py 	<module>() 	Revenue Data Started
[2023-05-05 00:36:29,712] 	INFO 	72 	revenue_data.py 	<module>() 	Revenue Data Ended
[2023-05-05 00:50:41,341] 	INFO 	23 	id_data_v2.py 	<module>() 	ID Data Started
[2023-05-05 00:52:36,345] 	INFO 	119 	id_data_v2.py 	<module>() 	ID Data Ended
[2023-05-05 01:57:17,830] 	INFO 	23 	id_data_v2.py 	<module>() 	ID Data Started
[2023-05-05 02:00:00,616] 	INFO 	119 	id_data_v2.py 	<module>() 	ID Data Ended
[2023-05-05 02:23:02,562] 	INFO 	26 	day_data.py 	<module>() 	Day Data Started
[2023-05-05 02:23:06,518] 	INFO 	68 	day_data.py 	<module>() 	Day Data Ended
[2023-05-05 02:23:09,546] 	INFO 	36 	pair_data.py 	<module>() 	Pair Data Started
[2023-05-05 02:25:24,633] 	INFO 	105 	pair_data.py 	<module>() 	Pair Data Ended
[2023-05-05 02:25:25,575] 	INFO 	39 	bribe_data.py 	<module>() 	Bribe Data Started
[2023-05-05 02:29:16,901] 	INFO 	150 	bribe_data.py 	<module>() 	Bribe Data Ended
[2023-05-05 02:29:17,618] 	INFO 	24 	revenue_data.py 	<module>() 	Revenue Data Started
[2023-05-05 02:29:21,978] 	INFO 	72 	revenue_data.py 	<module>() 	Revenue Data Ended
[2023-05-05 03:11:07,933] 	INFO 	23 	id_data_v2.py 	<module>() 	ID Data Started
[2023-05-05 03:12:36,228] 	INFO 	119 	id_data_v2.py 	<module>() 	ID Data Ended
