[2023-05-16 00:32:33,783] 	INFO 	26 	day_data.py 	<module>() 	Day Data Started
[2023-05-16 00:32:39,290] 	INFO 	68 	day_data.py 	<module>() 	Day Data Ended
[2023-05-16 00:32:41,200] 	INFO 	36 	pair_data.py 	<module>() 	Pair Data Started
[2023-05-16 00:35:17,937] 	INFO 	105 	pair_data.py 	<module>() 	Pair Data Ended
[2023-05-16 00:35:19,103] 	INFO 	39 	bribe_data.py 	<module>() 	Bribe Data Started
[2023-05-16 00:40:08,234] 	INFO 	150 	bribe_data.py 	<module>() 	Bribe Data Ended
[2023-05-16 00:40:09,017] 	INFO 	24 	revenue_data.py 	<module>() 	Revenue Data Started
[2023-05-16 00:40:15,928] 	INFO 	72 	revenue_data.py 	<module>() 	Revenue Data Ended
[2023-05-16 00:55:19,620] 	INFO 	23 	id_data_v2.py 	<module>() 	ID Data Started
[2023-05-16 00:58:29,904] 	INFO 	119 	id_data_v2.py 	<module>() 	ID Data Ended
[2023-05-16 02:04:50,149] 	INFO 	23 	id_data_v2.py 	<module>() 	ID Data Started
[2023-05-16 02:06:36,345] 	INFO 	119 	id_data_v2.py 	<module>() 	ID Data Ended
[2023-05-16 02:32:54,790] 	INFO 	26 	day_data.py 	<module>() 	Day Data Started
[2023-05-16 02:32:59,729] 	INFO 	68 	day_data.py 	<module>() 	Day Data Ended
[2023-05-16 02:33:01,097] 	INFO 	36 	pair_data.py 	<module>() 	Pair Data Started
[2023-05-16 02:35:49,509] 	INFO 	105 	pair_data.py 	<module>() 	Pair Data Ended
[2023-05-16 02:35:50,629] 	INFO 	39 	bribe_data.py 	<module>() 	Bribe Data Started
[2023-05-16 02:43:44,080] 	INFO 	150 	bribe_data.py 	<module>() 	Bribe Data Ended
[2023-05-16 02:43:44,877] 	INFO 	24 	revenue_data.py 	<module>() 	Revenue Data Started
[2023-05-16 02:43:51,508] 	INFO 	72 	revenue_data.py 	<module>() 	Revenue Data Ended
[2023-05-16 03:11:42,958] 	INFO 	23 	id_data_v2.py 	<module>() 	ID Data Started
[2023-05-16 03:14:55,938] 	INFO 	119 	id_data_v2.py 	<module>() 	ID Data Ended
[2023-05-16 04:07:52,943] 	INFO 	26 	day_data.py 	<module>() 	Day Data Started
[2023-05-16 04:07:57,137] 	INFO 	68 	day_data.py 	<module>() 	Day Data Ended
[2023-05-16 04:07:58,406] 	INFO 	36 	pair_data.py 	<module>() 	Pair Data Started
[2023-05-16 04:10:12,336] 	INFO 	105 	pair_data.py 	<module>() 	Pair Data Ended
[2023-05-16 04:10:13,289] 	INFO 	39 	bribe_data.py 	<module>() 	Bribe Data Started
[2023-05-16 04:14:08,152] 	INFO 	150 	bribe_data.py 	<module>() 	Bribe Data Ended
[2023-05-16 04:14:08,833] 	INFO 	24 	revenue_data.py 	<module>() 	Revenue Data Started
[2023-05-16 04:14:14,705] 	INFO 	72 	revenue_data.py 	<module>() 	Revenue Data Ended
[2023-05-16 05:09:57,253] 	INFO 	23 	id_data_v2.py 	<module>() 	ID Data Started
[2023-05-16 05:11:58,425] 	INFO 	119 	id_data_v2.py 	<module>() 	ID Data Ended
[2023-05-16 06:13:17,577] 	INFO 	23 	id_data_v2.py 	<module>() 	ID Data Started
[2023-05-16 06:16:05,891] 	INFO 	119 	id_data_v2.py 	<module>() 	ID Data Ended
[2023-05-16 07:10:03,445] 	INFO 	23 	id_data_v2.py 	<module>() 	ID Data Started
[2023-05-16 07:12:43,992] 	INFO 	119 	id_data_v2.py 	<module>() 	ID Data Ended
[2023-05-16 08:13:12,419] 	INFO 	23 	id_data_v2.py 	<module>() 	ID Data Started
[2023-05-16 08:15:05,888] 	INFO 	119 	id_data_v2.py 	<module>() 	ID Data Ended
[2023-05-16 09:10:33,084] 	INFO 	23 	id_data_v2.py 	<module>() 	ID Data Started
[2023-05-16 09:12:21,263] 	INFO 	119 	id_data_v2.py 	<module>() 	ID Data Ended
[2023-05-16 10:10:55,224] 	INFO 	23 	id_data_v2.py 	<module>() 	ID Data Started
[2023-05-16 10:12:30,017] 	INFO 	119 	id_data_v2.py 	<module>() 	ID Data Ended
[2023-05-16 11:08:41,751] 	INFO 	23 	id_data_v2.py 	<module>() 	ID Data Started
[2023-05-16 11:10:19,833] 	INFO 	119 	id_data_v2.py 	<module>() 	ID Data Ended
[2023-05-16 12:11:25,409] 	INFO 	26 	day_data.py 	<module>() 	Day Data Started
[2023-05-16 12:11:29,608] 	INFO 	68 	day_data.py 	<module>() 	Day Data Ended
[2023-05-16 12:11:31,054] 	INFO 	36 	pair_data.py 	<module>() 	Pair Data Started
[2023-05-16 12:14:27,348] 	INFO 	105 	pair_data.py 	<module>() 	Pair Data Ended
[2023-05-16 12:14:28,726] 	INFO 	39 	bribe_data.py 	<module>() 	Bribe Data Started
[2023-05-16 12:18:51,976] 	INFO 	150 	bribe_data.py 	<module>() 	Bribe Data Ended
[2023-05-16 12:18:52,893] 	INFO 	24 	revenue_data.py 	<module>() 	Revenue Data Started
[2023-05-16 12:19:01,933] 	INFO 	72 	revenue_data.py 	<module>() 	Revenue Data Ended
