[2023-04-19 00:33:09,383] 	INFO 	26 	day_data.py 	<module>() 	Day Data Started
[2023-04-19 00:33:14,089] 	INFO 	68 	day_data.py 	<module>() 	Day Data Ended
[2023-04-19 00:33:14,967] 	INFO 	36 	pair_data.py 	<module>() 	Pair Data Started
[2023-04-19 00:35:08,484] 	INFO 	105 	pair_data.py 	<module>() 	Pair Data Ended
[2023-04-19 00:35:09,409] 	INFO 	39 	bribe_data.py 	<module>() 	Bribe Data Started
[2023-04-19 00:37:58,751] 	INFO 	150 	bribe_data.py 	<module>() 	Bribe Data Ended
[2023-04-19 00:37:59,393] 	INFO 	24 	revenue_data.py 	<module>() 	Revenue Data Started
[2023-04-19 00:38:06,088] 	INFO 	72 	revenue_data.py 	<module>() 	Revenue Data Ended
[2023-04-19 00:55:46,322] 	INFO 	23 	id_data_v2.py 	<module>() 	ID Data Started
[2023-04-19 00:56:44,048] 	INFO 	79 	id_data_v2.py 	<module>() 	ID Data Ended
[2023-04-19 02:00:15,821] 	INFO 	26 	day_data.py 	<module>() 	Day Data Started
[2023-04-19 02:00:20,085] 	INFO 	68 	day_data.py 	<module>() 	Day Data Ended
[2023-04-19 02:00:21,183] 	INFO 	36 	pair_data.py 	<module>() 	Pair Data Started
[2023-04-19 02:02:30,414] 	INFO 	105 	pair_data.py 	<module>() 	Pair Data Ended
[2023-04-19 02:02:31,596] 	INFO 	39 	bribe_data.py 	<module>() 	Bribe Data Started
[2023-04-19 02:05:39,708] 	INFO 	150 	bribe_data.py 	<module>() 	Bribe Data Ended
[2023-04-19 02:05:40,464] 	INFO 	24 	revenue_data.py 	<module>() 	Revenue Data Started
[2023-04-19 02:05:45,824] 	INFO 	72 	revenue_data.py 	<module>() 	Revenue Data Ended
[2023-04-19 02:32:27,148] 	INFO 	26 	day_data.py 	<module>() 	Day Data Started
[2023-04-19 02:32:30,587] 	INFO 	68 	day_data.py 	<module>() 	Day Data Ended
[2023-04-19 02:32:31,475] 	INFO 	36 	pair_data.py 	<module>() 	Pair Data Started
[2023-04-19 02:34:27,258] 	INFO 	105 	pair_data.py 	<module>() 	Pair Data Ended
[2023-04-19 02:34:28,198] 	INFO 	39 	bribe_data.py 	<module>() 	Bribe Data Started
[2023-04-19 02:37:12,623] 	INFO 	150 	bribe_data.py 	<module>() 	Bribe Data Ended
[2023-04-19 02:37:13,297] 	INFO 	24 	revenue_data.py 	<module>() 	Revenue Data Started
[2023-04-19 02:37:20,599] 	INFO 	72 	revenue_data.py 	<module>() 	Revenue Data Ended
[2023-04-19 03:06:52,445] 	INFO 	26 	day_data.py 	<module>() 	Day Data Started
[2023-04-19 03:06:55,632] 	INFO 	68 	day_data.py 	<module>() 	Day Data Ended
[2023-04-19 03:06:56,518] 	INFO 	36 	pair_data.py 	<module>() 	Pair Data Started
[2023-04-19 03:08:46,351] 	INFO 	105 	pair_data.py 	<module>() 	Pair Data Ended
[2023-04-19 03:08:47,270] 	INFO 	39 	bribe_data.py 	<module>() 	Bribe Data Started
[2023-04-19 03:11:11,554] 	INFO 	150 	bribe_data.py 	<module>() 	Bribe Data Ended
[2023-04-19 03:11:12,188] 	INFO 	24 	revenue_data.py 	<module>() 	Revenue Data Started
[2023-04-19 03:11:18,085] 	INFO 	72 	revenue_data.py 	<module>() 	Revenue Data Ended
[2023-04-19 04:07:26,373] 	INFO 	26 	day_data.py 	<module>() 	Day Data Started
[2023-04-19 04:07:31,330] 	INFO 	68 	day_data.py 	<module>() 	Day Data Ended
[2023-04-19 04:07:32,287] 	INFO 	36 	pair_data.py 	<module>() 	Pair Data Started
[2023-04-19 04:09:39,274] 	INFO 	105 	pair_data.py 	<module>() 	Pair Data Ended
[2023-04-19 04:09:40,290] 	INFO 	39 	bribe_data.py 	<module>() 	Bribe Data Started
[2023-04-19 04:13:54,605] 	INFO 	150 	bribe_data.py 	<module>() 	Bribe Data Ended
[2023-04-19 04:13:55,364] 	INFO 	24 	revenue_data.py 	<module>() 	Revenue Data Started
[2023-04-19 04:14:01,076] 	INFO 	72 	revenue_data.py 	<module>() 	Revenue Data Ended
[2023-04-19 05:10:18,276] 	INFO 	23 	id_data_v2.py 	<module>() 	ID Data Started
[2023-04-19 05:11:13,150] 	INFO 	79 	id_data_v2.py 	<module>() 	ID Data Ended
[2023-04-19 06:08:24,567] 	INFO 	26 	day_data.py 	<module>() 	Day Data Started
[2023-04-19 06:08:28,874] 	INFO 	68 	day_data.py 	<module>() 	Day Data Ended
[2023-04-19 06:08:29,866] 	INFO 	36 	pair_data.py 	<module>() 	Pair Data Started
[2023-04-19 06:10:34,238] 	INFO 	105 	pair_data.py 	<module>() 	Pair Data Ended
[2023-04-19 06:10:35,170] 	INFO 	39 	bribe_data.py 	<module>() 	Bribe Data Started
[2023-04-19 06:12:59,717] 	INFO 	150 	bribe_data.py 	<module>() 	Bribe Data Ended
[2023-04-19 06:13:00,398] 	INFO 	24 	revenue_data.py 	<module>() 	Revenue Data Started
[2023-04-19 06:13:06,347] 	INFO 	72 	revenue_data.py 	<module>() 	Revenue Data Ended
[2023-04-19 06:14:03,521] 	INFO 	23 	id_data_v2.py 	<module>() 	ID Data Started
[2023-04-19 06:14:52,495] 	INFO 	79 	id_data_v2.py 	<module>() 	ID Data Ended
[2023-04-19 07:05:25,386] 	INFO 	26 	day_data.py 	<module>() 	Day Data Started
[2023-04-19 07:05:28,825] 	INFO 	68 	day_data.py 	<module>() 	Day Data Ended
[2023-04-19 07:05:29,667] 	INFO 	36 	pair_data.py 	<module>() 	Pair Data Started
[2023-04-19 07:07:39,135] 	INFO 	105 	pair_data.py 	<module>() 	Pair Data Ended
[2023-04-19 07:07:39,991] 	INFO 	39 	bribe_data.py 	<module>() 	Bribe Data Started
[2023-04-19 07:10:36,326] 	INFO 	150 	bribe_data.py 	<module>() 	Bribe Data Ended
[2023-04-19 07:10:36,930] 	INFO 	24 	revenue_data.py 	<module>() 	Revenue Data Started
[2023-04-19 07:10:45,036] 	INFO 	72 	revenue_data.py 	<module>() 	Revenue Data Ended
[2023-04-19 08:08:21,720] 	INFO 	26 	day_data.py 	<module>() 	Day Data Started
[2023-04-19 08:08:25,225] 	INFO 	68 	day_data.py 	<module>() 	Day Data Ended
[2023-04-19 08:08:26,273] 	INFO 	36 	pair_data.py 	<module>() 	Pair Data Started
[2023-04-19 08:10:22,706] 	INFO 	105 	pair_data.py 	<module>() 	Pair Data Ended
[2023-04-19 08:10:23,666] 	INFO 	39 	bribe_data.py 	<module>() 	Bribe Data Started
[2023-04-19 08:13:32,710] 	INFO 	150 	bribe_data.py 	<module>() 	Bribe Data Ended
[2023-04-19 08:13:33,426] 	INFO 	24 	revenue_data.py 	<module>() 	Revenue Data Started
[2023-04-19 08:13:40,377] 	INFO 	72 	revenue_data.py 	<module>() 	Revenue Data Ended
