[2023-04-16 00:33:04,006] 	INFO 	26 	day_data.py 	<module>() 	Day Data Started
[2023-04-16 00:33:08,958] 	INFO 	68 	day_data.py 	<module>() 	Day Data Ended
[2023-04-16 00:33:09,948] 	INFO 	36 	pair_data.py 	<module>() 	Pair Data Started
[2023-04-16 00:35:12,925] 	INFO 	107 	pair_data.py 	<module>() 	Pair Data Ended
[2023-04-16 00:35:13,937] 	INFO 	39 	bribe_data.py 	<module>() 	Bribe Data Started
[2023-04-16 00:37:21,463] 	INFO 	150 	bribe_data.py 	<module>() 	Bribe Data Ended
[2023-04-16 00:37:22,215] 	INFO 	24 	revenue_data.py 	<module>() 	Revenue Data Started
[2023-04-16 00:37:26,073] 	INFO 	72 	revenue_data.py 	<module>() 	Revenue Data Ended
[2023-04-16 01:27:56,909] 	INFO 	23 	id_data.py 	<module>() 	ID Data Started
[2023-04-16 01:29:26,858] 	INFO 	79 	id_data.py 	<module>() 	ID Data Ended
[2023-04-16 02:03:42,112] 	INFO 	26 	day_data.py 	<module>() 	Day Data Started
[2023-04-16 02:03:51,059] 	INFO 	68 	day_data.py 	<module>() 	Day Data Ended
[2023-04-16 02:03:52,078] 	INFO 	36 	pair_data.py 	<module>() 	Pair Data Started
[2023-04-16 02:05:57,980] 	INFO 	107 	pair_data.py 	<module>() 	Pair Data Ended
[2023-04-16 02:05:58,964] 	INFO 	39 	bribe_data.py 	<module>() 	Bribe Data Started
[2023-04-16 02:08:07,424] 	INFO 	150 	bribe_data.py 	<module>() 	Bribe Data Ended
[2023-04-16 02:08:08,103] 	INFO 	24 	revenue_data.py 	<module>() 	Revenue Data Started
[2023-04-16 02:08:13,250] 	INFO 	72 	revenue_data.py 	<module>() 	Revenue Data Ended
[2023-04-16 02:36:34,374] 	INFO 	23 	id_data.py 	<module>() 	ID Data Started
[2023-04-16 02:37:43,073] 	INFO 	79 	id_data.py 	<module>() 	ID Data Ended
[2023-04-16 03:06:49,353] 	INFO 	26 	day_data.py 	<module>() 	Day Data Started
[2023-04-16 03:06:52,586] 	INFO 	68 	day_data.py 	<module>() 	Day Data Ended
[2023-04-16 03:06:53,633] 	INFO 	36 	pair_data.py 	<module>() 	Pair Data Started
[2023-04-16 03:08:49,508] 	INFO 	107 	pair_data.py 	<module>() 	Pair Data Ended
[2023-04-16 03:08:50,397] 	INFO 	39 	bribe_data.py 	<module>() 	Bribe Data Started
[2023-04-16 03:09:54,874] 	INFO 	150 	bribe_data.py 	<module>() 	Bribe Data Ended
[2023-04-16 03:09:55,495] 	INFO 	24 	revenue_data.py 	<module>() 	Revenue Data Started
[2023-04-16 03:09:58,690] 	INFO 	72 	revenue_data.py 	<module>() 	Revenue Data Ended
[2023-04-16 03:17:26,734] 	INFO 	23 	id_data.py 	<module>() 	ID Data Started
[2023-04-16 03:18:18,249] 	INFO 	79 	id_data.py 	<module>() 	ID Data Ended
[2023-04-16 04:07:13,386] 	INFO 	26 	day_data.py 	<module>() 	Day Data Started
[2023-04-16 04:07:18,418] 	INFO 	68 	day_data.py 	<module>() 	Day Data Ended
[2023-04-16 04:07:19,478] 	INFO 	36 	pair_data.py 	<module>() 	Pair Data Started
[2023-04-16 04:09:27,551] 	INFO 	107 	pair_data.py 	<module>() 	Pair Data Ended
[2023-04-16 04:09:28,629] 	INFO 	39 	bribe_data.py 	<module>() 	Bribe Data Started
[2023-04-16 04:11:04,309] 	INFO 	150 	bribe_data.py 	<module>() 	Bribe Data Ended
[2023-04-16 04:11:05,013] 	INFO 	24 	revenue_data.py 	<module>() 	Revenue Data Started
[2023-04-16 04:11:10,530] 	INFO 	72 	revenue_data.py 	<module>() 	Revenue Data Ended
