[2023-05-15 00:33:27,570] 	INFO 	26 	day_data.py 	<module>() 	Day Data Started
[2023-05-15 00:33:32,314] 	INFO 	68 	day_data.py 	<module>() 	Day Data Ended
[2023-05-15 00:33:34,031] 	INFO 	36 	pair_data.py 	<module>() 	Pair Data Started
[2023-05-15 00:36:09,800] 	INFO 	105 	pair_data.py 	<module>() 	Pair Data Ended
[2023-05-15 00:36:10,817] 	INFO 	39 	bribe_data.py 	<module>() 	Bribe Data Started
[2023-05-15 00:40:17,737] 	INFO 	150 	bribe_data.py 	<module>() 	Bribe Data Ended
[2023-05-15 00:40:18,445] 	INFO 	24 	revenue_data.py 	<module>() 	Revenue Data Started
[2023-05-15 00:40:27,101] 	INFO 	72 	revenue_data.py 	<module>() 	Revenue Data Ended
[2023-05-15 00:57:03,911] 	INFO 	23 	id_data_v2.py 	<module>() 	ID Data Started
[2023-05-15 00:58:41,935] 	INFO 	119 	id_data_v2.py 	<module>() 	ID Data Ended
[2023-05-15 02:06:06,851] 	INFO 	23 	id_data_v2.py 	<module>() 	ID Data Started
[2023-05-15 02:07:42,907] 	INFO 	119 	id_data_v2.py 	<module>() 	ID Data Ended
[2023-05-15 03:10:41,338] 	INFO 	23 	id_data_v2.py 	<module>() 	ID Data Started
[2023-05-15 03:13:40,316] 	INFO 	119 	id_data_v2.py 	<module>() 	ID Data Ended
[2023-05-15 04:12:33,749] 	INFO 	23 	id_data_v2.py 	<module>() 	ID Data Started
[2023-05-15 04:14:33,664] 	INFO 	119 	id_data_v2.py 	<module>() 	ID Data Ended
[2023-05-15 05:10:13,593] 	INFO 	23 	id_data_v2.py 	<module>() 	ID Data Started
[2023-05-15 05:11:47,001] 	INFO 	119 	id_data_v2.py 	<module>() 	ID Data Ended
[2023-05-15 06:08:31,471] 	INFO 	26 	day_data.py 	<module>() 	Day Data Started
[2023-05-15 06:08:35,565] 	INFO 	68 	day_data.py 	<module>() 	Day Data Ended
[2023-05-15 06:08:36,535] 	INFO 	36 	pair_data.py 	<module>() 	Pair Data Started
[2023-05-15 06:10:50,918] 	INFO 	105 	pair_data.py 	<module>() 	Pair Data Ended
[2023-05-15 06:10:51,883] 	INFO 	39 	bribe_data.py 	<module>() 	Bribe Data Started
[2023-05-15 06:14:29,202] 	INFO 	150 	bribe_data.py 	<module>() 	Bribe Data Ended
[2023-05-15 06:14:29,857] 	INFO 	24 	revenue_data.py 	<module>() 	Revenue Data Started
[2023-05-15 06:14:33,481] 	INFO 	72 	revenue_data.py 	<module>() 	Revenue Data Ended
[2023-05-15 07:10:58,208] 	INFO 	23 	id_data_v2.py 	<module>() 	ID Data Started
[2023-05-15 07:12:38,611] 	INFO 	119 	id_data_v2.py 	<module>() 	ID Data Ended
[2023-05-15 08:13:19,352] 	INFO 	23 	id_data_v2.py 	<module>() 	ID Data Started
[2023-05-15 08:14:53,192] 	INFO 	119 	id_data_v2.py 	<module>() 	ID Data Ended
[2023-05-15 09:11:07,186] 	INFO 	23 	id_data_v2.py 	<module>() 	ID Data Started
[2023-05-15 09:12:38,545] 	INFO 	119 	id_data_v2.py 	<module>() 	ID Data Ended
[2023-05-15 10:11:30,729] 	INFO 	23 	id_data_v2.py 	<module>() 	ID Data Started
[2023-05-15 10:13:04,583] 	INFO 	119 	id_data_v2.py 	<module>() 	ID Data Ended
