[2023-03-15 00:35:02,483] 	INFO 	26 	day_data.py 	<module>() 	Day Data Started
[2023-03-15 00:35:06,921] 	INFO 	68 	day_data.py 	<module>() 	Day Data Ended
[2023-03-15 00:35:08,089] 	INFO 	36 	pair_data.py 	<module>() 	Pair Data Started
[2023-03-15 00:36:36,535] 	INFO 	107 	pair_data.py 	<module>() 	Pair Data Ended
[2023-03-15 00:36:37,424] 	INFO 	39 	bribe_data.py 	<module>() 	Bribe Data Started
[2023-03-15 00:37:46,296] 	INFO 	138 	bribe_data.py 	<module>() 	Bribe Data Ended
[2023-03-15 00:37:46,894] 	INFO 	24 	revenue_data.py 	<module>() 	Revenue Data Started
[2023-03-15 00:37:49,883] 	INFO 	72 	revenue_data.py 	<module>() 	Revenue Data Ended
[2023-03-15 01:35:55,230] 	INFO 	23 	id_data.py 	<module>() 	ID Data Started
[2023-03-15 01:36:45,564] 	INFO 	74 	id_data.py 	<module>() 	ID Data Ended
[2023-03-15 02:06:09,633] 	INFO 	26 	day_data.py 	<module>() 	Day Data Started
[2023-03-15 02:06:13,953] 	INFO 	68 	day_data.py 	<module>() 	Day Data Ended
[2023-03-15 02:06:14,798] 	INFO 	36 	pair_data.py 	<module>() 	Pair Data Started
[2023-03-15 02:07:53,546] 	INFO 	107 	pair_data.py 	<module>() 	Pair Data Ended
[2023-03-15 02:07:54,420] 	INFO 	39 	bribe_data.py 	<module>() 	Bribe Data Started
[2023-03-15 02:09:27,781] 	INFO 	138 	bribe_data.py 	<module>() 	Bribe Data Ended
[2023-03-15 02:09:28,374] 	INFO 	24 	revenue_data.py 	<module>() 	Revenue Data Started
[2023-03-15 02:09:35,179] 	INFO 	72 	revenue_data.py 	<module>() 	Revenue Data Ended
[2023-03-15 02:39:56,454] 	INFO 	23 	id_data.py 	<module>() 	ID Data Started
[2023-03-15 02:40:53,206] 	INFO 	74 	id_data.py 	<module>() 	ID Data Ended
