[2023-03-28 00:33:51,818] 	INFO 	26 	day_data.py 	<module>() 	Day Data Started
[2023-03-28 00:33:55,795] 	INFO 	68 	day_data.py 	<module>() 	Day Data Ended
[2023-03-28 00:33:56,741] 	INFO 	36 	pair_data.py 	<module>() 	Pair Data Started
[2023-03-28 00:35:32,921] 	INFO 	107 	pair_data.py 	<module>() 	Pair Data Ended
[2023-03-28 00:35:33,792] 	INFO 	39 	bribe_data.py 	<module>() 	Bribe Data Started
[2023-03-28 00:36:41,243] 	INFO 	150 	bribe_data.py 	<module>() 	Bribe Data Ended
[2023-03-28 00:36:41,851] 	INFO 	24 	revenue_data.py 	<module>() 	Revenue Data Started
[2023-03-28 00:36:47,364] 	INFO 	72 	revenue_data.py 	<module>() 	Revenue Data Ended
[2023-03-28 01:33:37,184] 	INFO 	23 	id_data.py 	<module>() 	ID Data Started
[2023-03-28 01:34:29,495] 	INFO 	79 	id_data.py 	<module>() 	ID Data Ended
[2023-03-28 02:02:57,150] 	INFO 	26 	day_data.py 	<module>() 	Day Data Started
[2023-03-28 02:03:01,906] 	INFO 	68 	day_data.py 	<module>() 	Day Data Ended
[2023-03-28 02:03:02,785] 	INFO 	36 	pair_data.py 	<module>() 	Pair Data Started
[2023-03-28 02:04:52,003] 	INFO 	107 	pair_data.py 	<module>() 	Pair Data Ended
[2023-03-28 02:04:52,920] 	INFO 	39 	bribe_data.py 	<module>() 	Bribe Data Started
[2023-03-28 02:06:46,349] 	INFO 	150 	bribe_data.py 	<module>() 	Bribe Data Ended
[2023-03-28 02:06:46,979] 	INFO 	24 	revenue_data.py 	<module>() 	Revenue Data Started
[2023-03-28 02:06:52,532] 	INFO 	72 	revenue_data.py 	<module>() 	Revenue Data Ended
[2023-03-28 02:36:39,044] 	INFO 	23 	id_data.py 	<module>() 	ID Data Started
[2023-03-28 02:37:48,079] 	INFO 	79 	id_data.py 	<module>() 	ID Data Ended
[2023-03-28 03:07:23,004] 	INFO 	26 	day_data.py 	<module>() 	Day Data Started
[2023-03-28 03:07:27,564] 	INFO 	68 	day_data.py 	<module>() 	Day Data Ended
[2023-03-28 03:07:28,410] 	INFO 	36 	pair_data.py 	<module>() 	Pair Data Started
[2023-03-28 03:09:19,106] 	INFO 	107 	pair_data.py 	<module>() 	Pair Data Ended
[2023-03-28 03:09:19,967] 	INFO 	39 	bribe_data.py 	<module>() 	Bribe Data Started
[2023-03-28 03:11:00,859] 	INFO 	150 	bribe_data.py 	<module>() 	Bribe Data Ended
[2023-03-28 03:11:01,449] 	INFO 	24 	revenue_data.py 	<module>() 	Revenue Data Started
[2023-03-28 03:11:07,811] 	INFO 	72 	revenue_data.py 	<module>() 	Revenue Data Ended
[2023-03-28 03:18:45,198] 	INFO 	23 	id_data.py 	<module>() 	ID Data Started
[2023-03-28 03:19:56,703] 	INFO 	79 	id_data.py 	<module>() 	ID Data Ended
[2023-03-28 04:07:54,779] 	INFO 	26 	day_data.py 	<module>() 	Day Data Started
[2023-03-28 04:07:59,539] 	INFO 	68 	day_data.py 	<module>() 	Day Data Ended
[2023-03-28 04:08:00,402] 	INFO 	36 	pair_data.py 	<module>() 	Pair Data Started
[2023-03-28 04:09:49,667] 	INFO 	107 	pair_data.py 	<module>() 	Pair Data Ended
[2023-03-28 04:09:50,547] 	INFO 	39 	bribe_data.py 	<module>() 	Bribe Data Started
[2023-03-28 04:11:25,511] 	INFO 	150 	bribe_data.py 	<module>() 	Bribe Data Ended
[2023-03-28 04:11:26,115] 	INFO 	24 	revenue_data.py 	<module>() 	Revenue Data Started
[2023-03-28 04:11:33,489] 	INFO 	72 	revenue_data.py 	<module>() 	Revenue Data Ended
[2023-03-28 04:22:01,087] 	INFO 	23 	id_data.py 	<module>() 	ID Data Started
[2023-03-28 04:23:20,416] 	INFO 	79 	id_data.py 	<module>() 	ID Data Ended
[2023-03-28 05:06:23,298] 	INFO 	26 	day_data.py 	<module>() 	Day Data Started
[2023-03-28 05:06:26,766] 	INFO 	68 	day_data.py 	<module>() 	Day Data Ended
[2023-03-28 05:06:27,640] 	INFO 	36 	pair_data.py 	<module>() 	Pair Data Started
[2023-03-28 05:07:58,988] 	INFO 	107 	pair_data.py 	<module>() 	Pair Data Ended
[2023-03-28 05:07:59,891] 	INFO 	39 	bribe_data.py 	<module>() 	Bribe Data Started
[2023-03-28 05:09:02,871] 	INFO 	150 	bribe_data.py 	<module>() 	Bribe Data Ended
[2023-03-28 05:09:03,602] 	INFO 	24 	revenue_data.py 	<module>() 	Revenue Data Started
[2023-03-28 05:09:11,224] 	INFO 	72 	revenue_data.py 	<module>() 	Revenue Data Ended
[2023-03-28 05:16:58,948] 	INFO 	23 	id_data.py 	<module>() 	ID Data Started
[2023-03-28 05:18:00,604] 	INFO 	79 	id_data.py 	<module>() 	ID Data Ended
[2023-03-28 06:09:05,695] 	INFO 	26 	day_data.py 	<module>() 	Day Data Started
[2023-03-28 06:09:09,426] 	INFO 	68 	day_data.py 	<module>() 	Day Data Ended
[2023-03-28 06:09:10,639] 	INFO 	36 	pair_data.py 	<module>() 	Pair Data Started
[2023-03-28 06:10:53,858] 	INFO 	107 	pair_data.py 	<module>() 	Pair Data Ended
[2023-03-28 06:10:54,974] 	INFO 	39 	bribe_data.py 	<module>() 	Bribe Data Started
[2023-03-28 06:12:31,215] 	INFO 	150 	bribe_data.py 	<module>() 	Bribe Data Ended
[2023-03-28 06:12:32,022] 	INFO 	24 	revenue_data.py 	<module>() 	Revenue Data Started
[2023-03-28 06:12:37,774] 	INFO 	72 	revenue_data.py 	<module>() 	Revenue Data Ended
[2023-03-28 06:23:33,867] 	INFO 	23 	id_data.py 	<module>() 	ID Data Started
[2023-03-28 06:24:43,821] 	INFO 	79 	id_data.py 	<module>() 	ID Data Ended
[2023-03-28 07:06:32,148] 	INFO 	26 	day_data.py 	<module>() 	Day Data Started
[2023-03-28 07:06:35,960] 	INFO 	68 	day_data.py 	<module>() 	Day Data Ended
[2023-03-28 07:06:37,156] 	INFO 	36 	pair_data.py 	<module>() 	Pair Data Started
[2023-03-28 07:08:30,248] 	INFO 	107 	pair_data.py 	<module>() 	Pair Data Ended
[2023-03-28 07:08:31,373] 	INFO 	39 	bribe_data.py 	<module>() 	Bribe Data Started
[2023-03-28 07:10:17,598] 	INFO 	150 	bribe_data.py 	<module>() 	Bribe Data Ended
[2023-03-28 07:10:18,417] 	INFO 	24 	revenue_data.py 	<module>() 	Revenue Data Started
[2023-03-28 07:10:24,571] 	INFO 	72 	revenue_data.py 	<module>() 	Revenue Data Ended
[2023-03-28 07:16:35,026] 	INFO 	23 	id_data.py 	<module>() 	ID Data Started
[2023-03-28 07:17:17,586] 	INFO 	79 	id_data.py 	<module>() 	ID Data Ended
[2023-03-28 08:09:23,683] 	INFO 	26 	day_data.py 	<module>() 	Day Data Started
[2023-03-28 08:09:26,428] 	INFO 	68 	day_data.py 	<module>() 	Day Data Ended
[2023-03-28 08:09:27,542] 	INFO 	36 	pair_data.py 	<module>() 	Pair Data Started
[2023-03-28 08:10:56,058] 	INFO 	107 	pair_data.py 	<module>() 	Pair Data Ended
[2023-03-28 08:10:56,989] 	INFO 	39 	bribe_data.py 	<module>() 	Bribe Data Started
[2023-03-28 08:11:54,832] 	INFO 	150 	bribe_data.py 	<module>() 	Bribe Data Ended
[2023-03-28 08:11:55,465] 	INFO 	24 	revenue_data.py 	<module>() 	Revenue Data Started
[2023-03-28 08:12:03,274] 	INFO 	72 	revenue_data.py 	<module>() 	Revenue Data Ended
[2023-03-28 08:24:26,019] 	INFO 	23 	id_data.py 	<module>() 	ID Data Started
[2023-03-28 08:25:34,626] 	INFO 	79 	id_data.py 	<module>() 	ID Data Ended
