[2023-03-18 00:33:43,991] 	INFO 	26 	day_data.py 	<module>() 	Day Data Started
[2023-03-18 00:33:48,239] 	INFO 	68 	day_data.py 	<module>() 	Day Data Ended
[2023-03-18 00:33:49,182] 	INFO 	36 	pair_data.py 	<module>() 	Pair Data Started
[2023-03-18 00:35:33,263] 	INFO 	107 	pair_data.py 	<module>() 	Pair Data Ended
[2023-03-18 00:35:34,145] 	INFO 	39 	bribe_data.py 	<module>() 	Bribe Data Started
[2023-03-18 00:37:35,037] 	INFO 	138 	bribe_data.py 	<module>() 	Bribe Data Ended
[2023-03-18 00:37:35,647] 	INFO 	24 	revenue_data.py 	<module>() 	Revenue Data Started
[2023-03-18 00:37:41,514] 	INFO 	72 	revenue_data.py 	<module>() 	Revenue Data Ended
[2023-03-18 01:27:41,241] 	INFO 	23 	id_data.py 	<module>() 	ID Data Started
[2023-03-18 01:29:10,746] 	INFO 	74 	id_data.py 	<module>() 	ID Data Ended
[2023-03-18 02:04:31,076] 	INFO 	26 	day_data.py 	<module>() 	Day Data Started
[2023-03-18 02:04:36,693] 	INFO 	68 	day_data.py 	<module>() 	Day Data Ended
[2023-03-18 02:04:37,603] 	INFO 	36 	pair_data.py 	<module>() 	Pair Data Started
[2023-03-18 02:06:10,090] 	INFO 	107 	pair_data.py 	<module>() 	Pair Data Ended
[2023-03-18 02:06:10,950] 	INFO 	39 	bribe_data.py 	<module>() 	Bribe Data Started
[2023-03-18 02:07:13,919] 	INFO 	138 	bribe_data.py 	<module>() 	Bribe Data Ended
[2023-03-18 02:07:14,519] 	INFO 	24 	revenue_data.py 	<module>() 	Revenue Data Started
[2023-03-18 02:07:19,996] 	INFO 	72 	revenue_data.py 	<module>() 	Revenue Data Ended
[2023-03-18 02:38:27,666] 	INFO 	23 	id_data.py 	<module>() 	ID Data Started
[2023-03-18 02:39:34,212] 	INFO 	74 	id_data.py 	<module>() 	ID Data Ended
[2023-03-18 03:07:13,516] 	INFO 	26 	day_data.py 	<module>() 	Day Data Started
[2023-03-18 03:07:18,670] 	INFO 	68 	day_data.py 	<module>() 	Day Data Ended
[2023-03-18 03:07:19,602] 	INFO 	36 	pair_data.py 	<module>() 	Pair Data Started
[2023-03-18 03:09:02,022] 	INFO 	107 	pair_data.py 	<module>() 	Pair Data Ended
[2023-03-18 03:09:03,054] 	INFO 	39 	bribe_data.py 	<module>() 	Bribe Data Started
[2023-03-18 03:10:50,407] 	INFO 	138 	bribe_data.py 	<module>() 	Bribe Data Ended
[2023-03-18 03:10:51,106] 	INFO 	24 	revenue_data.py 	<module>() 	Revenue Data Started
[2023-03-18 03:10:57,040] 	INFO 	72 	revenue_data.py 	<module>() 	Revenue Data Ended
[2023-03-18 03:19:28,494] 	INFO 	23 	id_data.py 	<module>() 	ID Data Started
[2023-03-18 03:20:17,984] 	INFO 	74 	id_data.py 	<module>() 	ID Data Ended
