[2023-04-23 00:35:05,700] 	INFO 	26 	day_data.py 	<module>() 	Day Data Started
[2023-04-23 00:35:11,805] 	INFO 	68 	day_data.py 	<module>() 	Day Data Ended
[2023-04-23 00:35:13,086] 	INFO 	36 	pair_data.py 	<module>() 	Pair Data Started
[2023-04-23 00:37:39,946] 	INFO 	105 	pair_data.py 	<module>() 	Pair Data Ended
[2023-04-23 00:37:40,946] 	INFO 	39 	bribe_data.py 	<module>() 	Bribe Data Started
[2023-04-23 00:43:06,579] 	INFO 	150 	bribe_data.py 	<module>() 	Bribe Data Ended
[2023-04-23 00:43:07,315] 	INFO 	24 	revenue_data.py 	<module>() 	Revenue Data Started
[2023-04-23 00:43:16,294] 	INFO 	72 	revenue_data.py 	<module>() 	Revenue Data Ended
[2023-04-23 00:58:54,156] 	INFO 	23 	id_data_v2.py 	<module>() 	ID Data Started
[2023-04-23 01:01:06,849] 	INFO 	116 	id_data_v2.py 	<module>() 	ID Data Ended
[2023-04-23 02:07:32,857] 	INFO 	26 	day_data.py 	<module>() 	Day Data Started
[2023-04-23 02:07:37,980] 	INFO 	68 	day_data.py 	<module>() 	Day Data Ended
[2023-04-23 02:07:39,036] 	INFO 	36 	pair_data.py 	<module>() 	Pair Data Started
[2023-04-23 02:09:43,529] 	INFO 	105 	pair_data.py 	<module>() 	Pair Data Ended
[2023-04-23 02:09:44,477] 	INFO 	39 	bribe_data.py 	<module>() 	Bribe Data Started
[2023-04-23 02:12:43,836] 	INFO 	150 	bribe_data.py 	<module>() 	Bribe Data Ended
[2023-04-23 02:12:44,534] 	INFO 	24 	revenue_data.py 	<module>() 	Revenue Data Started
[2023-04-23 02:12:51,855] 	INFO 	72 	revenue_data.py 	<module>() 	Revenue Data Ended
[2023-04-23 02:14:27,844] 	INFO 	23 	id_data_v2.py 	<module>() 	ID Data Started
[2023-04-23 02:15:58,837] 	INFO 	116 	id_data_v2.py 	<module>() 	ID Data Ended
[2023-04-23 03:11:03,737] 	INFO 	23 	id_data_v2.py 	<module>() 	ID Data Started
[2023-04-23 03:12:48,873] 	INFO 	116 	id_data_v2.py 	<module>() 	ID Data Ended
[2023-04-23 04:12:34,202] 	INFO 	23 	id_data_v2.py 	<module>() 	ID Data Started
[2023-04-23 04:14:34,646] 	INFO 	116 	id_data_v2.py 	<module>() 	ID Data Ended
[2023-04-23 05:04:41,214] 	INFO 	26 	day_data.py 	<module>() 	Day Data Started
[2023-04-23 05:04:45,226] 	INFO 	68 	day_data.py 	<module>() 	Day Data Ended
[2023-04-23 05:04:46,220] 	INFO 	36 	pair_data.py 	<module>() 	Pair Data Started
[2023-04-23 05:06:48,124] 	INFO 	105 	pair_data.py 	<module>() 	Pair Data Ended
[2023-04-23 05:06:49,013] 	INFO 	39 	bribe_data.py 	<module>() 	Bribe Data Started
[2023-04-23 05:09:54,730] 	INFO 	150 	bribe_data.py 	<module>() 	Bribe Data Ended
[2023-04-23 05:09:55,370] 	INFO 	24 	revenue_data.py 	<module>() 	Revenue Data Started
[2023-04-23 05:09:58,767] 	INFO 	72 	revenue_data.py 	<module>() 	Revenue Data Ended
[2023-04-23 06:07:57,504] 	INFO 	26 	day_data.py 	<module>() 	Day Data Started
[2023-04-23 06:08:02,392] 	INFO 	68 	day_data.py 	<module>() 	Day Data Ended
[2023-04-23 06:08:03,752] 	INFO 	36 	pair_data.py 	<module>() 	Pair Data Started
[2023-04-23 06:09:59,316] 	INFO 	105 	pair_data.py 	<module>() 	Pair Data Ended
[2023-04-23 06:10:00,503] 	INFO 	39 	bribe_data.py 	<module>() 	Bribe Data Started
[2023-04-23 06:12:44,507] 	INFO 	150 	bribe_data.py 	<module>() 	Bribe Data Ended
[2023-04-23 06:12:45,436] 	INFO 	24 	revenue_data.py 	<module>() 	Revenue Data Started
[2023-04-23 06:12:52,944] 	INFO 	72 	revenue_data.py 	<module>() 	Revenue Data Ended
[2023-04-23 07:09:54,308] 	INFO 	23 	id_data_v2.py 	<module>() 	ID Data Started
[2023-04-23 07:11:47,117] 	INFO 	116 	id_data_v2.py 	<module>() 	ID Data Ended
[2023-04-23 08:07:21,205] 	INFO 	26 	day_data.py 	<module>() 	Day Data Started
[2023-04-23 08:07:26,398] 	INFO 	68 	day_data.py 	<module>() 	Day Data Ended
[2023-04-23 08:07:27,512] 	INFO 	36 	pair_data.py 	<module>() 	Pair Data Started
[2023-04-23 08:09:18,049] 	INFO 	105 	pair_data.py 	<module>() 	Pair Data Ended
[2023-04-23 08:09:19,024] 	INFO 	39 	bribe_data.py 	<module>() 	Bribe Data Started
[2023-04-23 08:11:57,735] 	INFO 	150 	bribe_data.py 	<module>() 	Bribe Data Ended
[2023-04-23 08:11:58,421] 	INFO 	24 	revenue_data.py 	<module>() 	Revenue Data Started
[2023-04-23 08:12:04,443] 	INFO 	72 	revenue_data.py 	<module>() 	Revenue Data Ended
[2023-04-23 09:09:36,746] 	INFO 	23 	id_data_v2.py 	<module>() 	ID Data Started
[2023-04-23 09:10:54,143] 	INFO 	116 	id_data_v2.py 	<module>() 	ID Data Ended
[2023-04-23 10:10:29,614] 	INFO 	23 	id_data_v2.py 	<module>() 	ID Data Started
[2023-04-23 10:12:07,352] 	INFO 	116 	id_data_v2.py 	<module>() 	ID Data Ended
[2023-04-23 11:03:00,097] 	INFO 	26 	day_data.py 	<module>() 	Day Data Started
[2023-04-23 11:03:04,696] 	INFO 	68 	day_data.py 	<module>() 	Day Data Ended
[2023-04-23 11:03:05,846] 	INFO 	36 	pair_data.py 	<module>() 	Pair Data Started
[2023-04-23 11:05:17,389] 	INFO 	105 	pair_data.py 	<module>() 	Pair Data Ended
[2023-04-23 11:05:18,299] 	INFO 	39 	bribe_data.py 	<module>() 	Bribe Data Started
[2023-04-23 11:08:15,521] 	INFO 	150 	bribe_data.py 	<module>() 	Bribe Data Ended
[2023-04-23 11:08:16,215] 	INFO 	24 	revenue_data.py 	<module>() 	Revenue Data Started
[2023-04-23 11:08:19,811] 	INFO 	72 	revenue_data.py 	<module>() 	Revenue Data Ended
[2023-04-23 12:10:12,489] 	INFO 	26 	day_data.py 	<module>() 	Day Data Started
[2023-04-23 12:10:17,647] 	INFO 	68 	day_data.py 	<module>() 	Day Data Ended
[2023-04-23 12:10:19,209] 	INFO 	36 	pair_data.py 	<module>() 	Pair Data Started
[2023-04-23 12:12:34,230] 	INFO 	105 	pair_data.py 	<module>() 	Pair Data Ended
[2023-04-23 12:12:35,512] 	INFO 	39 	bribe_data.py 	<module>() 	Bribe Data Started
[2023-04-23 12:16:33,282] 	INFO 	150 	bribe_data.py 	<module>() 	Bribe Data Ended
[2023-04-23 12:16:34,209] 	INFO 	24 	revenue_data.py 	<module>() 	Revenue Data Started
[2023-04-23 12:20:39,697] 	INFO 	72 	revenue_data.py 	<module>() 	Revenue Data Ended
[2023-04-23 13:11:43,366] 	INFO 	23 	id_data_v2.py 	<module>() 	ID Data Started
[2023-04-23 13:13:46,337] 	INFO 	116 	id_data_v2.py 	<module>() 	ID Data Ended
[2023-04-23 14:03:30,560] 	INFO 	26 	day_data.py 	<module>() 	Day Data Started
[2023-04-23 14:03:35,113] 	INFO 	68 	day_data.py 	<module>() 	Day Data Ended
[2023-04-23 14:03:36,321] 	INFO 	36 	pair_data.py 	<module>() 	Pair Data Started
[2023-04-23 14:05:42,360] 	INFO 	105 	pair_data.py 	<module>() 	Pair Data Ended
[2023-04-23 14:05:43,574] 	INFO 	39 	bribe_data.py 	<module>() 	Bribe Data Started
[2023-04-23 14:09:54,932] 	INFO 	150 	bribe_data.py 	<module>() 	Bribe Data Ended
[2023-04-23 14:09:55,824] 	INFO 	24 	revenue_data.py 	<module>() 	Revenue Data Started
[2023-04-23 14:10:01,055] 	INFO 	72 	revenue_data.py 	<module>() 	Revenue Data Ended
[2023-04-23 15:09:41,262] 	INFO 	23 	id_data_v2.py 	<module>() 	ID Data Started
[2023-04-23 15:10:58,263] 	INFO 	116 	id_data_v2.py 	<module>() 	ID Data Ended
[2023-04-23 16:06:41,485] 	INFO 	26 	day_data.py 	<module>() 	Day Data Started
[2023-04-23 16:06:45,327] 	INFO 	68 	day_data.py 	<module>() 	Day Data Ended
[2023-04-23 16:06:46,324] 	INFO 	36 	pair_data.py 	<module>() 	Pair Data Started
[2023-04-23 16:08:48,644] 	INFO 	105 	pair_data.py 	<module>() 	Pair Data Ended
[2023-04-23 16:08:49,609] 	INFO 	39 	bribe_data.py 	<module>() 	Bribe Data Started
[2023-04-23 16:13:51,380] 	INFO 	150 	bribe_data.py 	<module>() 	Bribe Data Ended
[2023-04-23 16:13:52,055] 	INFO 	24 	revenue_data.py 	<module>() 	Revenue Data Started
[2023-04-23 16:13:56,064] 	INFO 	72 	revenue_data.py 	<module>() 	Revenue Data Ended
[2023-04-23 17:08:43,139] 	INFO 	23 	id_data_v2.py 	<module>() 	ID Data Started
[2023-04-23 17:10:42,937] 	INFO 	116 	id_data_v2.py 	<module>() 	ID Data Ended
[2023-04-23 18:06:56,087] 	INFO 	26 	day_data.py 	<module>() 	Day Data Started
[2023-04-23 18:06:59,788] 	INFO 	68 	day_data.py 	<module>() 	Day Data Ended
[2023-04-23 18:07:01,132] 	INFO 	36 	pair_data.py 	<module>() 	Pair Data Started
[2023-04-23 18:09:12,316] 	INFO 	105 	pair_data.py 	<module>() 	Pair Data Ended
[2023-04-23 18:09:13,431] 	INFO 	39 	bribe_data.py 	<module>() 	Bribe Data Started
[2023-04-23 18:12:32,219] 	INFO 	150 	bribe_data.py 	<module>() 	Bribe Data Ended
[2023-04-23 18:12:33,042] 	INFO 	24 	revenue_data.py 	<module>() 	Revenue Data Started
[2023-04-23 18:12:38,686] 	INFO 	72 	revenue_data.py 	<module>() 	Revenue Data Ended
[2023-04-23 19:03:09,498] 	INFO 	26 	day_data.py 	<module>() 	Day Data Started
[2023-04-23 19:03:14,048] 	INFO 	68 	day_data.py 	<module>() 	Day Data Ended
[2023-04-23 19:03:15,009] 	INFO 	36 	pair_data.py 	<module>() 	Pair Data Started
[2023-04-23 19:05:23,528] 	INFO 	105 	pair_data.py 	<module>() 	Pair Data Ended
[2023-04-23 19:05:24,453] 	INFO 	39 	bribe_data.py 	<module>() 	Bribe Data Started
[2023-04-23 19:08:23,855] 	INFO 	150 	bribe_data.py 	<module>() 	Bribe Data Ended
[2023-04-23 19:08:24,517] 	INFO 	24 	revenue_data.py 	<module>() 	Revenue Data Started
[2023-04-23 19:08:29,902] 	INFO 	72 	revenue_data.py 	<module>() 	Revenue Data Ended
[2023-04-23 20:05:56,371] 	INFO 	26 	day_data.py 	<module>() 	Day Data Started
[2023-04-23 20:06:00,993] 	INFO 	68 	day_data.py 	<module>() 	Day Data Ended
[2023-04-23 20:06:02,377] 	INFO 	36 	pair_data.py 	<module>() 	Pair Data Started
[2023-04-23 20:08:10,435] 	INFO 	105 	pair_data.py 	<module>() 	Pair Data Ended
[2023-04-23 20:08:11,525] 	INFO 	39 	bribe_data.py 	<module>() 	Bribe Data Started
[2023-04-23 20:11:31,286] 	INFO 	150 	bribe_data.py 	<module>() 	Bribe Data Ended
[2023-04-23 20:11:32,087] 	INFO 	24 	revenue_data.py 	<module>() 	Revenue Data Started
[2023-04-23 20:11:36,940] 	INFO 	72 	revenue_data.py 	<module>() 	Revenue Data Ended
[2023-04-23 21:08:51,763] 	INFO 	23 	id_data_v2.py 	<module>() 	ID Data Started
[2023-04-23 21:10:48,394] 	INFO 	116 	id_data_v2.py 	<module>() 	ID Data Ended
