[2023-05-02 00:31:44,830] 	INFO 	26 	day_data.py 	<module>() 	Day Data Started
[2023-05-02 00:31:49,637] 	INFO 	68 	day_data.py 	<module>() 	Day Data Ended
[2023-05-02 00:31:51,164] 	INFO 	36 	pair_data.py 	<module>() 	Pair Data Started
[2023-05-02 00:34:14,525] 	INFO 	105 	pair_data.py 	<module>() 	Pair Data Ended
[2023-05-02 00:34:15,543] 	INFO 	39 	bribe_data.py 	<module>() 	Bribe Data Started
[2023-05-02 00:40:37,443] 	INFO 	150 	bribe_data.py 	<module>() 	Bribe Data Ended
[2023-05-02 00:40:38,169] 	INFO 	24 	revenue_data.py 	<module>() 	Revenue Data Started
[2023-05-02 00:40:44,067] 	INFO 	72 	revenue_data.py 	<module>() 	Revenue Data Ended
[2023-05-02 00:55:42,505] 	INFO 	23 	id_data_v2.py 	<module>() 	ID Data Started
[2023-05-02 00:57:09,796] 	INFO 	119 	id_data_v2.py 	<module>() 	ID Data Ended
[2023-05-02 01:57:28,491] 	INFO 	26 	day_data.py 	<module>() 	Day Data Started
[2023-05-02 01:57:33,557] 	INFO 	68 	day_data.py 	<module>() 	Day Data Ended
[2023-05-02 01:57:34,739] 	INFO 	36 	pair_data.py 	<module>() 	Pair Data Started
[2023-05-02 01:59:40,604] 	INFO 	105 	pair_data.py 	<module>() 	Pair Data Ended
[2023-05-02 01:59:41,543] 	INFO 	39 	bribe_data.py 	<module>() 	Bribe Data Started
[2023-05-02 02:03:07,020] 	INFO 	150 	bribe_data.py 	<module>() 	Bribe Data Ended
[2023-05-02 02:03:07,735] 	INFO 	24 	revenue_data.py 	<module>() 	Revenue Data Started
[2023-05-02 02:03:12,593] 	INFO 	72 	revenue_data.py 	<module>() 	Revenue Data Ended
[2023-05-02 02:27:53,618] 	INFO 	26 	day_data.py 	<module>() 	Day Data Started
[2023-05-02 02:27:58,761] 	INFO 	68 	day_data.py 	<module>() 	Day Data Ended
[2023-05-02 02:27:59,827] 	INFO 	36 	pair_data.py 	<module>() 	Pair Data Started
[2023-05-02 02:30:00,312] 	INFO 	105 	pair_data.py 	<module>() 	Pair Data Ended
[2023-05-02 02:30:01,278] 	INFO 	39 	bribe_data.py 	<module>() 	Bribe Data Started
[2023-05-02 02:33:25,593] 	INFO 	150 	bribe_data.py 	<module>() 	Bribe Data Ended
[2023-05-02 02:33:26,297] 	INFO 	24 	revenue_data.py 	<module>() 	Revenue Data Started
[2023-05-02 02:33:32,324] 	INFO 	72 	revenue_data.py 	<module>() 	Revenue Data Ended
[2023-05-02 03:11:40,886] 	INFO 	23 	id_data_v2.py 	<module>() 	ID Data Started
[2023-05-02 03:13:23,389] 	INFO 	119 	id_data_v2.py 	<module>() 	ID Data Ended
[2023-05-02 04:07:21,720] 	INFO 	26 	day_data.py 	<module>() 	Day Data Started
[2023-05-02 04:07:26,613] 	INFO 	68 	day_data.py 	<module>() 	Day Data Ended
[2023-05-02 04:07:27,868] 	INFO 	36 	pair_data.py 	<module>() 	Pair Data Started
[2023-05-02 04:09:49,595] 	INFO 	105 	pair_data.py 	<module>() 	Pair Data Ended
[2023-05-02 04:09:50,689] 	INFO 	39 	bribe_data.py 	<module>() 	Bribe Data Started
[2023-05-02 04:14:14,881] 	INFO 	150 	bribe_data.py 	<module>() 	Bribe Data Ended
[2023-05-02 04:14:15,701] 	INFO 	24 	revenue_data.py 	<module>() 	Revenue Data Started
[2023-05-02 04:14:21,016] 	INFO 	72 	revenue_data.py 	<module>() 	Revenue Data Ended
[2023-05-02 05:09:55,838] 	INFO 	23 	id_data_v2.py 	<module>() 	ID Data Started
[2023-05-02 05:11:18,240] 	INFO 	119 	id_data_v2.py 	<module>() 	ID Data Ended
[2023-05-02 06:07:59,001] 	INFO 	26 	day_data.py 	<module>() 	Day Data Started
[2023-05-02 06:08:03,451] 	INFO 	68 	day_data.py 	<module>() 	Day Data Ended
[2023-05-02 06:08:04,763] 	INFO 	36 	pair_data.py 	<module>() 	Pair Data Started
[2023-05-02 06:10:13,913] 	INFO 	105 	pair_data.py 	<module>() 	Pair Data Ended
[2023-05-02 06:10:14,846] 	INFO 	39 	bribe_data.py 	<module>() 	Bribe Data Started
[2023-05-02 06:13:35,626] 	INFO 	150 	bribe_data.py 	<module>() 	Bribe Data Ended
[2023-05-02 06:13:36,294] 	INFO 	24 	revenue_data.py 	<module>() 	Revenue Data Started
[2023-05-02 06:13:41,635] 	INFO 	72 	revenue_data.py 	<module>() 	Revenue Data Ended
[2023-05-02 07:09:41,440] 	INFO 	23 	id_data_v2.py 	<module>() 	ID Data Started
[2023-05-02 07:11:06,796] 	INFO 	119 	id_data_v2.py 	<module>() 	ID Data Ended
[2023-05-02 08:08:14,374] 	INFO 	26 	day_data.py 	<module>() 	Day Data Started
[2023-05-02 08:08:19,014] 	INFO 	68 	day_data.py 	<module>() 	Day Data Ended
[2023-05-02 08:08:20,179] 	INFO 	36 	pair_data.py 	<module>() 	Pair Data Started
[2023-05-02 08:10:28,506] 	INFO 	105 	pair_data.py 	<module>() 	Pair Data Ended
[2023-05-02 08:10:29,439] 	INFO 	39 	bribe_data.py 	<module>() 	Bribe Data Started
[2023-05-02 08:14:30,315] 	INFO 	150 	bribe_data.py 	<module>() 	Bribe Data Ended
[2023-05-02 08:14:30,995] 	INFO 	24 	revenue_data.py 	<module>() 	Revenue Data Started
[2023-05-02 08:14:36,144] 	INFO 	72 	revenue_data.py 	<module>() 	Revenue Data Ended
[2023-05-02 09:10:33,584] 	INFO 	23 	id_data_v2.py 	<module>() 	ID Data Started
[2023-05-02 09:11:54,638] 	INFO 	119 	id_data_v2.py 	<module>() 	ID Data Ended
[2023-05-02 10:06:11,843] 	INFO 	26 	day_data.py 	<module>() 	Day Data Started
[2023-05-02 10:06:16,510] 	INFO 	68 	day_data.py 	<module>() 	Day Data Ended
[2023-05-02 10:06:17,867] 	INFO 	36 	pair_data.py 	<module>() 	Pair Data Started
[2023-05-02 10:08:46,322] 	INFO 	105 	pair_data.py 	<module>() 	Pair Data Ended
[2023-05-02 10:08:47,294] 	INFO 	39 	bribe_data.py 	<module>() 	Bribe Data Started
[2023-05-02 10:12:20,162] 	INFO 	150 	bribe_data.py 	<module>() 	Bribe Data Ended
[2023-05-02 10:12:20,853] 	INFO 	24 	revenue_data.py 	<module>() 	Revenue Data Started
[2023-05-02 10:12:27,006] 	INFO 	72 	revenue_data.py 	<module>() 	Revenue Data Ended
[2023-05-02 11:09:23,380] 	INFO 	23 	id_data_v2.py 	<module>() 	ID Data Started
[2023-05-02 11:11:51,555] 	INFO 	119 	id_data_v2.py 	<module>() 	ID Data Ended
[2023-05-02 12:11:48,506] 	INFO 	26 	day_data.py 	<module>() 	Day Data Started
[2023-05-02 12:11:53,248] 	INFO 	68 	day_data.py 	<module>() 	Day Data Ended
[2023-05-02 12:11:54,533] 	INFO 	36 	pair_data.py 	<module>() 	Pair Data Started
[2023-05-02 12:14:33,114] 	INFO 	105 	pair_data.py 	<module>() 	Pair Data Ended
[2023-05-02 12:14:34,246] 	INFO 	39 	bribe_data.py 	<module>() 	Bribe Data Started
[2023-05-02 12:20:44,791] 	INFO 	150 	bribe_data.py 	<module>() 	Bribe Data Ended
[2023-05-02 12:20:45,653] 	INFO 	24 	revenue_data.py 	<module>() 	Revenue Data Started
[2023-05-02 12:20:53,126] 	INFO 	72 	revenue_data.py 	<module>() 	Revenue Data Ended
[2023-05-02 13:09:23,023] 	INFO 	26 	day_data.py 	<module>() 	Day Data Started
[2023-05-02 13:09:26,776] 	INFO 	68 	day_data.py 	<module>() 	Day Data Ended
[2023-05-02 13:09:28,015] 	INFO 	36 	pair_data.py 	<module>() 	Pair Data Started
[2023-05-02 13:11:37,655] 	INFO 	105 	pair_data.py 	<module>() 	Pair Data Ended
[2023-05-02 13:11:38,630] 	INFO 	39 	bribe_data.py 	<module>() 	Bribe Data Started
[2023-05-02 13:15:16,856] 	INFO 	150 	bribe_data.py 	<module>() 	Bribe Data Ended
[2023-05-02 13:15:17,564] 	INFO 	24 	revenue_data.py 	<module>() 	Revenue Data Started
[2023-05-02 13:15:24,751] 	INFO 	72 	revenue_data.py 	<module>() 	Revenue Data Ended
[2023-05-02 14:05:00,584] 	INFO 	26 	day_data.py 	<module>() 	Day Data Started
[2023-05-02 14:05:06,113] 	INFO 	68 	day_data.py 	<module>() 	Day Data Ended
[2023-05-02 14:05:07,453] 	INFO 	36 	pair_data.py 	<module>() 	Pair Data Started
[2023-05-02 14:07:39,663] 	INFO 	105 	pair_data.py 	<module>() 	Pair Data Ended
[2023-05-02 14:07:40,805] 	INFO 	39 	bribe_data.py 	<module>() 	Bribe Data Started
[2023-05-02 14:11:46,637] 	INFO 	150 	bribe_data.py 	<module>() 	Bribe Data Ended
[2023-05-02 14:11:47,478] 	INFO 	24 	revenue_data.py 	<module>() 	Revenue Data Started
[2023-05-02 14:11:57,287] 	INFO 	72 	revenue_data.py 	<module>() 	Revenue Data Ended
[2023-05-02 15:12:09,357] 	INFO 	23 	id_data_v2.py 	<module>() 	ID Data Started
[2023-05-02 15:13:51,695] 	INFO 	119 	id_data_v2.py 	<module>() 	ID Data Ended
[2023-05-02 16:07:35,461] 	INFO 	26 	day_data.py 	<module>() 	Day Data Started
[2023-05-02 16:07:40,235] 	INFO 	68 	day_data.py 	<module>() 	Day Data Ended
[2023-05-02 16:07:41,504] 	INFO 	36 	pair_data.py 	<module>() 	Pair Data Started
[2023-05-02 16:10:18,721] 	INFO 	105 	pair_data.py 	<module>() 	Pair Data Ended
[2023-05-02 16:10:19,619] 	INFO 	39 	bribe_data.py 	<module>() 	Bribe Data Started
[2023-05-02 16:14:26,160] 	INFO 	150 	bribe_data.py 	<module>() 	Bribe Data Ended
[2023-05-02 16:14:26,803] 	INFO 	24 	revenue_data.py 	<module>() 	Revenue Data Started
[2023-05-02 16:14:30,257] 	INFO 	72 	revenue_data.py 	<module>() 	Revenue Data Ended
[2023-05-02 17:04:08,522] 	INFO 	26 	day_data.py 	<module>() 	Day Data Started
[2023-05-02 17:04:12,790] 	INFO 	68 	day_data.py 	<module>() 	Day Data Ended
[2023-05-02 17:04:14,029] 	INFO 	36 	pair_data.py 	<module>() 	Pair Data Started
[2023-05-02 17:06:44,585] 	INFO 	105 	pair_data.py 	<module>() 	Pair Data Ended
[2023-05-02 17:06:45,718] 	INFO 	39 	bribe_data.py 	<module>() 	Bribe Data Started
[2023-05-02 17:11:27,254] 	INFO 	150 	bribe_data.py 	<module>() 	Bribe Data Ended
[2023-05-02 17:11:28,063] 	INFO 	24 	revenue_data.py 	<module>() 	Revenue Data Started
[2023-05-02 17:11:35,561] 	INFO 	72 	revenue_data.py 	<module>() 	Revenue Data Ended
[2023-05-02 18:12:31,733] 	INFO 	23 	id_data_v2.py 	<module>() 	ID Data Started
[2023-05-02 18:14:12,027] 	INFO 	119 	id_data_v2.py 	<module>() 	ID Data Ended
[2023-05-02 19:08:50,867] 	INFO 	23 	id_data_v2.py 	<module>() 	ID Data Started
[2023-05-02 19:10:26,047] 	INFO 	119 	id_data_v2.py 	<module>() 	ID Data Ended
[2023-05-02 20:10:41,942] 	INFO 	23 	id_data_v2.py 	<module>() 	ID Data Started
[2023-05-02 20:12:16,409] 	INFO 	119 	id_data_v2.py 	<module>() 	ID Data Ended
[2023-05-02 21:04:09,894] 	INFO 	26 	day_data.py 	<module>() 	Day Data Started
[2023-05-02 21:04:14,553] 	INFO 	68 	day_data.py 	<module>() 	Day Data Ended
[2023-05-02 21:04:16,630] 	INFO 	36 	pair_data.py 	<module>() 	Pair Data Started
[2023-05-02 21:06:52,233] 	INFO 	105 	pair_data.py 	<module>() 	Pair Data Ended
[2023-05-02 21:06:53,485] 	INFO 	39 	bribe_data.py 	<module>() 	Bribe Data Started
[2023-05-02 21:10:41,356] 	INFO 	150 	bribe_data.py 	<module>() 	Bribe Data Ended
[2023-05-02 21:10:42,218] 	INFO 	24 	revenue_data.py 	<module>() 	Revenue Data Started
[2023-05-02 21:10:49,896] 	INFO 	72 	revenue_data.py 	<module>() 	Revenue Data Ended
[2023-05-02 22:04:34,433] 	INFO 	26 	day_data.py 	<module>() 	Day Data Started
[2023-05-02 22:04:39,180] 	INFO 	68 	day_data.py 	<module>() 	Day Data Ended
[2023-05-02 22:04:40,459] 	INFO 	36 	pair_data.py 	<module>() 	Pair Data Started
[2023-05-02 22:07:02,786] 	INFO 	105 	pair_data.py 	<module>() 	Pair Data Ended
[2023-05-02 22:07:03,767] 	INFO 	39 	bribe_data.py 	<module>() 	Bribe Data Started
[2023-05-02 22:11:10,242] 	INFO 	150 	bribe_data.py 	<module>() 	Bribe Data Ended
[2023-05-02 22:11:10,928] 	INFO 	24 	revenue_data.py 	<module>() 	Revenue Data Started
[2023-05-02 22:11:15,295] 	INFO 	72 	revenue_data.py 	<module>() 	Revenue Data Ended
[2023-05-02 23:04:28,363] 	INFO 	26 	day_data.py 	<module>() 	Day Data Started
[2023-05-02 23:04:32,581] 	INFO 	68 	day_data.py 	<module>() 	Day Data Ended
[2023-05-02 23:04:33,537] 	INFO 	36 	pair_data.py 	<module>() 	Pair Data Started
[2023-05-02 23:06:55,463] 	INFO 	105 	pair_data.py 	<module>() 	Pair Data Ended
[2023-05-02 23:06:56,375] 	INFO 	39 	bribe_data.py 	<module>() 	Bribe Data Started
[2023-05-02 23:10:53,917] 	INFO 	150 	bribe_data.py 	<module>() 	Bribe Data Ended
[2023-05-02 23:10:54,591] 	INFO 	24 	revenue_data.py 	<module>() 	Revenue Data Started
[2023-05-02 23:11:02,184] 	INFO 	72 	revenue_data.py 	<module>() 	Revenue Data Ended
