[2023-08-01 00:39:39,915] 	INFO 	26 	day_data.py 	<module>() 	Day Data Started
[2023-08-01 00:39:43,070] 	INFO 	73 	day_data.py 	<module>() 	Day Data Ended
[2023-08-01 00:39:43,070] 	INFO 	79 	day_data.py 	<module>() 	Day Data Fusion Started
[2023-08-01 00:39:46,385] 	INFO 	126 	day_data.py 	<module>() 	Day Data Fusion Ended
[2023-08-01 00:39:46,385] 	INFO 	133 	day_data.py 	<module>() 	Day Data Combined Started
[2023-08-01 00:39:48,281] 	INFO 	161 	day_data.py 	<module>() 	Day Data Combined Ended
[2023-08-01 00:39:49,384] 	INFO 	37 	pair_data.py 	<module>() 	Pair Data Started
[2023-08-01 00:41:04,382] 	INFO 	107 	pair_data.py 	<module>() 	Pair Data Ended
[2023-08-01 00:41:04,382] 	INFO 	123 	pair_data.py 	<module>() 	Pair Data Fusion Started
[2023-08-01 00:41:33,282] 	INFO 	190 	pair_data.py 	<module>() 	Pair Data Fusion Ended
[2023-08-01 00:41:33,283] 	INFO 	197 	pair_data.py 	<module>() 	Pair Data Combined Started
[2023-08-01 00:41:44,799] 	INFO 	227 	pair_data.py 	<module>() 	Pair Data Combined Ended
[2023-08-01 00:41:45,835] 	INFO 	39 	bribe_data.py 	<module>() 	Bribe Data Started
[2023-08-01 00:51:58,550] 	INFO 	150 	bribe_data.py 	<module>() 	Bribe Data Ended
[2023-08-01 00:51:59,275] 	INFO 	24 	revenue_data.py 	<module>() 	Revenue Data Started
[2023-08-01 00:52:11,152] 	INFO 	72 	revenue_data.py 	<module>() 	Revenue Data Ended
[2023-08-01 01:00:46,780] 	INFO 	23 	id_data_v2.py 	<module>() 	ID Data Started
[2023-08-01 01:02:55,057] 	INFO 	120 	id_data_v2.py 	<module>() 	ID Data Ended
[2023-08-01 01:14:09,909] 	INFO 	39 	fee_data.py 	<module>() 	Fee Data Started
[2023-08-01 01:19:13,109] 	INFO 	139 	fee_data.py 	<module>() 	Fee Data Ended
[2023-08-01 02:04:54,115] 	INFO 	26 	day_data.py 	<module>() 	Day Data Started
[2023-08-01 02:04:57,722] 	INFO 	73 	day_data.py 	<module>() 	Day Data Ended
[2023-08-01 02:04:57,722] 	INFO 	79 	day_data.py 	<module>() 	Day Data Fusion Started
[2023-08-01 02:05:01,279] 	INFO 	126 	day_data.py 	<module>() 	Day Data Fusion Ended
[2023-08-01 02:05:01,279] 	INFO 	133 	day_data.py 	<module>() 	Day Data Combined Started
[2023-08-01 02:05:03,890] 	INFO 	161 	day_data.py 	<module>() 	Day Data Combined Ended
[2023-08-01 02:05:05,196] 	INFO 	37 	pair_data.py 	<module>() 	Pair Data Started
[2023-08-01 02:06:12,513] 	INFO 	107 	pair_data.py 	<module>() 	Pair Data Ended
[2023-08-01 02:06:12,514] 	INFO 	123 	pair_data.py 	<module>() 	Pair Data Fusion Started
[2023-08-01 02:06:36,872] 	INFO 	190 	pair_data.py 	<module>() 	Pair Data Fusion Ended
[2023-08-01 02:06:36,872] 	INFO 	197 	pair_data.py 	<module>() 	Pair Data Combined Started
[2023-08-01 02:06:51,411] 	INFO 	227 	pair_data.py 	<module>() 	Pair Data Combined Ended
[2023-08-01 02:06:52,592] 	INFO 	39 	bribe_data.py 	<module>() 	Bribe Data Started
[2023-08-01 02:12:07,813] 	INFO 	150 	bribe_data.py 	<module>() 	Bribe Data Ended
[2023-08-01 02:12:08,672] 	INFO 	24 	revenue_data.py 	<module>() 	Revenue Data Started
[2023-08-01 02:12:17,945] 	INFO 	72 	revenue_data.py 	<module>() 	Revenue Data Ended
[2023-08-01 02:33:41,762] 	INFO 	23 	id_data_v2.py 	<module>() 	ID Data Started
[2023-08-01 02:37:38,630] 	INFO 	120 	id_data_v2.py 	<module>() 	ID Data Ended
[2023-08-01 03:11:24,139] 	INFO 	23 	id_data_v2.py 	<module>() 	ID Data Started
[2023-08-01 03:13:27,012] 	INFO 	120 	id_data_v2.py 	<module>() 	ID Data Ended
[2023-08-01 03:14:16,985] 	INFO 	39 	fee_data.py 	<module>() 	Fee Data Started
[2023-08-01 03:23:33,520] 	INFO 	139 	fee_data.py 	<module>() 	Fee Data Ended
[2023-08-01 04:12:30,674] 	INFO 	23 	id_data_v2.py 	<module>() 	ID Data Started
[2023-08-01 04:14:30,537] 	INFO 	120 	id_data_v2.py 	<module>() 	ID Data Ended
[2023-08-01 04:15:43,982] 	INFO 	39 	fee_data.py 	<module>() 	Fee Data Started
[2023-08-01 04:20:33,201] 	INFO 	139 	fee_data.py 	<module>() 	Fee Data Ended
[2023-08-01 05:09:56,255] 	INFO 	23 	id_data_v2.py 	<module>() 	ID Data Started
[2023-08-01 05:13:17,466] 	INFO 	120 	id_data_v2.py 	<module>() 	ID Data Ended
[2023-08-01 06:14:54,304] 	INFO 	23 	id_data_v2.py 	<module>() 	ID Data Started
[2023-08-01 06:18:29,744] 	INFO 	120 	id_data_v2.py 	<module>() 	ID Data Ended
[2023-08-01 07:10:37,642] 	INFO 	23 	id_data_v2.py 	<module>() 	ID Data Started
[2023-08-01 07:12:51,160] 	INFO 	120 	id_data_v2.py 	<module>() 	ID Data Ended
[2023-08-01 08:08:25,473] 	INFO 	26 	day_data.py 	<module>() 	Day Data Started
[2023-08-01 08:08:27,964] 	INFO 	73 	day_data.py 	<module>() 	Day Data Ended
[2023-08-01 08:08:27,964] 	INFO 	79 	day_data.py 	<module>() 	Day Data Fusion Started
[2023-08-01 08:08:30,009] 	INFO 	126 	day_data.py 	<module>() 	Day Data Fusion Ended
[2023-08-01 08:08:30,009] 	INFO 	133 	day_data.py 	<module>() 	Day Data Combined Started
[2023-08-01 08:08:32,916] 	INFO 	161 	day_data.py 	<module>() 	Day Data Combined Ended
[2023-08-01 08:08:34,096] 	INFO 	37 	pair_data.py 	<module>() 	Pair Data Started
[2023-08-01 08:09:36,917] 	INFO 	107 	pair_data.py 	<module>() 	Pair Data Ended
[2023-08-01 08:09:36,917] 	INFO 	123 	pair_data.py 	<module>() 	Pair Data Fusion Started
[2023-08-01 08:10:12,880] 	INFO 	190 	pair_data.py 	<module>() 	Pair Data Fusion Ended
[2023-08-01 08:10:12,880] 	INFO 	197 	pair_data.py 	<module>() 	Pair Data Combined Started
[2023-08-01 08:10:25,830] 	INFO 	227 	pair_data.py 	<module>() 	Pair Data Combined Ended
[2023-08-01 08:10:26,755] 	INFO 	39 	bribe_data.py 	<module>() 	Bribe Data Started
[2023-08-01 08:15:00,123] 	INFO 	150 	bribe_data.py 	<module>() 	Bribe Data Ended
[2023-08-01 08:15:00,759] 	INFO 	24 	revenue_data.py 	<module>() 	Revenue Data Started
[2023-08-01 08:15:06,918] 	INFO 	72 	revenue_data.py 	<module>() 	Revenue Data Ended
[2023-08-01 08:16:47,194] 	INFO 	39 	fee_data.py 	<module>() 	Fee Data Started
[2023-08-01 08:25:17,084] 	INFO 	139 	fee_data.py 	<module>() 	Fee Data Ended
[2023-08-01 09:10:22,876] 	INFO 	23 	id_data_v2.py 	<module>() 	ID Data Started
[2023-08-01 09:12:16,616] 	INFO 	120 	id_data_v2.py 	<module>() 	ID Data Ended
[2023-08-01 09:13:14,497] 	INFO 	39 	fee_data.py 	<module>() 	Fee Data Started
[2023-08-01 09:21:27,966] 	INFO 	139 	fee_data.py 	<module>() 	Fee Data Ended
[2023-08-01 10:11:15,335] 	INFO 	23 	id_data_v2.py 	<module>() 	ID Data Started
[2023-08-01 10:13:22,911] 	INFO 	120 	id_data_v2.py 	<module>() 	ID Data Ended
[2023-08-01 11:03:49,701] 	INFO 	26 	day_data.py 	<module>() 	Day Data Started
[2023-08-01 11:03:52,502] 	INFO 	73 	day_data.py 	<module>() 	Day Data Ended
[2023-08-01 11:03:52,503] 	INFO 	79 	day_data.py 	<module>() 	Day Data Fusion Started
[2023-08-01 11:03:54,817] 	INFO 	126 	day_data.py 	<module>() 	Day Data Fusion Ended
[2023-08-01 11:03:54,817] 	INFO 	133 	day_data.py 	<module>() 	Day Data Combined Started
[2023-08-01 11:03:57,070] 	INFO 	161 	day_data.py 	<module>() 	Day Data Combined Ended
[2023-08-01 11:03:58,410] 	INFO 	37 	pair_data.py 	<module>() 	Pair Data Started
[2023-08-01 11:05:12,702] 	INFO 	107 	pair_data.py 	<module>() 	Pair Data Ended
[2023-08-01 11:05:12,703] 	INFO 	123 	pair_data.py 	<module>() 	Pair Data Fusion Started
[2023-08-01 11:05:38,507] 	INFO 	190 	pair_data.py 	<module>() 	Pair Data Fusion Ended
[2023-08-01 11:05:38,507] 	INFO 	197 	pair_data.py 	<module>() 	Pair Data Combined Started
[2023-08-01 11:05:55,464] 	INFO 	227 	pair_data.py 	<module>() 	Pair Data Combined Ended
[2023-08-01 11:05:56,612] 	INFO 	39 	bribe_data.py 	<module>() 	Bribe Data Started
[2023-08-01 11:10:38,880] 	INFO 	150 	bribe_data.py 	<module>() 	Bribe Data Ended
[2023-08-01 11:10:39,766] 	INFO 	24 	revenue_data.py 	<module>() 	Revenue Data Started
[2023-08-01 11:10:50,791] 	INFO 	72 	revenue_data.py 	<module>() 	Revenue Data Ended
[2023-08-01 12:11:33,889] 	INFO 	26 	day_data.py 	<module>() 	Day Data Started
[2023-08-01 12:11:37,262] 	INFO 	73 	day_data.py 	<module>() 	Day Data Ended
[2023-08-01 12:11:37,262] 	INFO 	79 	day_data.py 	<module>() 	Day Data Fusion Started
[2023-08-01 12:11:40,472] 	INFO 	126 	day_data.py 	<module>() 	Day Data Fusion Ended
[2023-08-01 12:11:40,472] 	INFO 	133 	day_data.py 	<module>() 	Day Data Combined Started
[2023-08-01 12:11:42,160] 	INFO 	161 	day_data.py 	<module>() 	Day Data Combined Ended
[2023-08-01 12:11:43,927] 	INFO 	37 	pair_data.py 	<module>() 	Pair Data Started
[2023-08-01 12:13:04,883] 	INFO 	107 	pair_data.py 	<module>() 	Pair Data Ended
[2023-08-01 12:13:04,883] 	INFO 	123 	pair_data.py 	<module>() 	Pair Data Fusion Started
[2023-08-01 12:13:31,197] 	INFO 	190 	pair_data.py 	<module>() 	Pair Data Fusion Ended
[2023-08-01 12:13:31,197] 	INFO 	197 	pair_data.py 	<module>() 	Pair Data Combined Started
[2023-08-01 12:13:51,647] 	INFO 	227 	pair_data.py 	<module>() 	Pair Data Combined Ended
[2023-08-01 12:13:53,098] 	INFO 	39 	bribe_data.py 	<module>() 	Bribe Data Started
[2023-08-01 12:19:15,738] 	INFO 	150 	bribe_data.py 	<module>() 	Bribe Data Ended
[2023-08-01 12:19:16,771] 	INFO 	24 	revenue_data.py 	<module>() 	Revenue Data Started
[2023-08-01 12:19:29,075] 	INFO 	72 	revenue_data.py 	<module>() 	Revenue Data Ended
[2023-08-01 12:21:09,271] 	INFO 	23 	id_data_v2.py 	<module>() 	ID Data Started
[2023-08-01 12:23:18,401] 	INFO 	120 	id_data_v2.py 	<module>() 	ID Data Ended
[2023-08-01 12:26:58,681] 	INFO 	39 	fee_data.py 	<module>() 	Fee Data Started
[2023-08-01 12:35:11,733] 	INFO 	139 	fee_data.py 	<module>() 	Fee Data Ended
[2023-08-01 13:13:25,962] 	INFO 	23 	id_data_v2.py 	<module>() 	ID Data Started
[2023-08-01 13:15:45,548] 	INFO 	120 	id_data_v2.py 	<module>() 	ID Data Ended
[2023-08-01 13:16:43,286] 	INFO 	39 	fee_data.py 	<module>() 	Fee Data Started
[2023-08-01 13:21:44,806] 	INFO 	139 	fee_data.py 	<module>() 	Fee Data Ended
